mission_file_path	=	"C:\\Users\\dedig\\Saved Games\\DCS\\Missions\\test-unit-group-script.miz"
callsign	=	"New callsign"
world_state = 
{
	[1] = 
	{
		alt	=	2058.37109375,
		type	=	"F-16C_50",
		groupId	=	2,
		heading	=	4.4601418415653,
		y	=	-110355.4375,
		goto	=	1,
		coalition	=	"red",
		x	=	37184.73046875,
		speed	=	220.97222900391,
		payload = 
		{
			pylons = 	{},
			fuel	=	1106,
			flare	=	56,
			ammo_type	=	5,
			chaff	=	60,
			gun	=	91,
		}, -- end of payload
		N_obj	=	1,
		inAir	=	true,
		unitId	=	2,
		country	=	0,
	}, -- end of [1]
	[2] = 
	{
		alt	=	2057.9194335938,
		type	=	"F-16C_50",
		groupId	=	2,
		heading	=	4.4653976599323,
		y	=	-109037.171875,
		goto	=	1,
		coalition	=	"red",
		x	=	38601.76171875,
		speed	=	242.46618652344,
		payload = 
		{
			pylons = 	{},
			fuel	=	1050,
			flare	=	0,
			ammo_type	=	5,
			chaff	=	60,
			gun	=	98,
		}, -- end of payload
		N_obj	=	2,
		inAir	=	true,
		unitId	=	6,
		country	=	0,
	}, -- end of [2]
	[3] = 
	{
		alt	=	2059.0651855469,
		type	=	"F-16C_50",
		groupId	=	2,
		heading	=	4.4601995388614,
		y	=	-109704.84375,
		goto	=	1,
		coalition	=	"red",
		x	=	39528.72265625,
		speed	=	220.17245483398,
		payload = 
		{
			pylons = 	{},
			fuel	=	1184,
			flare	=	50,
			ammo_type	=	5,
			chaff	=	60,
			gun	=	100,
		}, -- end of payload
		N_obj	=	3,
		inAir	=	true,
		unitId	=	7,
		country	=	0,
	}, -- end of [3]
	[4] = 
	{
		alt	=	4024.611328125,
		type	=	"F-16C_50",
		groupId	=	2,
		heading	=	6.2144491563188,
		y	=	-95864.7890625,
		goto	=	1,
		coalition	=	"red",
		x	=	43328.39453125,
		speed	=	216.06031799316,
		payload = 
		{
			pylons = 	{},
			fuel	=	641,
			flare	=	48,
			ammo_type	=	5,
			chaff	=	60,
			gun	=	100,
		}, -- end of payload
		N_obj	=	4,
		inAir	=	true,
		unitId	=	8,
		country	=	0,
	}, -- end of [4]
	[5] = 
	{
		alt	=	4239.3833007812,
		type	=	"F-15C",
		groupId	=	1,
		heading	=	4.6695174614536,
		y	=	-111636.4296875,
		coalition	=	"blue",
		x	=	42480.296875,
		speed	=	216.32655334473,
		payload = 
		{
			pylons = 	{},
			fuel	=	3356,
			flare	=	0,
			chaff	=	0,
			gun	=	90,
		}, -- end of payload
		N_obj	=	2,
		inAir	=	true,
		unitId	=	3,
		country	=	2,
	}, -- end of [5]
} -- end of world_state
mission_file_mark	=	1748630636
mission_time	=	538.229
warehouses = 
{
	airports = 
	{
		[1] = 
		{
			unlimitedFuel	=	true,
			unlimitedMunitions	=	true,
			unlimitedAircrafts	=	true,
		}, -- end of [1]
		[2] = 
		{
			unlimitedFuel	=	true,
			unlimitedMunitions	=	true,
			unlimitedAircrafts	=	true,
		}, -- end of [2]
		[3] = 
		{
			unlimitedFuel	=	true,
			unlimitedMunitions	=	true,
			unlimitedAircrafts	=	true,
		}, -- end of [3]
		[4] = 
		{
			unlimitedFuel	=	true,
			unlimitedMunitions	=	true,
			unlimitedAircrafts	=	true,
		}, -- end of [4]
		[5] = 
		{
			unlimitedFuel	=	true,
			unlimitedMunitions	=	true,
			unlimitedAircrafts	=	true,
		}, -- end of [5]
		[6] = 
		{
			unlimitedFuel	=	true,
			unlimitedMunitions	=	true,
			unlimitedAircrafts	=	true,
		}, -- end of [6]
		[7] = 
		{
			unlimitedFuel	=	true,
			unlimitedMunitions	=	true,
			unlimitedAircrafts	=	true,
		}, -- end of [7]
		[8] = 
		{
			unlimitedFuel	=	true,
			unlimitedMunitions	=	true,
			unlimitedAircrafts	=	true,
		}, -- end of [8]
		[9] = 
		{
			unlimitedFuel	=	true,
			unlimitedMunitions	=	true,
			unlimitedAircrafts	=	true,
		}, -- end of [9]
		[10] = 
		{
			unlimitedFuel	=	true,
			unlimitedMunitions	=	true,
			unlimitedAircrafts	=	true,
		}, -- end of [10]
		[11] = 
		{
			unlimitedFuel	=	true,
			unlimitedMunitions	=	true,
			unlimitedAircrafts	=	true,
		}, -- end of [11]
		[12] = 
		{
			unlimitedFuel	=	true,
			unlimitedMunitions	=	true,
			unlimitedAircrafts	=	true,
		}, -- end of [12]
		[13] = 
		{
			unlimitedFuel	=	true,
			unlimitedMunitions	=	true,
			unlimitedAircrafts	=	true,
		}, -- end of [13]
		[14] = 
		{
			unlimitedFuel	=	true,
			unlimitedMunitions	=	true,
			unlimitedAircrafts	=	true,
		}, -- end of [14]
		[15] = 
		{
			unlimitedFuel	=	true,
			unlimitedMunitions	=	true,
			unlimitedAircrafts	=	true,
		}, -- end of [15]
		[16] = 
		{
			unlimitedFuel	=	true,
			unlimitedMunitions	=	true,
			unlimitedAircrafts	=	true,
		}, -- end of [16]
		[17] = 
		{
			unlimitedFuel	=	true,
			unlimitedMunitions	=	true,
			unlimitedAircrafts	=	true,
		}, -- end of [17]
		[18] = 
		{
			unlimitedFuel	=	true,
			unlimitedMunitions	=	true,
			unlimitedAircrafts	=	true,
		}, -- end of [18]
		[19] = 
		{
			unlimitedFuel	=	true,
			unlimitedMunitions	=	true,
			unlimitedAircrafts	=	true,
		}, -- end of [19]
		[20] = 
		{
			unlimitedFuel	=	true,
			unlimitedMunitions	=	true,
			unlimitedAircrafts	=	true,
		}, -- end of [20]
		[21] = 
		{
			unlimitedFuel	=	true,
			unlimitedMunitions	=	true,
			unlimitedAircrafts	=	true,
		}, -- end of [21]
		[22] = 
		{
			unlimitedFuel	=	true,
			unlimitedMunitions	=	true,
			unlimitedAircrafts	=	true,
		}, -- end of [22]
		[23] = 
		{
			unlimitedFuel	=	true,
			unlimitedMunitions	=	true,
			unlimitedAircrafts	=	true,
		}, -- end of [23]
		[24] = 
		{
			unlimitedFuel	=	true,
			unlimitedMunitions	=	true,
			unlimitedAircrafts	=	true,
		}, -- end of [24]
		[25] = 
		{
			unlimitedFuel	=	true,
			unlimitedMunitions	=	true,
			unlimitedAircrafts	=	true,
		}, -- end of [25]
		[26] = 
		{
			unlimitedFuel	=	true,
			unlimitedMunitions	=	true,
			unlimitedAircrafts	=	true,
		}, -- end of [26]
		[27] = 
		{
			unlimitedFuel	=	true,
			unlimitedMunitions	=	true,
			unlimitedAircrafts	=	true,
		}, -- end of [27]
		[28] = 
		{
			unlimitedFuel	=	true,
			unlimitedMunitions	=	true,
			unlimitedAircrafts	=	true,
		}, -- end of [28]
		[29] = 
		{
			unlimitedFuel	=	true,
			unlimitedMunitions	=	true,
			unlimitedAircrafts	=	true,
		}, -- end of [29]
		[30] = 
		{
			unlimitedFuel	=	true,
			unlimitedMunitions	=	true,
			unlimitedAircrafts	=	true,
		}, -- end of [30]
		[31] = 
		{
			unlimitedFuel	=	true,
			unlimitedMunitions	=	true,
			unlimitedAircrafts	=	true,
		}, -- end of [31]
		[32] = 
		{
			unlimitedFuel	=	true,
			unlimitedMunitions	=	true,
			unlimitedAircrafts	=	true,
		}, -- end of [32]
		[33] = 
		{
			unlimitedFuel	=	true,
			unlimitedMunitions	=	true,
			unlimitedAircrafts	=	true,
		}, -- end of [33]
		[34] = 
		{
			unlimitedFuel	=	true,
			unlimitedMunitions	=	true,
			unlimitedAircrafts	=	true,
		}, -- end of [34]
		[35] = 
		{
			unlimitedFuel	=	true,
			unlimitedMunitions	=	true,
			unlimitedAircrafts	=	true,
		}, -- end of [35]
		[36] = 
		{
			unlimitedFuel	=	true,
			unlimitedMunitions	=	true,
			unlimitedAircrafts	=	true,
		}, -- end of [36]
		[37] = 
		{
			unlimitedFuel	=	true,
			unlimitedMunitions	=	true,
			unlimitedAircrafts	=	true,
		}, -- end of [37]
		[38] = 
		{
			unlimitedFuel	=	true,
			unlimitedMunitions	=	true,
			unlimitedAircrafts	=	true,
		}, -- end of [38]
		[39] = 
		{
			unlimitedFuel	=	true,
			unlimitedMunitions	=	true,
			unlimitedAircrafts	=	true,
		}, -- end of [39]
		[40] = 
		{
			unlimitedFuel	=	true,
			unlimitedMunitions	=	true,
			unlimitedAircrafts	=	true,
		}, -- end of [40]
		[41] = 
		{
			unlimitedFuel	=	true,
			unlimitedMunitions	=	true,
			unlimitedAircrafts	=	true,
		}, -- end of [41]
		[42] = 
		{
			unlimitedFuel	=	true,
			unlimitedMunitions	=	true,
			unlimitedAircrafts	=	true,
		}, -- end of [42]
		[43] = 
		{
			gasoline = 
			{
				InitFuel	=	0,
			}, -- end of gasoline
			unlimitedMunitions	=	false,
			methanol_mixture = 
			{
				InitFuel	=	0,
			}, -- end of methanol_mixture
			jet_fuel = 
			{
				InitFuel	=	0,
			}, -- end of jet_fuel
			diesel = 
			{
				InitFuel	=	0,
			}, -- end of diesel
			aircrafts = 
			{
				helicopters = 	{},
				planes = 	{},
			}, -- end of aircrafts
			weapons = 	{},
			unlimitedFuel	=	false,
			unlimitedAircrafts	=	false,
		}, -- end of [43]
		[44] = 
		{
			unlimitedFuel	=	true,
			unlimitedMunitions	=	true,
			unlimitedAircrafts	=	true,
		}, -- end of [44]
		[45] = 
		{
			unlimitedFuel	=	true,
			unlimitedMunitions	=	true,
			unlimitedAircrafts	=	true,
		}, -- end of [45]
		[46] = 
		{
			unlimitedFuel	=	true,
			unlimitedMunitions	=	true,
			unlimitedAircrafts	=	true,
		}, -- end of [46]
		[47] = 
		{
			unlimitedFuel	=	true,
			unlimitedMunitions	=	true,
			unlimitedAircrafts	=	true,
		}, -- end of [47]
		[48] = 
		{
			unlimitedFuel	=	true,
			unlimitedMunitions	=	true,
			unlimitedAircrafts	=	true,
		}, -- end of [48]
		[49] = 
		{
			unlimitedFuel	=	true,
			unlimitedMunitions	=	true,
			unlimitedAircrafts	=	true,
		}, -- end of [49]
		[50] = 
		{
			unlimitedFuel	=	true,
			unlimitedMunitions	=	true,
			unlimitedAircrafts	=	true,
		}, -- end of [50]
		[51] = 
		{
			unlimitedFuel	=	true,
			unlimitedMunitions	=	true,
			unlimitedAircrafts	=	true,
		}, -- end of [51]
		[52] = 
		{
			unlimitedFuel	=	true,
			unlimitedMunitions	=	true,
			unlimitedAircrafts	=	true,
		}, -- end of [52]
		[53] = 
		{
			unlimitedFuel	=	true,
			unlimitedMunitions	=	true,
			unlimitedAircrafts	=	true,
		}, -- end of [53]
		[54] = 
		{
			unlimitedFuel	=	true,
			unlimitedMunitions	=	true,
			unlimitedAircrafts	=	true,
		}, -- end of [54]
		[55] = 
		{
			unlimitedFuel	=	true,
			unlimitedMunitions	=	true,
			unlimitedAircrafts	=	true,
		}, -- end of [55]
		[57] = 
		{
			unlimitedFuel	=	true,
			unlimitedMunitions	=	true,
			unlimitedAircrafts	=	true,
		}, -- end of [57]
		[58] = 
		{
			unlimitedFuel	=	true,
			unlimitedMunitions	=	true,
			unlimitedAircrafts	=	true,
		}, -- end of [58]
		[59] = 
		{
			unlimitedFuel	=	true,
			unlimitedMunitions	=	true,
			unlimitedAircrafts	=	true,
		}, -- end of [59]
		[60] = 
		{
			unlimitedFuel	=	true,
			unlimitedMunitions	=	true,
			unlimitedAircrafts	=	true,
		}, -- end of [60]
		[63] = 
		{
			unlimitedFuel	=	true,
			unlimitedMunitions	=	true,
			unlimitedAircrafts	=	true,
		}, -- end of [63]
		[64] = 
		{
			unlimitedFuel	=	true,
			unlimitedMunitions	=	true,
			unlimitedAircrafts	=	true,
		}, -- end of [64]
		[65] = 
		{
			unlimitedFuel	=	true,
			unlimitedMunitions	=	true,
			unlimitedAircrafts	=	true,
		}, -- end of [65]
		[66] = 
		{
			unlimitedFuel	=	true,
			unlimitedMunitions	=	true,
			unlimitedAircrafts	=	true,
		}, -- end of [66]
		[67] = 
		{
			unlimitedFuel	=	true,
			unlimitedMunitions	=	true,
			unlimitedAircrafts	=	true,
		}, -- end of [67]
		[68] = 
		{
			unlimitedFuel	=	true,
			unlimitedMunitions	=	true,
			unlimitedAircrafts	=	true,
		}, -- end of [68]
		[69] = 
		{
			unlimitedFuel	=	true,
			unlimitedMunitions	=	true,
			unlimitedAircrafts	=	true,
		}, -- end of [69]
		[70] = 
		{
			unlimitedFuel	=	true,
			unlimitedMunitions	=	true,
			unlimitedAircrafts	=	true,
		}, -- end of [70]
		[71] = 
		{
			unlimitedFuel	=	true,
			unlimitedMunitions	=	true,
			unlimitedAircrafts	=	true,
		}, -- end of [71]
		[72] = 
		{
			unlimitedFuel	=	true,
			unlimitedMunitions	=	true,
			unlimitedAircrafts	=	true,
		}, -- end of [72]
		[73] = 
		{
			unlimitedFuel	=	true,
			unlimitedMunitions	=	true,
			unlimitedAircrafts	=	true,
		}, -- end of [73]
		[74] = 
		{
			unlimitedFuel	=	true,
			unlimitedMunitions	=	true,
			unlimitedAircrafts	=	true,
		}, -- end of [74]
		[76] = 
		{
			unlimitedFuel	=	true,
			unlimitedMunitions	=	true,
			unlimitedAircrafts	=	true,
		}, -- end of [76]
		[77] = 
		{
			unlimitedFuel	=	true,
			unlimitedMunitions	=	true,
			unlimitedAircrafts	=	true,
		}, -- end of [77]
		[78] = 
		{
			unlimitedFuel	=	true,
			unlimitedMunitions	=	true,
			unlimitedAircrafts	=	true,
		}, -- end of [78]
		[79] = 
		{
			unlimitedFuel	=	true,
			unlimitedMunitions	=	true,
			unlimitedAircrafts	=	true,
		}, -- end of [79]
		[80] = 
		{
			unlimitedFuel	=	true,
			unlimitedMunitions	=	true,
			unlimitedAircrafts	=	true,
		}, -- end of [80]
		[82] = 
		{
			unlimitedFuel	=	true,
			unlimitedMunitions	=	true,
			unlimitedAircrafts	=	true,
		}, -- end of [82]
		[83] = 
		{
			unlimitedFuel	=	true,
			unlimitedMunitions	=	true,
			unlimitedAircrafts	=	true,
		}, -- end of [83]
		[84] = 
		{
			unlimitedFuel	=	true,
			unlimitedMunitions	=	true,
			unlimitedAircrafts	=	true,
		}, -- end of [84]
		[85] = 
		{
			unlimitedFuel	=	true,
			unlimitedMunitions	=	true,
			unlimitedAircrafts	=	true,
		}, -- end of [85]
		[86] = 
		{
			unlimitedFuel	=	true,
			unlimitedMunitions	=	true,
			unlimitedAircrafts	=	true,
		}, -- end of [86]
		[87] = 
		{
			unlimitedFuel	=	true,
			unlimitedMunitions	=	true,
			unlimitedAircrafts	=	true,
		}, -- end of [87]
		[89] = 
		{
			unlimitedFuel	=	true,
			unlimitedMunitions	=	true,
			unlimitedAircrafts	=	true,
		}, -- end of [89]
		[92] = 
		{
			unlimitedFuel	=	true,
			unlimitedMunitions	=	true,
			unlimitedAircrafts	=	true,
		}, -- end of [92]
		[93] = 
		{
			unlimitedFuel	=	true,
			unlimitedMunitions	=	true,
			unlimitedAircrafts	=	true,
		}, -- end of [93]
		[94] = 
		{
			unlimitedFuel	=	true,
			unlimitedMunitions	=	true,
			unlimitedAircrafts	=	true,
		}, -- end of [94]
		[95] = 
		{
			unlimitedFuel	=	true,
			unlimitedMunitions	=	true,
			unlimitedAircrafts	=	true,
		}, -- end of [95]
		[96] = 
		{
			unlimitedFuel	=	true,
			unlimitedMunitions	=	true,
			unlimitedAircrafts	=	true,
		}, -- end of [96]
		[97] = 
		{
			unlimitedFuel	=	true,
			unlimitedMunitions	=	true,
			unlimitedAircrafts	=	true,
		}, -- end of [97]
		[98] = 
		{
			unlimitedFuel	=	true,
			unlimitedMunitions	=	true,
			unlimitedAircrafts	=	true,
		}, -- end of [98]
		[99] = 
		{
			unlimitedFuel	=	true,
			unlimitedMunitions	=	true,
			unlimitedAircrafts	=	true,
		}, -- end of [99]
		[100] = 
		{
			unlimitedFuel	=	true,
			unlimitedMunitions	=	true,
			unlimitedAircrafts	=	true,
		}, -- end of [100]
		[101] = 
		{
			unlimitedFuel	=	true,
			unlimitedMunitions	=	true,
			unlimitedAircrafts	=	true,
		}, -- end of [101]
		[102] = 
		{
			unlimitedFuel	=	true,
			unlimitedMunitions	=	true,
			unlimitedAircrafts	=	true,
		}, -- end of [102]
		[103] = 
		{
			unlimitedFuel	=	true,
			unlimitedMunitions	=	true,
			unlimitedAircrafts	=	true,
		}, -- end of [103]
		[104] = 
		{
			unlimitedFuel	=	true,
			unlimitedMunitions	=	true,
			unlimitedAircrafts	=	true,
		}, -- end of [104]
		[105] = 
		{
			unlimitedFuel	=	true,
			unlimitedMunitions	=	true,
			unlimitedAircrafts	=	true,
		}, -- end of [105]
		[106] = 
		{
			unlimitedFuel	=	true,
			unlimitedMunitions	=	true,
			unlimitedAircrafts	=	true,
		}, -- end of [106]
		[107] = 
		{
			unlimitedFuel	=	true,
			unlimitedMunitions	=	true,
			unlimitedAircrafts	=	true,
		}, -- end of [107]
		[108] = 
		{
			unlimitedFuel	=	true,
			unlimitedMunitions	=	true,
			unlimitedAircrafts	=	true,
		}, -- end of [108]
		[109] = 
		{
			unlimitedFuel	=	true,
			unlimitedMunitions	=	true,
			unlimitedAircrafts	=	true,
		}, -- end of [109]
		[110] = 
		{
			unlimitedFuel	=	true,
			unlimitedMunitions	=	true,
			unlimitedAircrafts	=	true,
		}, -- end of [110]
		[111] = 
		{
			unlimitedFuel	=	true,
			unlimitedMunitions	=	true,
			unlimitedAircrafts	=	true,
		}, -- end of [111]
		[112] = 
		{
			unlimitedFuel	=	true,
			unlimitedMunitions	=	true,
			unlimitedAircrafts	=	true,
		}, -- end of [112]
		[113] = 
		{
			unlimitedFuel	=	true,
			unlimitedMunitions	=	true,
			unlimitedAircrafts	=	true,
		}, -- end of [113]
		[114] = 
		{
			unlimitedFuel	=	true,
			unlimitedMunitions	=	true,
			unlimitedAircrafts	=	true,
		}, -- end of [114]
		[115] = 
		{
			unlimitedFuel	=	true,
			unlimitedMunitions	=	true,
			unlimitedAircrafts	=	true,
		}, -- end of [115]
		[116] = 
		{
			unlimitedFuel	=	true,
			unlimitedMunitions	=	true,
			unlimitedAircrafts	=	true,
		}, -- end of [116]
		[117] = 
		{
			unlimitedFuel	=	true,
			unlimitedMunitions	=	true,
			unlimitedAircrafts	=	true,
		}, -- end of [117]
		[119] = 
		{
			unlimitedFuel	=	true,
			unlimitedMunitions	=	true,
			unlimitedAircrafts	=	true,
		}, -- end of [119]
		[120] = 
		{
			unlimitedFuel	=	true,
			unlimitedMunitions	=	true,
			unlimitedAircrafts	=	true,
		}, -- end of [120]
		[121] = 
		{
			unlimitedFuel	=	true,
			unlimitedMunitions	=	true,
			unlimitedAircrafts	=	true,
		}, -- end of [121]
		[122] = 
		{
			unlimitedFuel	=	true,
			unlimitedMunitions	=	true,
			unlimitedAircrafts	=	true,
		}, -- end of [122]
		[123] = 
		{
			unlimitedFuel	=	true,
			unlimitedMunitions	=	true,
			unlimitedAircrafts	=	true,
		}, -- end of [123]
		[124] = 
		{
			unlimitedFuel	=	true,
			unlimitedMunitions	=	true,
			unlimitedAircrafts	=	true,
		}, -- end of [124]
		[125] = 
		{
			unlimitedFuel	=	true,
			unlimitedMunitions	=	true,
			unlimitedAircrafts	=	true,
		}, -- end of [125]
		[126] = 
		{
			unlimitedFuel	=	true,
			unlimitedMunitions	=	true,
			unlimitedAircrafts	=	true,
		}, -- end of [126]
		[127] = 
		{
			unlimitedFuel	=	true,
			unlimitedMunitions	=	true,
			unlimitedAircrafts	=	true,
		}, -- end of [127]
		[128] = 
		{
			unlimitedFuel	=	true,
			unlimitedMunitions	=	true,
			unlimitedAircrafts	=	true,
		}, -- end of [128]
		[129] = 
		{
			unlimitedFuel	=	true,
			unlimitedMunitions	=	true,
			unlimitedAircrafts	=	true,
		}, -- end of [129]
		[130] = 
		{
			unlimitedFuel	=	true,
			unlimitedMunitions	=	true,
			unlimitedAircrafts	=	true,
		}, -- end of [130]
		[131] = 
		{
			unlimitedFuel	=	true,
			unlimitedMunitions	=	true,
			unlimitedAircrafts	=	true,
		}, -- end of [131]
		[132] = 
		{
			unlimitedFuel	=	true,
			unlimitedMunitions	=	true,
			unlimitedAircrafts	=	true,
		}, -- end of [132]
		[133] = 
		{
			unlimitedFuel	=	true,
			unlimitedMunitions	=	true,
			unlimitedAircrafts	=	true,
		}, -- end of [133]
		[134] = 
		{
			unlimitedFuel	=	true,
			unlimitedMunitions	=	true,
			unlimitedAircrafts	=	true,
		}, -- end of [134]
		[135] = 
		{
			unlimitedFuel	=	true,
			unlimitedMunitions	=	true,
			unlimitedAircrafts	=	true,
		}, -- end of [135]
		[136] = 
		{
			unlimitedFuel	=	true,
			unlimitedMunitions	=	true,
			unlimitedAircrafts	=	true,
		}, -- end of [136]
		[137] = 
		{
			unlimitedFuel	=	true,
			unlimitedMunitions	=	true,
			unlimitedAircrafts	=	true,
		}, -- end of [137]
		[138] = 
		{
			unlimitedFuel	=	true,
			unlimitedMunitions	=	true,
			unlimitedAircrafts	=	true,
		}, -- end of [138]
		[139] = 
		{
			unlimitedFuel	=	true,
			unlimitedMunitions	=	true,
			unlimitedAircrafts	=	true,
		}, -- end of [139]
		[140] = 
		{
			unlimitedFuel	=	true,
			unlimitedMunitions	=	true,
			unlimitedAircrafts	=	true,
		}, -- end of [140]
		[141] = 
		{
			unlimitedFuel	=	true,
			unlimitedMunitions	=	true,
			unlimitedAircrafts	=	true,
		}, -- end of [141]
		[142] = 
		{
			unlimitedFuel	=	true,
			unlimitedMunitions	=	true,
			unlimitedAircrafts	=	true,
		}, -- end of [142]
		[143] = 
		{
			unlimitedFuel	=	true,
			unlimitedMunitions	=	true,
			unlimitedAircrafts	=	true,
		}, -- end of [143]
		[144] = 
		{
			unlimitedFuel	=	true,
			unlimitedMunitions	=	true,
			unlimitedAircrafts	=	true,
		}, -- end of [144]
		[145] = 
		{
			unlimitedFuel	=	true,
			unlimitedMunitions	=	true,
			unlimitedAircrafts	=	true,
		}, -- end of [145]
		[146] = 
		{
			unlimitedFuel	=	true,
			unlimitedMunitions	=	true,
			unlimitedAircrafts	=	true,
		}, -- end of [146]
		[147] = 
		{
			unlimitedFuel	=	true,
			unlimitedMunitions	=	true,
			unlimitedAircrafts	=	true,
		}, -- end of [147]
		[148] = 
		{
			unlimitedFuel	=	true,
			unlimitedMunitions	=	true,
			unlimitedAircrafts	=	true,
		}, -- end of [148]
		[149] = 
		{
			unlimitedFuel	=	true,
			unlimitedMunitions	=	true,
			unlimitedAircrafts	=	true,
		}, -- end of [149]
		[150] = 
		{
			unlimitedFuel	=	true,
			unlimitedMunitions	=	true,
			unlimitedAircrafts	=	true,
		}, -- end of [150]
		[151] = 
		{
			unlimitedFuel	=	true,
			unlimitedMunitions	=	true,
			unlimitedAircrafts	=	true,
		}, -- end of [151]
		[152] = 
		{
			unlimitedFuel	=	true,
			unlimitedMunitions	=	true,
			unlimitedAircrafts	=	true,
		}, -- end of [152]
		[153] = 
		{
			unlimitedFuel	=	true,
			unlimitedMunitions	=	true,
			unlimitedAircrafts	=	true,
		}, -- end of [153]
		[154] = 
		{
			unlimitedFuel	=	true,
			unlimitedMunitions	=	true,
			unlimitedAircrafts	=	true,
		}, -- end of [154]
		[155] = 
		{
			unlimitedFuel	=	true,
			unlimitedMunitions	=	true,
			unlimitedAircrafts	=	true,
		}, -- end of [155]
		[156] = 
		{
			unlimitedFuel	=	true,
			unlimitedMunitions	=	true,
			unlimitedAircrafts	=	true,
		}, -- end of [156]
		[157] = 
		{
			unlimitedFuel	=	true,
			unlimitedMunitions	=	true,
			unlimitedAircrafts	=	true,
		}, -- end of [157]
		[158] = 
		{
			unlimitedFuel	=	true,
			unlimitedMunitions	=	true,
			unlimitedAircrafts	=	true,
		}, -- end of [158]
		[159] = 
		{
			unlimitedFuel	=	true,
			unlimitedMunitions	=	true,
			unlimitedAircrafts	=	true,
		}, -- end of [159]
		[160] = 
		{
			unlimitedFuel	=	true,
			unlimitedMunitions	=	true,
			unlimitedAircrafts	=	true,
		}, -- end of [160]
		[161] = 
		{
			unlimitedFuel	=	true,
			unlimitedMunitions	=	true,
			unlimitedAircrafts	=	true,
		}, -- end of [161]
		[162] = 
		{
			unlimitedFuel	=	true,
			unlimitedMunitions	=	true,
			unlimitedAircrafts	=	true,
		}, -- end of [162]
		[163] = 
		{
			unlimitedFuel	=	true,
			unlimitedMunitions	=	true,
			unlimitedAircrafts	=	true,
		}, -- end of [163]
		[164] = 
		{
			unlimitedFuel	=	true,
			unlimitedMunitions	=	true,
			unlimitedAircrafts	=	true,
		}, -- end of [164]
		[165] = 
		{
			unlimitedFuel	=	true,
			unlimitedMunitions	=	true,
			unlimitedAircrafts	=	true,
		}, -- end of [165]
		[166] = 
		{
			unlimitedFuel	=	true,
			unlimitedMunitions	=	true,
			unlimitedAircrafts	=	true,
		}, -- end of [166]
		[167] = 
		{
			unlimitedFuel	=	true,
			unlimitedMunitions	=	true,
			unlimitedAircrafts	=	true,
		}, -- end of [167]
		[168] = 
		{
			unlimitedFuel	=	true,
			unlimitedMunitions	=	true,
			unlimitedAircrafts	=	true,
		}, -- end of [168]
		[169] = 
		{
			unlimitedFuel	=	true,
			unlimitedMunitions	=	true,
			unlimitedAircrafts	=	true,
		}, -- end of [169]
		[170] = 
		{
			unlimitedFuel	=	true,
			unlimitedMunitions	=	true,
			unlimitedAircrafts	=	true,
		}, -- end of [170]
		[171] = 
		{
			unlimitedFuel	=	true,
			unlimitedMunitions	=	true,
			unlimitedAircrafts	=	true,
		}, -- end of [171]
		[172] = 
		{
			unlimitedFuel	=	true,
			unlimitedMunitions	=	true,
			unlimitedAircrafts	=	true,
		}, -- end of [172]
		[173] = 
		{
			unlimitedFuel	=	true,
			unlimitedMunitions	=	true,
			unlimitedAircrafts	=	true,
		}, -- end of [173]
		[174] = 
		{
			unlimitedFuel	=	true,
			unlimitedMunitions	=	true,
			unlimitedAircrafts	=	true,
		}, -- end of [174]
		[175] = 
		{
			unlimitedFuel	=	true,
			unlimitedMunitions	=	true,
			unlimitedAircrafts	=	true,
		}, -- end of [175]
		[176] = 
		{
			unlimitedFuel	=	true,
			unlimitedMunitions	=	true,
			unlimitedAircrafts	=	true,
		}, -- end of [176]
		[177] = 
		{
			unlimitedFuel	=	true,
			unlimitedMunitions	=	true,
			unlimitedAircrafts	=	true,
		}, -- end of [177]
		[178] = 
		{
			unlimitedFuel	=	true,
			unlimitedMunitions	=	true,
			unlimitedAircrafts	=	true,
		}, -- end of [178]
		[179] = 
		{
			unlimitedFuel	=	true,
			unlimitedMunitions	=	true,
			unlimitedAircrafts	=	true,
		}, -- end of [179]
		[180] = 
		{
			unlimitedFuel	=	true,
			unlimitedMunitions	=	true,
			unlimitedAircrafts	=	true,
		}, -- end of [180]
		[181] = 
		{
			unlimitedFuel	=	true,
			unlimitedMunitions	=	true,
			unlimitedAircrafts	=	true,
		}, -- end of [181]
		[182] = 
		{
			unlimitedFuel	=	true,
			unlimitedMunitions	=	true,
			unlimitedAircrafts	=	true,
		}, -- end of [182]
		[184] = 
		{
			unlimitedFuel	=	true,
			unlimitedMunitions	=	true,
			unlimitedAircrafts	=	true,
		}, -- end of [184]
		[185] = 
		{
			unlimitedFuel	=	true,
			unlimitedMunitions	=	true,
			unlimitedAircrafts	=	true,
		}, -- end of [185]
		[186] = 
		{
			unlimitedFuel	=	true,
			unlimitedMunitions	=	true,
			unlimitedAircrafts	=	true,
		}, -- end of [186]
		[187] = 
		{
			unlimitedFuel	=	true,
			unlimitedMunitions	=	true,
			unlimitedAircrafts	=	true,
		}, -- end of [187]
		[189] = 
		{
			unlimitedFuel	=	true,
			unlimitedMunitions	=	true,
			unlimitedAircrafts	=	true,
		}, -- end of [189]
		[190] = 
		{
			unlimitedFuel	=	true,
			unlimitedMunitions	=	true,
			unlimitedAircrafts	=	true,
		}, -- end of [190]
		[191] = 
		{
			unlimitedFuel	=	true,
			unlimitedMunitions	=	true,
			unlimitedAircrafts	=	true,
		}, -- end of [191]
		[192] = 
		{
			unlimitedFuel	=	true,
			unlimitedMunitions	=	true,
			unlimitedAircrafts	=	true,
		}, -- end of [192]
		[193] = 
		{
			unlimitedFuel	=	true,
			unlimitedMunitions	=	true,
			unlimitedAircrafts	=	true,
		}, -- end of [193]
		[194] = 
		{
			unlimitedFuel	=	true,
			unlimitedMunitions	=	true,
			unlimitedAircrafts	=	true,
		}, -- end of [194]
		[195] = 
		{
			unlimitedFuel	=	true,
			unlimitedMunitions	=	true,
			unlimitedAircrafts	=	true,
		}, -- end of [195]
		[196] = 
		{
			unlimitedFuel	=	true,
			unlimitedMunitions	=	true,
			unlimitedAircrafts	=	true,
		}, -- end of [196]
		[197] = 
		{
			unlimitedFuel	=	true,
			unlimitedMunitions	=	true,
			unlimitedAircrafts	=	true,
		}, -- end of [197]
		[198] = 
		{
			unlimitedFuel	=	true,
			unlimitedMunitions	=	true,
			unlimitedAircrafts	=	true,
		}, -- end of [198]
		[199] = 
		{
			unlimitedFuel	=	true,
			unlimitedMunitions	=	true,
			unlimitedAircrafts	=	true,
		}, -- end of [199]
		[200] = 
		{
			unlimitedFuel	=	true,
			unlimitedMunitions	=	true,
			unlimitedAircrafts	=	true,
		}, -- end of [200]
		[201] = 
		{
			unlimitedFuel	=	true,
			unlimitedMunitions	=	true,
			unlimitedAircrafts	=	true,
		}, -- end of [201]
		[202] = 
		{
			unlimitedFuel	=	true,
			unlimitedMunitions	=	true,
			unlimitedAircrafts	=	true,
		}, -- end of [202]
		[203] = 
		{
			unlimitedFuel	=	true,
			unlimitedMunitions	=	true,
			unlimitedAircrafts	=	true,
		}, -- end of [203]
		[204] = 
		{
			unlimitedFuel	=	true,
			unlimitedMunitions	=	true,
			unlimitedAircrafts	=	true,
		}, -- end of [204]
		[205] = 
		{
			unlimitedFuel	=	true,
			unlimitedMunitions	=	true,
			unlimitedAircrafts	=	true,
		}, -- end of [205]
		[206] = 
		{
			unlimitedFuel	=	true,
			unlimitedMunitions	=	true,
			unlimitedAircrafts	=	true,
		}, -- end of [206]
		[207] = 
		{
			unlimitedFuel	=	true,
			unlimitedMunitions	=	true,
			unlimitedAircrafts	=	true,
		}, -- end of [207]
		[208] = 
		{
			unlimitedFuel	=	true,
			unlimitedMunitions	=	true,
			unlimitedAircrafts	=	true,
		}, -- end of [208]
		[209] = 
		{
			unlimitedFuel	=	true,
			unlimitedMunitions	=	true,
			unlimitedAircrafts	=	true,
		}, -- end of [209]
		[210] = 
		{
			unlimitedFuel	=	true,
			unlimitedMunitions	=	true,
			unlimitedAircrafts	=	true,
		}, -- end of [210]
		[211] = 
		{
			unlimitedFuel	=	true,
			unlimitedMunitions	=	true,
			unlimitedAircrafts	=	true,
		}, -- end of [211]
		[212] = 
		{
			unlimitedFuel	=	true,
			unlimitedMunitions	=	true,
			unlimitedAircrafts	=	true,
		}, -- end of [212]
		[213] = 
		{
			unlimitedFuel	=	true,
			unlimitedMunitions	=	true,
			unlimitedAircrafts	=	true,
		}, -- end of [213]
		[214] = 
		{
			unlimitedFuel	=	true,
			unlimitedMunitions	=	true,
			unlimitedAircrafts	=	true,
		}, -- end of [214]
		[215] = 
		{
			unlimitedFuel	=	true,
			unlimitedMunitions	=	true,
			unlimitedAircrafts	=	true,
		}, -- end of [215]
		[216] = 
		{
			unlimitedFuel	=	true,
			unlimitedMunitions	=	true,
			unlimitedAircrafts	=	true,
		}, -- end of [216]
		[219] = 
		{
			unlimitedFuel	=	true,
			unlimitedMunitions	=	true,
			unlimitedAircrafts	=	true,
		}, -- end of [219]
		[220] = 
		{
			unlimitedFuel	=	true,
			unlimitedMunitions	=	true,
			unlimitedAircrafts	=	true,
		}, -- end of [220]
		[221] = 
		{
			unlimitedFuel	=	true,
			unlimitedMunitions	=	true,
			unlimitedAircrafts	=	true,
		}, -- end of [221]
		[222] = 
		{
			unlimitedFuel	=	true,
			unlimitedMunitions	=	true,
			unlimitedAircrafts	=	true,
		}, -- end of [222]
		[223] = 
		{
			unlimitedFuel	=	true,
			unlimitedMunitions	=	true,
			unlimitedAircrafts	=	true,
		}, -- end of [223]
		[224] = 
		{
			unlimitedFuel	=	true,
			unlimitedMunitions	=	true,
			unlimitedAircrafts	=	true,
		}, -- end of [224]
	}, -- end of airports
	warehouses = 	{},
} -- end of warehouses
triggers_state = 	{}
result	=	0
events = 
{
	[1] = 
	{
		type	=	"mission start",
		event_id	=	1,
		t	=	0,
		linked_event_id	=	0,
		ta	=	28800,
	}, -- end of [1]
	[2] = 
	{
		linked_event_id	=	0,
		t	=	0,
		event_id	=	2,
		type	=	"took control",
	}, -- end of [2]
	[3] = 
	{
		weapon_type	=	6948644,
		initiatorPilotName	=	"F-16C_50",
		target_coalition	=	2,
		linked_event_id	=	0,
		targetMissionID	=	"1",
		target_ws_type1	=	1,
		initiator_object_id	=	16777472,
		target	=	"F-15C",
		target_object_id	=	16778496,
		targetPilotName	=	"F-15C",
		type	=	"shot",
		target_unit_type	=	"F-15C",
		t	=	131.3,
		initiator_unit_type	=	"F-16C_50",
		event_id	=	21,
		weapon	=	"AIM-120C",
		initiator_ws_type1	=	1,
		initiatorMissionID	=	"2",
		initiator_coalition	=	1,
	}, -- end of [3]
	[4] = 
	{
		weapon_type	=	6948644,
		initiatorPilotName	=	"F-16C_50",
		target_coalition	=	2,
		linked_event_id	=	0,
		targetMissionID	=	"1",
		target_ws_type1	=	1,
		initiator_object_id	=	16777472,
		target	=	"F-15C",
		target_object_id	=	16778496,
		targetPilotName	=	"F-15C",
		type	=	"shot",
		target_unit_type	=	"F-15C",
		t	=	178.78,
		initiator_unit_type	=	"F-16C_50",
		event_id	=	22,
		weapon	=	"AIM-120C",
		initiator_ws_type1	=	1,
		initiatorMissionID	=	"2",
		initiator_coalition	=	1,
	}, -- end of [4]
	[5] = 
	{
		type	=	"pilot dead",
		initiatorPilotName	=	"F-15C",
		t	=	188.24,
		initiator_unit_type	=	"F-15C",
		initiator_object_id	=	16778496,
		linked_event_id	=	0,
		event_id	=	23,
		initiator_coalition	=	2,
		initiator_ws_type1	=	1,
		initiatorMissionID	=	"1",
	}, -- end of [5]
	[6] = 
	{
		type	=	"crash",
		initiatorPilotName	=	"F-15C",
		t	=	188.24,
		initiator_unit_type	=	"F-15C",
		initiator_object_id	=	16778496,
		linked_event_id	=	0,
		event_id	=	25,
		initiator_coalition	=	2,
		initiator_ws_type1	=	1,
		initiatorMissionID	=	"1",
	}, -- end of [6]
	[7] = 
	{
		weapon_type	=	1443604,
		initiatorPilotName	=	"F-16C_50",
		target_coalition	=	2,
		linked_event_id	=	0,
		targetMissionID	=	"9",
		target_ws_type1	=	1,
		initiator_object_id	=	16777984,
		target	=	"F-15C",
		target_object_id	=	16779008,
		targetPilotName	=	"F-15C",
		type	=	"shot",
		target_unit_type	=	"F-15C",
		t	=	207.68,
		initiator_unit_type	=	"F-16C_50",
		event_id	=	26,
		weapon	=	"AIM-9M",
		initiator_ws_type1	=	1,
		initiatorMissionID	=	"7",
		initiator_coalition	=	1,
	}, -- end of [7]
	[8] = 
	{
		weapon_type	=	1443604,
		initiatorPilotName	=	"F-16C_50",
		target_coalition	=	2,
		linked_event_id	=	0,
		targetMissionID	=	"10",
		target_ws_type1	=	1,
		initiator_object_id	=	16778240,
		target	=	"F-15C",
		target_object_id	=	16779264,
		targetPilotName	=	"F-15C",
		type	=	"shot",
		target_unit_type	=	"F-15C",
		t	=	212.28,
		initiator_unit_type	=	"F-16C_50",
		event_id	=	27,
		weapon	=	"AIM-9M",
		initiator_ws_type1	=	1,
		initiatorMissionID	=	"8",
		initiator_coalition	=	1,
	}, -- end of [8]
	[9] = 
	{
		weapon_type	=	17499924,
		initiatorPilotName	=	"F-15C",
		target_coalition	=	1,
		linked_event_id	=	0,
		targetMissionID	=	"6",
		target_ws_type1	=	1,
		initiator_object_id	=	16778752,
		target	=	"F-16C_50",
		target_object_id	=	16777728,
		targetPilotName	=	"F-16C_50",
		type	=	"shot",
		target_unit_type	=	"F-16C_50",
		t	=	217.4,
		initiator_unit_type	=	"F-15C",
		event_id	=	28,
		weapon	=	"AIM-9L",
		initiator_ws_type1	=	1,
		initiatorMissionID	=	"3",
		initiator_coalition	=	2,
	}, -- end of [9]
	[10] = 
	{
		initiatorPilotName	=	"F-15C",
		target_coalition	=	1,
		linked_event_id	=	0,
		targetMissionID	=	"2",
		target_ws_type1	=	1,
		initiator_object_id	=	16778752,
		target	=	"F-16C_50",
		target_object_id	=	16777472,
		targetPilotName	=	"F-16C_50",
		type	=	"start shooting",
		target_unit_type	=	"F-16C_50",
		t	=	253.42,
		initiator_unit_type	=	"F-15C",
		event_id	=	29,
		weapon	=	"M-61",
		initiator_ws_type1	=	1,
		initiatorMissionID	=	"3",
		initiator_coalition	=	2,
	}, -- end of [10]
	[11] = 
	{
		weapon_type	=	2566,
		type	=	"end shooting",
		initiatorPilotName	=	"F-15C",
		t	=	254.12,
		linked_event_id	=	0,
		event_id	=	30,
		initiator_unit_type	=	"F-15C",
		uin64_t_value	=	70,
		initiator_object_id	=	16778752,
		weapon	=	"M-61",
		ammo_consumption	=	70,
		initiator_coalition	=	2,
		initiator_ws_type1	=	1,
		initiatorMissionID	=	"3",
	}, -- end of [11]
	[12] = 
	{
		weapon_type	=	17499924,
		initiatorPilotName	=	"F-15C",
		target_coalition	=	1,
		linked_event_id	=	0,
		targetMissionID	=	"2",
		target_ws_type1	=	1,
		initiator_object_id	=	16778752,
		target	=	"F-16C_50",
		target_object_id	=	16777472,
		targetPilotName	=	"F-16C_50",
		type	=	"shot",
		target_unit_type	=	"F-16C_50",
		t	=	254.22,
		initiator_unit_type	=	"F-15C",
		event_id	=	31,
		weapon	=	"AIM-9L",
		initiator_ws_type1	=	1,
		initiatorMissionID	=	"3",
		initiator_coalition	=	2,
	}, -- end of [12]
	[13] = 
	{
		initiatorPilotName	=	"F-16C_50",
		target_coalition	=	2,
		linked_event_id	=	0,
		targetMissionID	=	"3",
		target_ws_type1	=	1,
		initiator_object_id	=	16777728,
		target	=	"F-15C",
		target_object_id	=	16778752,
		targetPilotName	=	"F-15C",
		type	=	"start shooting",
		target_unit_type	=	"F-15C",
		t	=	326.3,
		initiator_unit_type	=	"F-16C_50",
		event_id	=	32,
		weapon	=	"M-61",
		initiator_ws_type1	=	1,
		initiatorMissionID	=	"6",
		initiator_coalition	=	1,
	}, -- end of [13]
	[14] = 
	{
		weapon_type	=	2566,
		type	=	"end shooting",
		initiatorPilotName	=	"F-16C_50",
		t	=	326.36,
		linked_event_id	=	0,
		event_id	=	33,
		initiator_unit_type	=	"F-16C_50",
		uin64_t_value	=	6,
		initiator_object_id	=	16777728,
		weapon	=	"M-61",
		ammo_consumption	=	6,
		initiator_coalition	=	1,
		initiator_ws_type1	=	1,
		initiatorMissionID	=	"6",
	}, -- end of [14]
	[15] = 
	{
		initiatorPilotName	=	"F-15C",
		target_coalition	=	1,
		linked_event_id	=	0,
		targetMissionID	=	"6",
		target_ws_type1	=	1,
		initiator_object_id	=	16778752,
		target	=	"F-16C_50",
		target_object_id	=	16777728,
		targetPilotName	=	"F-16C_50",
		type	=	"start shooting",
		target_unit_type	=	"F-16C_50",
		t	=	334.4,
		initiator_unit_type	=	"F-15C",
		event_id	=	34,
		weapon	=	"M-61",
		initiator_ws_type1	=	1,
		initiatorMissionID	=	"3",
		initiator_coalition	=	2,
	}, -- end of [15]
	[16] = 
	{
		weapon_type	=	2566,
		type	=	"end shooting",
		initiatorPilotName	=	"F-15C",
		t	=	334.64,
		linked_event_id	=	0,
		event_id	=	35,
		initiator_unit_type	=	"F-15C",
		uin64_t_value	=	24,
		initiator_object_id	=	16778752,
		weapon	=	"M-61",
		ammo_consumption	=	24,
		initiator_coalition	=	2,
		initiator_ws_type1	=	1,
		initiatorMissionID	=	"3",
	}, -- end of [16]
	[17] = 
	{
		initiatorPilotName	=	"F-16C_50",
		target_coalition	=	2,
		linked_event_id	=	0,
		targetMissionID	=	"3",
		target_ws_type1	=	1,
		initiator_object_id	=	16777472,
		target	=	"F-15C",
		target_object_id	=	16778752,
		targetPilotName	=	"F-15C",
		type	=	"start shooting",
		target_unit_type	=	"F-15C",
		t	=	352.26,
		initiator_unit_type	=	"F-16C_50",
		event_id	=	36,
		weapon	=	"M-61",
		initiator_ws_type1	=	1,
		initiatorMissionID	=	"2",
		initiator_coalition	=	1,
	}, -- end of [17]
	[18] = 
	{
		weapon_type	=	2566,
		type	=	"end shooting",
		initiatorPilotName	=	"F-16C_50",
		t	=	352.4,
		linked_event_id	=	0,
		event_id	=	37,
		initiator_unit_type	=	"F-16C_50",
		uin64_t_value	=	14,
		initiator_object_id	=	16777472,
		weapon	=	"M-61",
		ammo_consumption	=	14,
		initiator_coalition	=	1,
		initiator_ws_type1	=	1,
		initiatorMissionID	=	"2",
	}, -- end of [18]
	[19] = 
	{
		weapon_type	=	1443604,
		initiatorPilotName	=	"F-16C_50",
		target_coalition	=	2,
		linked_event_id	=	0,
		targetMissionID	=	"9",
		target_ws_type1	=	1,
		initiator_object_id	=	16777984,
		target	=	"F-15C",
		target_object_id	=	16779008,
		targetPilotName	=	"F-15C",
		type	=	"shot",
		target_unit_type	=	"F-15C",
		t	=	359.84,
		initiator_unit_type	=	"F-16C_50",
		event_id	=	38,
		weapon	=	"AIM-9M",
		initiator_ws_type1	=	1,
		initiatorMissionID	=	"7",
		initiator_coalition	=	1,
	}, -- end of [19]
	[20] = 
	{
		initiatorPilotName	=	"F-16C_50",
		target_coalition	=	2,
		linked_event_id	=	0,
		targetMissionID	=	"3",
		target_ws_type1	=	1,
		initiator_object_id	=	16777472,
		target	=	"F-15C",
		target_object_id	=	16778752,
		targetPilotName	=	"F-15C",
		type	=	"start shooting",
		target_unit_type	=	"F-15C",
		t	=	363.76,
		initiator_unit_type	=	"F-16C_50",
		event_id	=	39,
		weapon	=	"M-61",
		initiator_ws_type1	=	1,
		initiatorMissionID	=	"2",
		initiator_coalition	=	1,
	}, -- end of [20]
	[21] = 
	{
		weapon_type	=	2566,
		type	=	"end shooting",
		initiatorPilotName	=	"F-16C_50",
		t	=	363.86,
		linked_event_id	=	0,
		event_id	=	40,
		initiator_unit_type	=	"F-16C_50",
		uin64_t_value	=	10,
		initiator_object_id	=	16777472,
		weapon	=	"M-61",
		ammo_consumption	=	10,
		initiator_coalition	=	1,
		initiator_ws_type1	=	1,
		initiatorMissionID	=	"2",
	}, -- end of [21]
	[22] = 
	{
		initiatorPilotName	=	"F-16C_50",
		target_coalition	=	2,
		linked_event_id	=	0,
		targetMissionID	=	"3",
		target_ws_type1	=	1,
		initiator_object_id	=	16777472,
		target	=	"F-15C",
		target_object_id	=	16778752,
		targetPilotName	=	"F-15C",
		type	=	"start shooting",
		target_unit_type	=	"F-15C",
		t	=	363.88,
		initiator_unit_type	=	"F-16C_50",
		event_id	=	41,
		weapon	=	"M-61",
		initiator_ws_type1	=	1,
		initiatorMissionID	=	"2",
		initiator_coalition	=	1,
	}, -- end of [22]
	[23] = 
	{
		weapon_type	=	2566,
		type	=	"end shooting",
		initiatorPilotName	=	"F-16C_50",
		t	=	363.9,
		linked_event_id	=	0,
		event_id	=	42,
		initiator_unit_type	=	"F-16C_50",
		uin64_t_value	=	2,
		initiator_object_id	=	16777472,
		weapon	=	"M-61",
		ammo_consumption	=	2,
		initiator_coalition	=	1,
		initiator_ws_type1	=	1,
		initiatorMissionID	=	"2",
	}, -- end of [23]
	[24] = 
	{
		weapon_type	=	9243142,
		initiatorPilotName	=	"F-16C_50",
		target_coalition	=	2,
		linked_event_id	=	0,
		targetMissionID	=	"3",
		target_ws_type1	=	1,
		initiator_object_id	=	16777472,
		target	=	"F-15C",
		target_object_id	=	16778752,
		targetPilotName	=	"F-15C",
		type	=	"hit",
		target_unit_type	=	"F-15C",
		t	=	364.43,
		initiator_unit_type	=	"F-16C_50",
		event_id	=	43,
		weapon	=	"PGU-28/B SAPHEI",
		initiator_ws_type1	=	1,
		initiatorMissionID	=	"2",
		initiator_coalition	=	1,
	}, -- end of [24]
	[25] = 
	{
		weapon_type	=	9243142,
		initiatorPilotName	=	"F-16C_50",
		target_coalition	=	2,
		linked_event_id	=	0,
		targetMissionID	=	"3",
		target_ws_type1	=	1,
		initiator_object_id	=	16777472,
		target	=	"F-15C",
		target_object_id	=	16778752,
		targetPilotName	=	"F-15C",
		type	=	"bda",
		target_unit_type	=	"F-15C",
		t	=	364.43,
		initiator_unit_type	=	"F-16C_50",
		event_id	=	44,
		weapon	=	"PGU-28/B SAPHEI",
		initiator_ws_type1	=	1,
		initiatorMissionID	=	"2",
		initiator_coalition	=	1,
	}, -- end of [25]
	[26] = 
	{
		weapon_type	=	9243142,
		initiatorPilotName	=	"F-16C_50",
		target_coalition	=	2,
		linked_event_id	=	0,
		targetMissionID	=	"3",
		target_ws_type1	=	1,
		initiator_object_id	=	16777472,
		target	=	"F-15C",
		target_object_id	=	16778752,
		targetPilotName	=	"F-15C",
		type	=	"hit",
		target_unit_type	=	"F-15C",
		t	=	364.437,
		initiator_unit_type	=	"F-16C_50",
		event_id	=	45,
		weapon	=	"PGU-28/B SAPHEI",
		initiator_ws_type1	=	1,
		initiatorMissionID	=	"2",
		initiator_coalition	=	1,
	}, -- end of [26]
	[27] = 
	{
		weapon_type	=	9243142,
		initiatorPilotName	=	"F-16C_50",
		target_coalition	=	2,
		linked_event_id	=	0,
		targetMissionID	=	"3",
		target_ws_type1	=	1,
		initiator_object_id	=	16777472,
		target	=	"F-15C",
		target_object_id	=	16778752,
		targetPilotName	=	"F-15C",
		type	=	"bda",
		target_unit_type	=	"F-15C",
		t	=	364.437,
		initiator_unit_type	=	"F-16C_50",
		event_id	=	46,
		weapon	=	"PGU-28/B SAPHEI",
		initiator_ws_type1	=	1,
		initiatorMissionID	=	"2",
		initiator_coalition	=	1,
	}, -- end of [27]
	[28] = 
	{
		weapon_type	=	9243142,
		initiatorPilotName	=	"F-16C_50",
		target_coalition	=	2,
		linked_event_id	=	0,
		targetMissionID	=	"3",
		target_ws_type1	=	1,
		initiator_object_id	=	16777472,
		target	=	"F-15C",
		target_object_id	=	16778752,
		targetPilotName	=	"F-15C",
		type	=	"hit",
		target_unit_type	=	"F-15C",
		t	=	364.438,
		initiator_unit_type	=	"F-16C_50",
		event_id	=	47,
		weapon	=	"PGU-28/B SAPHEI",
		initiator_ws_type1	=	1,
		initiatorMissionID	=	"2",
		initiator_coalition	=	1,
	}, -- end of [28]
	[29] = 
	{
		weapon_type	=	9243142,
		initiatorPilotName	=	"F-16C_50",
		target_coalition	=	2,
		linked_event_id	=	0,
		targetMissionID	=	"3",
		target_ws_type1	=	1,
		initiator_object_id	=	16777472,
		target	=	"F-15C",
		target_object_id	=	16778752,
		targetPilotName	=	"F-15C",
		type	=	"bda",
		target_unit_type	=	"F-15C",
		t	=	364.438,
		initiator_unit_type	=	"F-16C_50",
		event_id	=	48,
		weapon	=	"PGU-28/B SAPHEI",
		initiator_ws_type1	=	1,
		initiatorMissionID	=	"2",
		initiator_coalition	=	1,
	}, -- end of [29]
	[30] = 
	{
		weapon_type	=	9243142,
		initiatorPilotName	=	"F-16C_50",
		target_coalition	=	2,
		linked_event_id	=	0,
		targetMissionID	=	"3",
		target_ws_type1	=	1,
		initiator_object_id	=	16777472,
		target	=	"F-15C",
		target_object_id	=	16778752,
		targetPilotName	=	"F-15C",
		type	=	"hit",
		target_unit_type	=	"F-15C",
		t	=	364.459,
		initiator_unit_type	=	"F-16C_50",
		event_id	=	49,
		weapon	=	"PGU-28/B SAPHEI",
		initiator_ws_type1	=	1,
		initiatorMissionID	=	"2",
		initiator_coalition	=	1,
	}, -- end of [30]
	[31] = 
	{
		weapon_type	=	9243142,
		initiatorPilotName	=	"F-16C_50",
		target_coalition	=	2,
		linked_event_id	=	0,
		targetMissionID	=	"3",
		target_ws_type1	=	1,
		initiator_object_id	=	16777472,
		target	=	"F-15C",
		target_object_id	=	16778752,
		targetPilotName	=	"F-15C",
		type	=	"bda",
		target_unit_type	=	"F-15C",
		t	=	364.459,
		initiator_unit_type	=	"F-16C_50",
		event_id	=	50,
		weapon	=	"PGU-28/B SAPHEI",
		initiator_ws_type1	=	1,
		initiatorMissionID	=	"2",
		initiator_coalition	=	1,
	}, -- end of [31]
	[32] = 
	{
		weapon_type	=	9243142,
		initiatorPilotName	=	"F-16C_50",
		target_coalition	=	2,
		linked_event_id	=	0,
		targetMissionID	=	"3",
		target_ws_type1	=	1,
		initiator_object_id	=	16777472,
		target	=	"F-15C",
		target_object_id	=	16778752,
		targetPilotName	=	"F-15C",
		type	=	"hit",
		target_unit_type	=	"F-15C",
		t	=	364.505,
		initiator_unit_type	=	"F-16C_50",
		event_id	=	51,
		weapon	=	"PGU-28/B SAPHEI",
		initiator_ws_type1	=	1,
		initiatorMissionID	=	"2",
		initiator_coalition	=	1,
	}, -- end of [32]
	[33] = 
	{
		weapon_type	=	9243142,
		initiatorPilotName	=	"F-16C_50",
		target_coalition	=	2,
		linked_event_id	=	0,
		targetMissionID	=	"3",
		target_ws_type1	=	1,
		initiator_object_id	=	16777472,
		target	=	"F-15C",
		target_object_id	=	16778752,
		targetPilotName	=	"F-15C",
		type	=	"bda",
		target_unit_type	=	"F-15C",
		t	=	364.505,
		initiator_unit_type	=	"F-16C_50",
		event_id	=	52,
		weapon	=	"PGU-28/B SAPHEI",
		initiator_ws_type1	=	1,
		initiatorMissionID	=	"2",
		initiator_coalition	=	1,
	}, -- end of [33]
	[34] = 
	{
		weapon_type	=	1443604,
		initiatorPilotName	=	"F-16C_50",
		target_coalition	=	2,
		linked_event_id	=	38,
		targetMissionID	=	"9",
		target_ws_type1	=	1,
		initiator_object_id	=	16777984,
		target	=	"F-15C",
		target_object_id	=	16779008,
		targetPilotName	=	"F-15C",
		type	=	"hit",
		target_unit_type	=	"F-15C",
		t	=	365.35,
		initiator_unit_type	=	"F-16C_50",
		event_id	=	53,
		weapon	=	"AIM-9M",
		initiator_ws_type1	=	1,
		initiatorMissionID	=	"7",
		initiator_coalition	=	1,
	}, -- end of [34]
	[35] = 
	{
		weapon_type	=	1443604,
		initiatorPilotName	=	"F-16C_50",
		target_coalition	=	2,
		linked_event_id	=	0,
		targetMissionID	=	"9",
		target_ws_type1	=	1,
		initiator_object_id	=	16777984,
		target	=	"F-15C",
		target_object_id	=	16779008,
		targetPilotName	=	"F-15C",
		type	=	"bda",
		target_unit_type	=	"F-15C",
		t	=	365.35,
		initiator_unit_type	=	"F-16C_50",
		event_id	=	54,
		weapon	=	"AIM-9M",
		initiator_ws_type1	=	1,
		initiatorMissionID	=	"7",
		initiator_coalition	=	1,
	}, -- end of [35]
	[36] = 
	{
		type	=	"ai abort mission",
		initiatorPilotName	=	"F-15C",
		t	=	365.35,
		initiator_unit_type	=	"F-15C",
		initiator_object_id	=	16779008,
		linked_event_id	=	0,
		event_id	=	55,
		initiator_coalition	=	2,
		initiator_ws_type1	=	1,
		initiatorMissionID	=	"9",
	}, -- end of [36]
	[37] = 
	{
		initiatorPilotName	=	"F-15C",
		target_coalition	=	2,
		linked_event_id	=	0,
		targetMissionID	=	"0",
		target_ws_type1	=	1,
		initiator_object_id	=	16779008,
		target	=	"",
		target_object_id	=	33587456,
		targetPilotName	=	"",
		type	=	"eject",
		target_unit_type	=	"",
		t	=	367.36,
		initiator_unit_type	=	"F-15C",
		event_id	=	56,
		initiator_ws_type1	=	1,
		initiatorMissionID	=	"9",
		initiator_coalition	=	2,
	}, -- end of [37]
	[38] = 
	{
		weapon_type	=	1443604,
		initiatorPilotName	=	"F-16C_50",
		target_coalition	=	2,
		linked_event_id	=	53,
		targetMissionID	=	"9",
		target_ws_type1	=	1,
		initiator_object_id	=	16777984,
		target	=	"F-15C",
		target_object_id	=	16779008,
		targetPilotName	=	"F-15C",
		type	=	"kill",
		target_unit_type	=	"F-15C",
		t	=	367.36,
		initiator_unit_type	=	"F-16C_50",
		event_id	=	57,
		weapon	=	"AIM-9M",
		initiator_ws_type1	=	1,
		initiatorMissionID	=	"7",
		initiator_coalition	=	1,
	}, -- end of [38]
	[39] = 
	{
		type	=	"score",
		initiatorPilotName	=	"F-16C_50",
		t	=	367.36,
		linked_event_id	=	57,
		initiator_unit_type	=	"F-16C_50",
		event_id	=	58,
		initiator_object_id	=	16777984,
		amount	=	50,
		comment	=	"air",
		initiator_coalition	=	1,
		initiator_ws_type1	=	1,
		initiatorMissionID	=	"7",
	}, -- end of [39]
	[40] = 
	{
		weapon_type	=	1443604,
		initiatorPilotName	=	"F-16C_50",
		target_coalition	=	2,
		linked_event_id	=	0,
		targetMissionID	=	"10",
		target_ws_type1	=	1,
		initiator_object_id	=	16778240,
		target	=	"F-15C",
		target_object_id	=	16779264,
		targetPilotName	=	"F-15C",
		type	=	"shot",
		target_unit_type	=	"F-15C",
		t	=	374.54,
		initiator_unit_type	=	"F-16C_50",
		event_id	=	60,
		weapon	=	"AIM-9M",
		initiator_ws_type1	=	1,
		initiatorMissionID	=	"8",
		initiator_coalition	=	1,
	}, -- end of [40]
	[41] = 
	{
		weapon_type	=	1443604,
		initiatorPilotName	=	"F-16C_50",
		target_coalition	=	2,
		linked_event_id	=	60,
		targetMissionID	=	"10",
		target_ws_type1	=	1,
		initiator_object_id	=	16778240,
		target	=	"F-15C",
		target_object_id	=	16779264,
		targetPilotName	=	"F-15C",
		type	=	"hit",
		target_unit_type	=	"F-15C",
		t	=	380.44,
		initiator_unit_type	=	"F-16C_50",
		event_id	=	61,
		weapon	=	"AIM-9M",
		initiator_ws_type1	=	1,
		initiatorMissionID	=	"8",
		initiator_coalition	=	1,
	}, -- end of [41]
	[42] = 
	{
		weapon_type	=	1443604,
		initiatorPilotName	=	"F-16C_50",
		target_coalition	=	2,
		linked_event_id	=	0,
		targetMissionID	=	"10",
		target_ws_type1	=	1,
		initiator_object_id	=	16778240,
		target	=	"F-15C",
		target_object_id	=	16779264,
		targetPilotName	=	"F-15C",
		type	=	"bda",
		target_unit_type	=	"F-15C",
		t	=	380.44,
		initiator_unit_type	=	"F-16C_50",
		event_id	=	62,
		weapon	=	"AIM-9M",
		initiator_ws_type1	=	1,
		initiatorMissionID	=	"8",
		initiator_coalition	=	1,
	}, -- end of [42]
	[43] = 
	{
		type	=	"ai abort mission",
		initiatorPilotName	=	"F-15C",
		t	=	380.44,
		initiator_unit_type	=	"F-15C",
		initiator_object_id	=	16779264,
		linked_event_id	=	0,
		event_id	=	63,
		initiator_coalition	=	2,
		initiator_ws_type1	=	1,
		initiatorMissionID	=	"10",
	}, -- end of [43]
	[44] = 
	{
		initiatorPilotName	=	"F-15C",
		target_coalition	=	2,
		linked_event_id	=	0,
		targetMissionID	=	"0",
		target_ws_type1	=	1,
		initiator_object_id	=	16779264,
		target	=	"",
		target_object_id	=	33588224,
		targetPilotName	=	"",
		type	=	"eject",
		target_unit_type	=	"",
		t	=	382.46,
		initiator_unit_type	=	"F-15C",
		event_id	=	64,
		initiator_ws_type1	=	1,
		initiatorMissionID	=	"10",
		initiator_coalition	=	2,
	}, -- end of [44]
	[45] = 
	{
		weapon_type	=	1443604,
		initiatorPilotName	=	"F-16C_50",
		target_coalition	=	2,
		linked_event_id	=	61,
		targetMissionID	=	"10",
		target_ws_type1	=	1,
		initiator_object_id	=	16778240,
		target	=	"F-15C",
		target_object_id	=	16779264,
		targetPilotName	=	"F-15C",
		type	=	"kill",
		target_unit_type	=	"F-15C",
		t	=	382.46,
		initiator_unit_type	=	"F-16C_50",
		event_id	=	65,
		weapon	=	"AIM-9M",
		initiator_ws_type1	=	1,
		initiatorMissionID	=	"8",
		initiator_coalition	=	1,
	}, -- end of [45]
	[46] = 
	{
		type	=	"score",
		initiatorPilotName	=	"F-16C_50",
		t	=	382.46,
		linked_event_id	=	65,
		initiator_unit_type	=	"F-16C_50",
		event_id	=	66,
		initiator_object_id	=	16778240,
		amount	=	50,
		comment	=	"air",
		initiator_coalition	=	1,
		initiator_ws_type1	=	1,
		initiatorMissionID	=	"8",
	}, -- end of [46]
	[47] = 
	{
		initiatorPilotName	=	"",
		target_coalition	=	2,
		linked_event_id	=	0,
		targetMissionID	=	"0",
		target_ws_type1	=	1,
		initiator_object_id	=	16967936,
		target	=	"",
		target_object_id	=	33587456,
		targetPilotName	=	"",
		type	=	"pilot discard chair",
		target_unit_type	=	"",
		t	=	383.12,
		initiator_unit_type	=	"",
		event_id	=	68,
		initiator_ws_type1	=	1,
		initiatorMissionID	=	"0",
		initiator_coalition	=	2,
	}, -- end of [47]
	[48] = 
	{
		initiatorPilotName	=	"",
		target_coalition	=	2,
		linked_event_id	=	0,
		targetMissionID	=	"0",
		target_ws_type1	=	1,
		initiator_object_id	=	16968192,
		target	=	"",
		target_object_id	=	33588224,
		targetPilotName	=	"",
		type	=	"pilot discard chair",
		target_unit_type	=	"",
		t	=	385.5,
		initiator_unit_type	=	"",
		event_id	=	69,
		initiator_ws_type1	=	1,
		initiatorMissionID	=	"0",
		initiator_coalition	=	2,
	}, -- end of [48]
	[49] = 
	{
		initiatorPilotName	=	"F-16C_50",
		target_coalition	=	2,
		linked_event_id	=	0,
		targetMissionID	=	"3",
		target_ws_type1	=	1,
		initiator_object_id	=	16777472,
		target	=	"F-15C",
		target_object_id	=	16778752,
		targetPilotName	=	"F-15C",
		type	=	"start shooting",
		target_unit_type	=	"F-15C",
		t	=	385.98,
		initiator_unit_type	=	"F-16C_50",
		event_id	=	70,
		weapon	=	"M-61",
		initiator_ws_type1	=	1,
		initiatorMissionID	=	"2",
		initiator_coalition	=	1,
	}, -- end of [49]
	[50] = 
	{
		weapon_type	=	2566,
		type	=	"end shooting",
		initiatorPilotName	=	"F-16C_50",
		t	=	386.16,
		linked_event_id	=	0,
		event_id	=	71,
		initiator_unit_type	=	"F-16C_50",
		uin64_t_value	=	18,
		initiator_object_id	=	16777472,
		weapon	=	"M-61",
		ammo_consumption	=	18,
		initiator_coalition	=	1,
		initiator_ws_type1	=	1,
		initiatorMissionID	=	"2",
	}, -- end of [50]
	[51] = 
	{
		weapon_type	=	9243142,
		initiatorPilotName	=	"F-16C_50",
		target_coalition	=	2,
		linked_event_id	=	0,
		targetMissionID	=	"3",
		target_ws_type1	=	1,
		initiator_object_id	=	16777472,
		target	=	"F-15C",
		target_object_id	=	16778752,
		targetPilotName	=	"F-15C",
		type	=	"hit",
		target_unit_type	=	"F-15C",
		t	=	386.467,
		initiator_unit_type	=	"F-16C_50",
		event_id	=	72,
		weapon	=	"PGU-28/B SAPHEI",
		initiator_ws_type1	=	1,
		initiatorMissionID	=	"2",
		initiator_coalition	=	1,
	}, -- end of [51]
	[52] = 
	{
		weapon_type	=	9243142,
		initiatorPilotName	=	"F-16C_50",
		target_coalition	=	2,
		linked_event_id	=	0,
		targetMissionID	=	"3",
		target_ws_type1	=	1,
		initiator_object_id	=	16777472,
		target	=	"F-15C",
		target_object_id	=	16778752,
		targetPilotName	=	"F-15C",
		type	=	"bda",
		target_unit_type	=	"F-15C",
		t	=	386.467,
		initiator_unit_type	=	"F-16C_50",
		event_id	=	73,
		weapon	=	"PGU-28/B SAPHEI",
		initiator_ws_type1	=	1,
		initiatorMissionID	=	"2",
		initiator_coalition	=	1,
	}, -- end of [52]
	[53] = 
	{
		weapon_type	=	9243142,
		initiatorPilotName	=	"F-16C_50",
		target_coalition	=	2,
		linked_event_id	=	0,
		targetMissionID	=	"3",
		target_ws_type1	=	1,
		initiator_object_id	=	16777472,
		target	=	"F-15C",
		target_object_id	=	16778752,
		targetPilotName	=	"F-15C",
		type	=	"hit",
		target_unit_type	=	"F-15C",
		t	=	386.467,
		initiator_unit_type	=	"F-16C_50",
		event_id	=	74,
		weapon	=	"PGU-28/B SAPHEI",
		initiator_ws_type1	=	1,
		initiatorMissionID	=	"2",
		initiator_coalition	=	1,
	}, -- end of [53]
	[54] = 
	{
		weapon_type	=	9243142,
		initiatorPilotName	=	"F-16C_50",
		target_coalition	=	2,
		linked_event_id	=	0,
		targetMissionID	=	"3",
		target_ws_type1	=	1,
		initiator_object_id	=	16777472,
		target	=	"F-15C",
		target_object_id	=	16778752,
		targetPilotName	=	"F-15C",
		type	=	"bda",
		target_unit_type	=	"F-15C",
		t	=	386.467,
		initiator_unit_type	=	"F-16C_50",
		event_id	=	75,
		weapon	=	"PGU-28/B SAPHEI",
		initiator_ws_type1	=	1,
		initiatorMissionID	=	"2",
		initiator_coalition	=	1,
	}, -- end of [54]
	[55] = 
	{
		weapon_type	=	9243142,
		initiatorPilotName	=	"F-16C_50",
		target_coalition	=	2,
		linked_event_id	=	0,
		targetMissionID	=	"3",
		target_ws_type1	=	1,
		initiator_object_id	=	16777472,
		target	=	"F-15C",
		target_object_id	=	16778752,
		targetPilotName	=	"F-15C",
		type	=	"hit",
		target_unit_type	=	"F-15C",
		t	=	386.497,
		initiator_unit_type	=	"F-16C_50",
		event_id	=	76,
		weapon	=	"PGU-28/B SAPHEI",
		initiator_ws_type1	=	1,
		initiatorMissionID	=	"2",
		initiator_coalition	=	1,
	}, -- end of [55]
	[56] = 
	{
		weapon_type	=	9243142,
		initiatorPilotName	=	"F-16C_50",
		target_coalition	=	2,
		linked_event_id	=	0,
		targetMissionID	=	"3",
		target_ws_type1	=	1,
		initiator_object_id	=	16777472,
		target	=	"F-15C",
		target_object_id	=	16778752,
		targetPilotName	=	"F-15C",
		type	=	"bda",
		target_unit_type	=	"F-15C",
		t	=	386.497,
		initiator_unit_type	=	"F-16C_50",
		event_id	=	77,
		weapon	=	"PGU-28/B SAPHEI",
		initiator_ws_type1	=	1,
		initiatorMissionID	=	"2",
		initiator_coalition	=	1,
	}, -- end of [56]
	[57] = 
	{
		type	=	"ai abort mission",
		initiatorPilotName	=	"F-15C",
		t	=	386.497,
		initiator_unit_type	=	"F-15C",
		initiator_object_id	=	16778752,
		linked_event_id	=	0,
		event_id	=	78,
		initiator_coalition	=	2,
		initiator_ws_type1	=	1,
		initiatorMissionID	=	"3",
	}, -- end of [57]
	[58] = 
	{
		type	=	"crash",
		initiatorPilotName	=	"F-15C",
		t	=	399.12,
		initiator_unit_type	=	"F-15C",
		initiator_object_id	=	16779008,
		linked_event_id	=	0,
		event_id	=	79,
		initiator_coalition	=	2,
		initiator_ws_type1	=	1,
		initiatorMissionID	=	"9",
	}, -- end of [58]
	[59] = 
	{
		type	=	"crash",
		initiatorPilotName	=	"F-15C",
		t	=	411.34,
		initiator_unit_type	=	"F-15C",
		initiator_object_id	=	16779264,
		linked_event_id	=	0,
		event_id	=	80,
		initiator_coalition	=	2,
		initiator_ws_type1	=	1,
		initiatorMissionID	=	"10",
	}, -- end of [59]
	[60] = 
	{
		type	=	"mission end",
		comment	=	"winner: , msg: ",
		t	=	538.229,
		linked_event_id	=	0,
		event_id	=	82,
	}, -- end of [60]
} -- end of events
