mission_file_path	=	"C:\\Users\\dedig\\Saved Games\\DCS\\Missions\\test-unit-group-script.miz"
callsign	=	"New callsign"
world_state = 
{
	[1] = 
	{
		alt	=	1904.8726806641,
		type	=	"F-16C_50",
		groupId	=	2,
		heading	=	4.3427887598621,
		y	=	-82977.1328125,
		goto	=	1,
		coalition	=	"red",
		x	=	30398.63671875,
		speed	=	216.09155273438,
		payload = 
		{
			pylons = 	{},
			fuel	=	912,
			flare	=	50,
			ammo_type	=	5,
			chaff	=	60,
			gun	=	99,
		}, -- end of payload
		N_obj	=	1,
		inAir	=	true,
		unitId	=	2,
		country	=	0,
	}, -- end of [1]
	[2] = 
	{
		alt	=	6033.4111328125,
		type	=	"F-16C_50",
		groupId	=	2,
		heading	=	2.9598434607135,
		y	=	-76614.015625,
		goto	=	1,
		coalition	=	"red",
		x	=	34560.171875,
		speed	=	193.56358337402,
		payload = 
		{
			pylons = 	{},
			fuel	=	661,
			flare	=	20,
			ammo_type	=	5,
			chaff	=	60,
			gun	=	87,
		}, -- end of payload
		N_obj	=	2,
		inAir	=	true,
		unitId	=	6,
		country	=	0,
	}, -- end of [2]
	[3] = 
	{
		alt	=	6058.6123046875,
		type	=	"F-16C_50",
		groupId	=	2,
		heading	=	2.9636152426349,
		y	=	-76760.5625,
		goto	=	1,
		coalition	=	"red",
		x	=	34455.359375,
		speed	=	207.1982421875,
		payload = 
		{
			pylons = 	{},
			fuel	=	824,
			flare	=	48,
			ammo_type	=	5,
			chaff	=	60,
			gun	=	81,
		}, -- end of payload
		N_obj	=	3,
		inAir	=	true,
		unitId	=	7,
		country	=	0,
	}, -- end of [3]
	[4] = 
	{
		alt	=	4517.0380859375,
		type	=	"F-16C_50",
		groupId	=	2,
		heading	=	1.3879364172565,
		y	=	-77037.84375,
		goto	=	1,
		coalition	=	"red",
		x	=	34011.98828125,
		speed	=	219.14337158203,
		payload = 
		{
			pylons = 	{},
			fuel	=	749,
			flare	=	50,
			ammo_type	=	5,
			chaff	=	60,
			gun	=	100,
		}, -- end of payload
		N_obj	=	4,
		inAir	=	true,
		unitId	=	8,
		country	=	0,
	}, -- end of [4]
} -- end of world_state
mission_file_mark	=	1748630636
mission_time	=	459.612
warehouses = 
{
	airports = 
	{
		[1] = 
		{
			unlimitedFuel	=	true,
			unlimitedMunitions	=	true,
			unlimitedAircrafts	=	true,
		}, -- end of [1]
		[2] = 
		{
			unlimitedFuel	=	true,
			unlimitedMunitions	=	true,
			unlimitedAircrafts	=	true,
		}, -- end of [2]
		[3] = 
		{
			unlimitedFuel	=	true,
			unlimitedMunitions	=	true,
			unlimitedAircrafts	=	true,
		}, -- end of [3]
		[4] = 
		{
			unlimitedFuel	=	true,
			unlimitedMunitions	=	true,
			unlimitedAircrafts	=	true,
		}, -- end of [4]
		[5] = 
		{
			unlimitedFuel	=	true,
			unlimitedMunitions	=	true,
			unlimitedAircrafts	=	true,
		}, -- end of [5]
		[6] = 
		{
			unlimitedFuel	=	true,
			unlimitedMunitions	=	true,
			unlimitedAircrafts	=	true,
		}, -- end of [6]
		[7] = 
		{
			unlimitedFuel	=	true,
			unlimitedMunitions	=	true,
			unlimitedAircrafts	=	true,
		}, -- end of [7]
		[8] = 
		{
			unlimitedFuel	=	true,
			unlimitedMunitions	=	true,
			unlimitedAircrafts	=	true,
		}, -- end of [8]
		[9] = 
		{
			unlimitedFuel	=	true,
			unlimitedMunitions	=	true,
			unlimitedAircrafts	=	true,
		}, -- end of [9]
		[10] = 
		{
			unlimitedFuel	=	true,
			unlimitedMunitions	=	true,
			unlimitedAircrafts	=	true,
		}, -- end of [10]
		[11] = 
		{
			unlimitedFuel	=	true,
			unlimitedMunitions	=	true,
			unlimitedAircrafts	=	true,
		}, -- end of [11]
		[12] = 
		{
			unlimitedFuel	=	true,
			unlimitedMunitions	=	true,
			unlimitedAircrafts	=	true,
		}, -- end of [12]
		[13] = 
		{
			unlimitedFuel	=	true,
			unlimitedMunitions	=	true,
			unlimitedAircrafts	=	true,
		}, -- end of [13]
		[14] = 
		{
			unlimitedFuel	=	true,
			unlimitedMunitions	=	true,
			unlimitedAircrafts	=	true,
		}, -- end of [14]
		[15] = 
		{
			unlimitedFuel	=	true,
			unlimitedMunitions	=	true,
			unlimitedAircrafts	=	true,
		}, -- end of [15]
		[16] = 
		{
			unlimitedFuel	=	true,
			unlimitedMunitions	=	true,
			unlimitedAircrafts	=	true,
		}, -- end of [16]
		[17] = 
		{
			unlimitedFuel	=	true,
			unlimitedMunitions	=	true,
			unlimitedAircrafts	=	true,
		}, -- end of [17]
		[18] = 
		{
			unlimitedFuel	=	true,
			unlimitedMunitions	=	true,
			unlimitedAircrafts	=	true,
		}, -- end of [18]
		[19] = 
		{
			unlimitedFuel	=	true,
			unlimitedMunitions	=	true,
			unlimitedAircrafts	=	true,
		}, -- end of [19]
		[20] = 
		{
			unlimitedFuel	=	true,
			unlimitedMunitions	=	true,
			unlimitedAircrafts	=	true,
		}, -- end of [20]
		[21] = 
		{
			unlimitedFuel	=	true,
			unlimitedMunitions	=	true,
			unlimitedAircrafts	=	true,
		}, -- end of [21]
		[22] = 
		{
			unlimitedFuel	=	true,
			unlimitedMunitions	=	true,
			unlimitedAircrafts	=	true,
		}, -- end of [22]
		[23] = 
		{
			unlimitedFuel	=	true,
			unlimitedMunitions	=	true,
			unlimitedAircrafts	=	true,
		}, -- end of [23]
		[24] = 
		{
			unlimitedFuel	=	true,
			unlimitedMunitions	=	true,
			unlimitedAircrafts	=	true,
		}, -- end of [24]
		[25] = 
		{
			unlimitedFuel	=	true,
			unlimitedMunitions	=	true,
			unlimitedAircrafts	=	true,
		}, -- end of [25]
		[26] = 
		{
			unlimitedFuel	=	true,
			unlimitedMunitions	=	true,
			unlimitedAircrafts	=	true,
		}, -- end of [26]
		[27] = 
		{
			unlimitedFuel	=	true,
			unlimitedMunitions	=	true,
			unlimitedAircrafts	=	true,
		}, -- end of [27]
		[28] = 
		{
			unlimitedFuel	=	true,
			unlimitedMunitions	=	true,
			unlimitedAircrafts	=	true,
		}, -- end of [28]
		[29] = 
		{
			unlimitedFuel	=	true,
			unlimitedMunitions	=	true,
			unlimitedAircrafts	=	true,
		}, -- end of [29]
		[30] = 
		{
			unlimitedFuel	=	true,
			unlimitedMunitions	=	true,
			unlimitedAircrafts	=	true,
		}, -- end of [30]
		[31] = 
		{
			unlimitedFuel	=	true,
			unlimitedMunitions	=	true,
			unlimitedAircrafts	=	true,
		}, -- end of [31]
		[32] = 
		{
			unlimitedFuel	=	true,
			unlimitedMunitions	=	true,
			unlimitedAircrafts	=	true,
		}, -- end of [32]
		[33] = 
		{
			unlimitedFuel	=	true,
			unlimitedMunitions	=	true,
			unlimitedAircrafts	=	true,
		}, -- end of [33]
		[34] = 
		{
			unlimitedFuel	=	true,
			unlimitedMunitions	=	true,
			unlimitedAircrafts	=	true,
		}, -- end of [34]
		[35] = 
		{
			unlimitedFuel	=	true,
			unlimitedMunitions	=	true,
			unlimitedAircrafts	=	true,
		}, -- end of [35]
		[36] = 
		{
			unlimitedFuel	=	true,
			unlimitedMunitions	=	true,
			unlimitedAircrafts	=	true,
		}, -- end of [36]
		[37] = 
		{
			unlimitedFuel	=	true,
			unlimitedMunitions	=	true,
			unlimitedAircrafts	=	true,
		}, -- end of [37]
		[38] = 
		{
			unlimitedFuel	=	true,
			unlimitedMunitions	=	true,
			unlimitedAircrafts	=	true,
		}, -- end of [38]
		[39] = 
		{
			unlimitedFuel	=	true,
			unlimitedMunitions	=	true,
			unlimitedAircrafts	=	true,
		}, -- end of [39]
		[40] = 
		{
			unlimitedFuel	=	true,
			unlimitedMunitions	=	true,
			unlimitedAircrafts	=	true,
		}, -- end of [40]
		[41] = 
		{
			unlimitedFuel	=	true,
			unlimitedMunitions	=	true,
			unlimitedAircrafts	=	true,
		}, -- end of [41]
		[42] = 
		{
			unlimitedFuel	=	true,
			unlimitedMunitions	=	true,
			unlimitedAircrafts	=	true,
		}, -- end of [42]
		[43] = 
		{
			gasoline = 
			{
				InitFuel	=	0,
			}, -- end of gasoline
			unlimitedMunitions	=	false,
			methanol_mixture = 
			{
				InitFuel	=	0,
			}, -- end of methanol_mixture
			jet_fuel = 
			{
				InitFuel	=	0,
			}, -- end of jet_fuel
			diesel = 
			{
				InitFuel	=	0,
			}, -- end of diesel
			aircrafts = 
			{
				helicopters = 	{},
				planes = 	{},
			}, -- end of aircrafts
			weapons = 	{},
			unlimitedFuel	=	false,
			unlimitedAircrafts	=	false,
		}, -- end of [43]
		[44] = 
		{
			unlimitedFuel	=	true,
			unlimitedMunitions	=	true,
			unlimitedAircrafts	=	true,
		}, -- end of [44]
		[45] = 
		{
			unlimitedFuel	=	true,
			unlimitedMunitions	=	true,
			unlimitedAircrafts	=	true,
		}, -- end of [45]
		[46] = 
		{
			unlimitedFuel	=	true,
			unlimitedMunitions	=	true,
			unlimitedAircrafts	=	true,
		}, -- end of [46]
		[47] = 
		{
			unlimitedFuel	=	true,
			unlimitedMunitions	=	true,
			unlimitedAircrafts	=	true,
		}, -- end of [47]
		[48] = 
		{
			unlimitedFuel	=	true,
			unlimitedMunitions	=	true,
			unlimitedAircrafts	=	true,
		}, -- end of [48]
		[49] = 
		{
			unlimitedFuel	=	true,
			unlimitedMunitions	=	true,
			unlimitedAircrafts	=	true,
		}, -- end of [49]
		[50] = 
		{
			unlimitedFuel	=	true,
			unlimitedMunitions	=	true,
			unlimitedAircrafts	=	true,
		}, -- end of [50]
		[51] = 
		{
			unlimitedFuel	=	true,
			unlimitedMunitions	=	true,
			unlimitedAircrafts	=	true,
		}, -- end of [51]
		[52] = 
		{
			unlimitedFuel	=	true,
			unlimitedMunitions	=	true,
			unlimitedAircrafts	=	true,
		}, -- end of [52]
		[53] = 
		{
			unlimitedFuel	=	true,
			unlimitedMunitions	=	true,
			unlimitedAircrafts	=	true,
		}, -- end of [53]
		[54] = 
		{
			unlimitedFuel	=	true,
			unlimitedMunitions	=	true,
			unlimitedAircrafts	=	true,
		}, -- end of [54]
		[55] = 
		{
			unlimitedFuel	=	true,
			unlimitedMunitions	=	true,
			unlimitedAircrafts	=	true,
		}, -- end of [55]
		[57] = 
		{
			unlimitedFuel	=	true,
			unlimitedMunitions	=	true,
			unlimitedAircrafts	=	true,
		}, -- end of [57]
		[58] = 
		{
			unlimitedFuel	=	true,
			unlimitedMunitions	=	true,
			unlimitedAircrafts	=	true,
		}, -- end of [58]
		[59] = 
		{
			unlimitedFuel	=	true,
			unlimitedMunitions	=	true,
			unlimitedAircrafts	=	true,
		}, -- end of [59]
		[60] = 
		{
			unlimitedFuel	=	true,
			unlimitedMunitions	=	true,
			unlimitedAircrafts	=	true,
		}, -- end of [60]
		[63] = 
		{
			unlimitedFuel	=	true,
			unlimitedMunitions	=	true,
			unlimitedAircrafts	=	true,
		}, -- end of [63]
		[64] = 
		{
			unlimitedFuel	=	true,
			unlimitedMunitions	=	true,
			unlimitedAircrafts	=	true,
		}, -- end of [64]
		[65] = 
		{
			unlimitedFuel	=	true,
			unlimitedMunitions	=	true,
			unlimitedAircrafts	=	true,
		}, -- end of [65]
		[66] = 
		{
			unlimitedFuel	=	true,
			unlimitedMunitions	=	true,
			unlimitedAircrafts	=	true,
		}, -- end of [66]
		[67] = 
		{
			unlimitedFuel	=	true,
			unlimitedMunitions	=	true,
			unlimitedAircrafts	=	true,
		}, -- end of [67]
		[68] = 
		{
			unlimitedFuel	=	true,
			unlimitedMunitions	=	true,
			unlimitedAircrafts	=	true,
		}, -- end of [68]
		[69] = 
		{
			unlimitedFuel	=	true,
			unlimitedMunitions	=	true,
			unlimitedAircrafts	=	true,
		}, -- end of [69]
		[70] = 
		{
			unlimitedFuel	=	true,
			unlimitedMunitions	=	true,
			unlimitedAircrafts	=	true,
		}, -- end of [70]
		[71] = 
		{
			unlimitedFuel	=	true,
			unlimitedMunitions	=	true,
			unlimitedAircrafts	=	true,
		}, -- end of [71]
		[72] = 
		{
			unlimitedFuel	=	true,
			unlimitedMunitions	=	true,
			unlimitedAircrafts	=	true,
		}, -- end of [72]
		[73] = 
		{
			unlimitedFuel	=	true,
			unlimitedMunitions	=	true,
			unlimitedAircrafts	=	true,
		}, -- end of [73]
		[74] = 
		{
			unlimitedFuel	=	true,
			unlimitedMunitions	=	true,
			unlimitedAircrafts	=	true,
		}, -- end of [74]
		[76] = 
		{
			unlimitedFuel	=	true,
			unlimitedMunitions	=	true,
			unlimitedAircrafts	=	true,
		}, -- end of [76]
		[77] = 
		{
			unlimitedFuel	=	true,
			unlimitedMunitions	=	true,
			unlimitedAircrafts	=	true,
		}, -- end of [77]
		[78] = 
		{
			unlimitedFuel	=	true,
			unlimitedMunitions	=	true,
			unlimitedAircrafts	=	true,
		}, -- end of [78]
		[79] = 
		{
			unlimitedFuel	=	true,
			unlimitedMunitions	=	true,
			unlimitedAircrafts	=	true,
		}, -- end of [79]
		[80] = 
		{
			unlimitedFuel	=	true,
			unlimitedMunitions	=	true,
			unlimitedAircrafts	=	true,
		}, -- end of [80]
		[82] = 
		{
			unlimitedFuel	=	true,
			unlimitedMunitions	=	true,
			unlimitedAircrafts	=	true,
		}, -- end of [82]
		[83] = 
		{
			unlimitedFuel	=	true,
			unlimitedMunitions	=	true,
			unlimitedAircrafts	=	true,
		}, -- end of [83]
		[84] = 
		{
			unlimitedFuel	=	true,
			unlimitedMunitions	=	true,
			unlimitedAircrafts	=	true,
		}, -- end of [84]
		[85] = 
		{
			unlimitedFuel	=	true,
			unlimitedMunitions	=	true,
			unlimitedAircrafts	=	true,
		}, -- end of [85]
		[86] = 
		{
			unlimitedFuel	=	true,
			unlimitedMunitions	=	true,
			unlimitedAircrafts	=	true,
		}, -- end of [86]
		[87] = 
		{
			unlimitedFuel	=	true,
			unlimitedMunitions	=	true,
			unlimitedAircrafts	=	true,
		}, -- end of [87]
		[89] = 
		{
			unlimitedFuel	=	true,
			unlimitedMunitions	=	true,
			unlimitedAircrafts	=	true,
		}, -- end of [89]
		[92] = 
		{
			unlimitedFuel	=	true,
			unlimitedMunitions	=	true,
			unlimitedAircrafts	=	true,
		}, -- end of [92]
		[93] = 
		{
			unlimitedFuel	=	true,
			unlimitedMunitions	=	true,
			unlimitedAircrafts	=	true,
		}, -- end of [93]
		[94] = 
		{
			unlimitedFuel	=	true,
			unlimitedMunitions	=	true,
			unlimitedAircrafts	=	true,
		}, -- end of [94]
		[95] = 
		{
			unlimitedFuel	=	true,
			unlimitedMunitions	=	true,
			unlimitedAircrafts	=	true,
		}, -- end of [95]
		[96] = 
		{
			unlimitedFuel	=	true,
			unlimitedMunitions	=	true,
			unlimitedAircrafts	=	true,
		}, -- end of [96]
		[97] = 
		{
			unlimitedFuel	=	true,
			unlimitedMunitions	=	true,
			unlimitedAircrafts	=	true,
		}, -- end of [97]
		[98] = 
		{
			unlimitedFuel	=	true,
			unlimitedMunitions	=	true,
			unlimitedAircrafts	=	true,
		}, -- end of [98]
		[99] = 
		{
			unlimitedFuel	=	true,
			unlimitedMunitions	=	true,
			unlimitedAircrafts	=	true,
		}, -- end of [99]
		[100] = 
		{
			unlimitedFuel	=	true,
			unlimitedMunitions	=	true,
			unlimitedAircrafts	=	true,
		}, -- end of [100]
		[101] = 
		{
			unlimitedFuel	=	true,
			unlimitedMunitions	=	true,
			unlimitedAircrafts	=	true,
		}, -- end of [101]
		[102] = 
		{
			unlimitedFuel	=	true,
			unlimitedMunitions	=	true,
			unlimitedAircrafts	=	true,
		}, -- end of [102]
		[103] = 
		{
			unlimitedFuel	=	true,
			unlimitedMunitions	=	true,
			unlimitedAircrafts	=	true,
		}, -- end of [103]
		[104] = 
		{
			unlimitedFuel	=	true,
			unlimitedMunitions	=	true,
			unlimitedAircrafts	=	true,
		}, -- end of [104]
		[105] = 
		{
			unlimitedFuel	=	true,
			unlimitedMunitions	=	true,
			unlimitedAircrafts	=	true,
		}, -- end of [105]
		[106] = 
		{
			unlimitedFuel	=	true,
			unlimitedMunitions	=	true,
			unlimitedAircrafts	=	true,
		}, -- end of [106]
		[107] = 
		{
			unlimitedFuel	=	true,
			unlimitedMunitions	=	true,
			unlimitedAircrafts	=	true,
		}, -- end of [107]
		[108] = 
		{
			unlimitedFuel	=	true,
			unlimitedMunitions	=	true,
			unlimitedAircrafts	=	true,
		}, -- end of [108]
		[109] = 
		{
			unlimitedFuel	=	true,
			unlimitedMunitions	=	true,
			unlimitedAircrafts	=	true,
		}, -- end of [109]
		[110] = 
		{
			unlimitedFuel	=	true,
			unlimitedMunitions	=	true,
			unlimitedAircrafts	=	true,
		}, -- end of [110]
		[111] = 
		{
			unlimitedFuel	=	true,
			unlimitedMunitions	=	true,
			unlimitedAircrafts	=	true,
		}, -- end of [111]
		[112] = 
		{
			unlimitedFuel	=	true,
			unlimitedMunitions	=	true,
			unlimitedAircrafts	=	true,
		}, -- end of [112]
		[113] = 
		{
			unlimitedFuel	=	true,
			unlimitedMunitions	=	true,
			unlimitedAircrafts	=	true,
		}, -- end of [113]
		[114] = 
		{
			unlimitedFuel	=	true,
			unlimitedMunitions	=	true,
			unlimitedAircrafts	=	true,
		}, -- end of [114]
		[115] = 
		{
			unlimitedFuel	=	true,
			unlimitedMunitions	=	true,
			unlimitedAircrafts	=	true,
		}, -- end of [115]
		[116] = 
		{
			unlimitedFuel	=	true,
			unlimitedMunitions	=	true,
			unlimitedAircrafts	=	true,
		}, -- end of [116]
		[117] = 
		{
			unlimitedFuel	=	true,
			unlimitedMunitions	=	true,
			unlimitedAircrafts	=	true,
		}, -- end of [117]
		[119] = 
		{
			unlimitedFuel	=	true,
			unlimitedMunitions	=	true,
			unlimitedAircrafts	=	true,
		}, -- end of [119]
		[120] = 
		{
			unlimitedFuel	=	true,
			unlimitedMunitions	=	true,
			unlimitedAircrafts	=	true,
		}, -- end of [120]
		[121] = 
		{
			unlimitedFuel	=	true,
			unlimitedMunitions	=	true,
			unlimitedAircrafts	=	true,
		}, -- end of [121]
		[122] = 
		{
			unlimitedFuel	=	true,
			unlimitedMunitions	=	true,
			unlimitedAircrafts	=	true,
		}, -- end of [122]
		[123] = 
		{
			unlimitedFuel	=	true,
			unlimitedMunitions	=	true,
			unlimitedAircrafts	=	true,
		}, -- end of [123]
		[124] = 
		{
			unlimitedFuel	=	true,
			unlimitedMunitions	=	true,
			unlimitedAircrafts	=	true,
		}, -- end of [124]
		[125] = 
		{
			unlimitedFuel	=	true,
			unlimitedMunitions	=	true,
			unlimitedAircrafts	=	true,
		}, -- end of [125]
		[126] = 
		{
			unlimitedFuel	=	true,
			unlimitedMunitions	=	true,
			unlimitedAircrafts	=	true,
		}, -- end of [126]
		[127] = 
		{
			unlimitedFuel	=	true,
			unlimitedMunitions	=	true,
			unlimitedAircrafts	=	true,
		}, -- end of [127]
		[128] = 
		{
			unlimitedFuel	=	true,
			unlimitedMunitions	=	true,
			unlimitedAircrafts	=	true,
		}, -- end of [128]
		[129] = 
		{
			unlimitedFuel	=	true,
			unlimitedMunitions	=	true,
			unlimitedAircrafts	=	true,
		}, -- end of [129]
		[130] = 
		{
			unlimitedFuel	=	true,
			unlimitedMunitions	=	true,
			unlimitedAircrafts	=	true,
		}, -- end of [130]
		[131] = 
		{
			unlimitedFuel	=	true,
			unlimitedMunitions	=	true,
			unlimitedAircrafts	=	true,
		}, -- end of [131]
		[132] = 
		{
			unlimitedFuel	=	true,
			unlimitedMunitions	=	true,
			unlimitedAircrafts	=	true,
		}, -- end of [132]
		[133] = 
		{
			unlimitedFuel	=	true,
			unlimitedMunitions	=	true,
			unlimitedAircrafts	=	true,
		}, -- end of [133]
		[134] = 
		{
			unlimitedFuel	=	true,
			unlimitedMunitions	=	true,
			unlimitedAircrafts	=	true,
		}, -- end of [134]
		[135] = 
		{
			unlimitedFuel	=	true,
			unlimitedMunitions	=	true,
			unlimitedAircrafts	=	true,
		}, -- end of [135]
		[136] = 
		{
			unlimitedFuel	=	true,
			unlimitedMunitions	=	true,
			unlimitedAircrafts	=	true,
		}, -- end of [136]
		[137] = 
		{
			unlimitedFuel	=	true,
			unlimitedMunitions	=	true,
			unlimitedAircrafts	=	true,
		}, -- end of [137]
		[138] = 
		{
			unlimitedFuel	=	true,
			unlimitedMunitions	=	true,
			unlimitedAircrafts	=	true,
		}, -- end of [138]
		[139] = 
		{
			unlimitedFuel	=	true,
			unlimitedMunitions	=	true,
			unlimitedAircrafts	=	true,
		}, -- end of [139]
		[140] = 
		{
			unlimitedFuel	=	true,
			unlimitedMunitions	=	true,
			unlimitedAircrafts	=	true,
		}, -- end of [140]
		[141] = 
		{
			unlimitedFuel	=	true,
			unlimitedMunitions	=	true,
			unlimitedAircrafts	=	true,
		}, -- end of [141]
		[142] = 
		{
			unlimitedFuel	=	true,
			unlimitedMunitions	=	true,
			unlimitedAircrafts	=	true,
		}, -- end of [142]
		[143] = 
		{
			unlimitedFuel	=	true,
			unlimitedMunitions	=	true,
			unlimitedAircrafts	=	true,
		}, -- end of [143]
		[144] = 
		{
			unlimitedFuel	=	true,
			unlimitedMunitions	=	true,
			unlimitedAircrafts	=	true,
		}, -- end of [144]
		[145] = 
		{
			unlimitedFuel	=	true,
			unlimitedMunitions	=	true,
			unlimitedAircrafts	=	true,
		}, -- end of [145]
		[146] = 
		{
			unlimitedFuel	=	true,
			unlimitedMunitions	=	true,
			unlimitedAircrafts	=	true,
		}, -- end of [146]
		[147] = 
		{
			unlimitedFuel	=	true,
			unlimitedMunitions	=	true,
			unlimitedAircrafts	=	true,
		}, -- end of [147]
		[148] = 
		{
			unlimitedFuel	=	true,
			unlimitedMunitions	=	true,
			unlimitedAircrafts	=	true,
		}, -- end of [148]
		[149] = 
		{
			unlimitedFuel	=	true,
			unlimitedMunitions	=	true,
			unlimitedAircrafts	=	true,
		}, -- end of [149]
		[150] = 
		{
			unlimitedFuel	=	true,
			unlimitedMunitions	=	true,
			unlimitedAircrafts	=	true,
		}, -- end of [150]
		[151] = 
		{
			unlimitedFuel	=	true,
			unlimitedMunitions	=	true,
			unlimitedAircrafts	=	true,
		}, -- end of [151]
		[152] = 
		{
			unlimitedFuel	=	true,
			unlimitedMunitions	=	true,
			unlimitedAircrafts	=	true,
		}, -- end of [152]
		[153] = 
		{
			unlimitedFuel	=	true,
			unlimitedMunitions	=	true,
			unlimitedAircrafts	=	true,
		}, -- end of [153]
		[154] = 
		{
			unlimitedFuel	=	true,
			unlimitedMunitions	=	true,
			unlimitedAircrafts	=	true,
		}, -- end of [154]
		[155] = 
		{
			unlimitedFuel	=	true,
			unlimitedMunitions	=	true,
			unlimitedAircrafts	=	true,
		}, -- end of [155]
		[156] = 
		{
			unlimitedFuel	=	true,
			unlimitedMunitions	=	true,
			unlimitedAircrafts	=	true,
		}, -- end of [156]
		[157] = 
		{
			unlimitedFuel	=	true,
			unlimitedMunitions	=	true,
			unlimitedAircrafts	=	true,
		}, -- end of [157]
		[158] = 
		{
			unlimitedFuel	=	true,
			unlimitedMunitions	=	true,
			unlimitedAircrafts	=	true,
		}, -- end of [158]
		[159] = 
		{
			unlimitedFuel	=	true,
			unlimitedMunitions	=	true,
			unlimitedAircrafts	=	true,
		}, -- end of [159]
		[160] = 
		{
			unlimitedFuel	=	true,
			unlimitedMunitions	=	true,
			unlimitedAircrafts	=	true,
		}, -- end of [160]
		[161] = 
		{
			unlimitedFuel	=	true,
			unlimitedMunitions	=	true,
			unlimitedAircrafts	=	true,
		}, -- end of [161]
		[162] = 
		{
			unlimitedFuel	=	true,
			unlimitedMunitions	=	true,
			unlimitedAircrafts	=	true,
		}, -- end of [162]
		[163] = 
		{
			unlimitedFuel	=	true,
			unlimitedMunitions	=	true,
			unlimitedAircrafts	=	true,
		}, -- end of [163]
		[164] = 
		{
			unlimitedFuel	=	true,
			unlimitedMunitions	=	true,
			unlimitedAircrafts	=	true,
		}, -- end of [164]
		[165] = 
		{
			unlimitedFuel	=	true,
			unlimitedMunitions	=	true,
			unlimitedAircrafts	=	true,
		}, -- end of [165]
		[166] = 
		{
			unlimitedFuel	=	true,
			unlimitedMunitions	=	true,
			unlimitedAircrafts	=	true,
		}, -- end of [166]
		[167] = 
		{
			unlimitedFuel	=	true,
			unlimitedMunitions	=	true,
			unlimitedAircrafts	=	true,
		}, -- end of [167]
		[168] = 
		{
			unlimitedFuel	=	true,
			unlimitedMunitions	=	true,
			unlimitedAircrafts	=	true,
		}, -- end of [168]
		[169] = 
		{
			unlimitedFuel	=	true,
			unlimitedMunitions	=	true,
			unlimitedAircrafts	=	true,
		}, -- end of [169]
		[170] = 
		{
			unlimitedFuel	=	true,
			unlimitedMunitions	=	true,
			unlimitedAircrafts	=	true,
		}, -- end of [170]
		[171] = 
		{
			unlimitedFuel	=	true,
			unlimitedMunitions	=	true,
			unlimitedAircrafts	=	true,
		}, -- end of [171]
		[172] = 
		{
			unlimitedFuel	=	true,
			unlimitedMunitions	=	true,
			unlimitedAircrafts	=	true,
		}, -- end of [172]
		[173] = 
		{
			unlimitedFuel	=	true,
			unlimitedMunitions	=	true,
			unlimitedAircrafts	=	true,
		}, -- end of [173]
		[174] = 
		{
			unlimitedFuel	=	true,
			unlimitedMunitions	=	true,
			unlimitedAircrafts	=	true,
		}, -- end of [174]
		[175] = 
		{
			unlimitedFuel	=	true,
			unlimitedMunitions	=	true,
			unlimitedAircrafts	=	true,
		}, -- end of [175]
		[176] = 
		{
			unlimitedFuel	=	true,
			unlimitedMunitions	=	true,
			unlimitedAircrafts	=	true,
		}, -- end of [176]
		[177] = 
		{
			unlimitedFuel	=	true,
			unlimitedMunitions	=	true,
			unlimitedAircrafts	=	true,
		}, -- end of [177]
		[178] = 
		{
			unlimitedFuel	=	true,
			unlimitedMunitions	=	true,
			unlimitedAircrafts	=	true,
		}, -- end of [178]
		[179] = 
		{
			unlimitedFuel	=	true,
			unlimitedMunitions	=	true,
			unlimitedAircrafts	=	true,
		}, -- end of [179]
		[180] = 
		{
			unlimitedFuel	=	true,
			unlimitedMunitions	=	true,
			unlimitedAircrafts	=	true,
		}, -- end of [180]
		[181] = 
		{
			unlimitedFuel	=	true,
			unlimitedMunitions	=	true,
			unlimitedAircrafts	=	true,
		}, -- end of [181]
		[182] = 
		{
			unlimitedFuel	=	true,
			unlimitedMunitions	=	true,
			unlimitedAircrafts	=	true,
		}, -- end of [182]
		[184] = 
		{
			unlimitedFuel	=	true,
			unlimitedMunitions	=	true,
			unlimitedAircrafts	=	true,
		}, -- end of [184]
		[185] = 
		{
			unlimitedFuel	=	true,
			unlimitedMunitions	=	true,
			unlimitedAircrafts	=	true,
		}, -- end of [185]
		[186] = 
		{
			unlimitedFuel	=	true,
			unlimitedMunitions	=	true,
			unlimitedAircrafts	=	true,
		}, -- end of [186]
		[187] = 
		{
			unlimitedFuel	=	true,
			unlimitedMunitions	=	true,
			unlimitedAircrafts	=	true,
		}, -- end of [187]
		[189] = 
		{
			unlimitedFuel	=	true,
			unlimitedMunitions	=	true,
			unlimitedAircrafts	=	true,
		}, -- end of [189]
		[190] = 
		{
			unlimitedFuel	=	true,
			unlimitedMunitions	=	true,
			unlimitedAircrafts	=	true,
		}, -- end of [190]
		[191] = 
		{
			unlimitedFuel	=	true,
			unlimitedMunitions	=	true,
			unlimitedAircrafts	=	true,
		}, -- end of [191]
		[192] = 
		{
			unlimitedFuel	=	true,
			unlimitedMunitions	=	true,
			unlimitedAircrafts	=	true,
		}, -- end of [192]
		[193] = 
		{
			unlimitedFuel	=	true,
			unlimitedMunitions	=	true,
			unlimitedAircrafts	=	true,
		}, -- end of [193]
		[194] = 
		{
			unlimitedFuel	=	true,
			unlimitedMunitions	=	true,
			unlimitedAircrafts	=	true,
		}, -- end of [194]
		[195] = 
		{
			unlimitedFuel	=	true,
			unlimitedMunitions	=	true,
			unlimitedAircrafts	=	true,
		}, -- end of [195]
		[196] = 
		{
			unlimitedFuel	=	true,
			unlimitedMunitions	=	true,
			unlimitedAircrafts	=	true,
		}, -- end of [196]
		[197] = 
		{
			unlimitedFuel	=	true,
			unlimitedMunitions	=	true,
			unlimitedAircrafts	=	true,
		}, -- end of [197]
		[198] = 
		{
			unlimitedFuel	=	true,
			unlimitedMunitions	=	true,
			unlimitedAircrafts	=	true,
		}, -- end of [198]
		[199] = 
		{
			unlimitedFuel	=	true,
			unlimitedMunitions	=	true,
			unlimitedAircrafts	=	true,
		}, -- end of [199]
		[200] = 
		{
			unlimitedFuel	=	true,
			unlimitedMunitions	=	true,
			unlimitedAircrafts	=	true,
		}, -- end of [200]
		[201] = 
		{
			unlimitedFuel	=	true,
			unlimitedMunitions	=	true,
			unlimitedAircrafts	=	true,
		}, -- end of [201]
		[202] = 
		{
			unlimitedFuel	=	true,
			unlimitedMunitions	=	true,
			unlimitedAircrafts	=	true,
		}, -- end of [202]
		[203] = 
		{
			unlimitedFuel	=	true,
			unlimitedMunitions	=	true,
			unlimitedAircrafts	=	true,
		}, -- end of [203]
		[204] = 
		{
			unlimitedFuel	=	true,
			unlimitedMunitions	=	true,
			unlimitedAircrafts	=	true,
		}, -- end of [204]
		[205] = 
		{
			unlimitedFuel	=	true,
			unlimitedMunitions	=	true,
			unlimitedAircrafts	=	true,
		}, -- end of [205]
		[206] = 
		{
			unlimitedFuel	=	true,
			unlimitedMunitions	=	true,
			unlimitedAircrafts	=	true,
		}, -- end of [206]
		[207] = 
		{
			unlimitedFuel	=	true,
			unlimitedMunitions	=	true,
			unlimitedAircrafts	=	true,
		}, -- end of [207]
		[208] = 
		{
			unlimitedFuel	=	true,
			unlimitedMunitions	=	true,
			unlimitedAircrafts	=	true,
		}, -- end of [208]
		[209] = 
		{
			unlimitedFuel	=	true,
			unlimitedMunitions	=	true,
			unlimitedAircrafts	=	true,
		}, -- end of [209]
		[210] = 
		{
			unlimitedFuel	=	true,
			unlimitedMunitions	=	true,
			unlimitedAircrafts	=	true,
		}, -- end of [210]
		[211] = 
		{
			unlimitedFuel	=	true,
			unlimitedMunitions	=	true,
			unlimitedAircrafts	=	true,
		}, -- end of [211]
		[212] = 
		{
			unlimitedFuel	=	true,
			unlimitedMunitions	=	true,
			unlimitedAircrafts	=	true,
		}, -- end of [212]
		[213] = 
		{
			unlimitedFuel	=	true,
			unlimitedMunitions	=	true,
			unlimitedAircrafts	=	true,
		}, -- end of [213]
		[214] = 
		{
			unlimitedFuel	=	true,
			unlimitedMunitions	=	true,
			unlimitedAircrafts	=	true,
		}, -- end of [214]
		[215] = 
		{
			unlimitedFuel	=	true,
			unlimitedMunitions	=	true,
			unlimitedAircrafts	=	true,
		}, -- end of [215]
		[216] = 
		{
			unlimitedFuel	=	true,
			unlimitedMunitions	=	true,
			unlimitedAircrafts	=	true,
		}, -- end of [216]
		[219] = 
		{
			unlimitedFuel	=	true,
			unlimitedMunitions	=	true,
			unlimitedAircrafts	=	true,
		}, -- end of [219]
		[220] = 
		{
			unlimitedFuel	=	true,
			unlimitedMunitions	=	true,
			unlimitedAircrafts	=	true,
		}, -- end of [220]
		[221] = 
		{
			unlimitedFuel	=	true,
			unlimitedMunitions	=	true,
			unlimitedAircrafts	=	true,
		}, -- end of [221]
		[222] = 
		{
			unlimitedFuel	=	true,
			unlimitedMunitions	=	true,
			unlimitedAircrafts	=	true,
		}, -- end of [222]
		[223] = 
		{
			unlimitedFuel	=	true,
			unlimitedMunitions	=	true,
			unlimitedAircrafts	=	true,
		}, -- end of [223]
		[224] = 
		{
			unlimitedFuel	=	true,
			unlimitedMunitions	=	true,
			unlimitedAircrafts	=	true,
		}, -- end of [224]
	}, -- end of airports
	warehouses = 	{},
} -- end of warehouses
triggers_state = 	{}
result	=	0
events = 
{
	[1] = 
	{
		type	=	"mission start",
		event_id	=	1,
		t	=	0,
		linked_event_id	=	0,
		ta	=	28800,
	}, -- end of [1]
	[2] = 
	{
		linked_event_id	=	0,
		t	=	0,
		event_id	=	2,
		type	=	"took control",
	}, -- end of [2]
	[3] = 
	{
		weapon_type	=	6948644,
		initiatorPilotName	=	"F-16C_50",
		target_coalition	=	2,
		linked_event_id	=	0,
		targetMissionID	=	"1",
		target_ws_type1	=	1,
		initiator_object_id	=	16777472,
		target	=	"F-15C",
		target_object_id	=	16778496,
		targetPilotName	=	"F-15C",
		type	=	"shot",
		target_unit_type	=	"F-15C",
		t	=	131.32,
		initiator_unit_type	=	"F-16C_50",
		event_id	=	21,
		weapon	=	"AIM-120C",
		initiator_ws_type1	=	1,
		initiatorMissionID	=	"2",
		initiator_coalition	=	1,
	}, -- end of [3]
	[4] = 
	{
		weapon_type	=	6948644,
		initiatorPilotName	=	"F-16C_50",
		target_coalition	=	2,
		linked_event_id	=	0,
		targetMissionID	=	"1",
		target_ws_type1	=	1,
		initiator_object_id	=	16777472,
		target	=	"F-15C",
		target_object_id	=	16778496,
		targetPilotName	=	"F-15C",
		type	=	"shot",
		target_unit_type	=	"F-15C",
		t	=	178.82,
		initiator_unit_type	=	"F-16C_50",
		event_id	=	22,
		weapon	=	"AIM-120C",
		initiator_ws_type1	=	1,
		initiatorMissionID	=	"2",
		initiator_coalition	=	1,
	}, -- end of [4]
	[5] = 
	{
		weapon_type	=	6948644,
		initiatorPilotName	=	"F-16C_50",
		target_coalition	=	2,
		linked_event_id	=	22,
		targetMissionID	=	"1",
		target_ws_type1	=	1,
		initiator_object_id	=	16777472,
		target	=	"F-15C",
		target_object_id	=	16778496,
		targetPilotName	=	"F-15C",
		type	=	"hit",
		target_unit_type	=	"F-15C",
		t	=	193.33,
		initiator_unit_type	=	"F-16C_50",
		event_id	=	23,
		weapon	=	"AIM-120C",
		initiator_ws_type1	=	1,
		initiatorMissionID	=	"2",
		initiator_coalition	=	1,
	}, -- end of [5]
	[6] = 
	{
		weapon_type	=	6948644,
		initiatorPilotName	=	"F-16C_50",
		target_coalition	=	2,
		linked_event_id	=	0,
		targetMissionID	=	"1",
		target_ws_type1	=	1,
		initiator_object_id	=	16777472,
		target	=	"F-15C",
		target_object_id	=	16778496,
		targetPilotName	=	"F-15C",
		type	=	"bda",
		target_unit_type	=	"F-15C",
		t	=	193.33,
		initiator_unit_type	=	"F-16C_50",
		event_id	=	24,
		weapon	=	"AIM-120C",
		initiator_ws_type1	=	1,
		initiatorMissionID	=	"2",
		initiator_coalition	=	1,
	}, -- end of [6]
	[7] = 
	{
		type	=	"ai abort mission",
		initiatorPilotName	=	"F-15C",
		t	=	193.33,
		initiator_unit_type	=	"F-15C",
		initiator_object_id	=	16778496,
		linked_event_id	=	0,
		event_id	=	25,
		initiator_coalition	=	2,
		initiator_ws_type1	=	1,
		initiatorMissionID	=	"1",
	}, -- end of [7]
	[8] = 
	{
		initiatorPilotName	=	"F-15C",
		target_coalition	=	2,
		linked_event_id	=	0,
		targetMissionID	=	"0",
		target_ws_type1	=	1,
		initiator_object_id	=	16778496,
		target	=	"",
		target_object_id	=	33555200,
		targetPilotName	=	"",
		type	=	"eject",
		target_unit_type	=	"",
		t	=	195.34,
		initiator_unit_type	=	"F-15C",
		event_id	=	26,
		initiator_ws_type1	=	1,
		initiatorMissionID	=	"1",
		initiator_coalition	=	2,
	}, -- end of [8]
	[9] = 
	{
		weapon_type	=	6948644,
		initiatorPilotName	=	"F-16C_50",
		target_coalition	=	2,
		linked_event_id	=	23,
		targetMissionID	=	"1",
		target_ws_type1	=	1,
		initiator_object_id	=	16777472,
		target	=	"F-15C",
		target_object_id	=	16778496,
		targetPilotName	=	"F-15C",
		type	=	"kill",
		target_unit_type	=	"F-15C",
		t	=	195.34,
		initiator_unit_type	=	"F-16C_50",
		event_id	=	27,
		weapon	=	"AIM-120C",
		initiator_ws_type1	=	1,
		initiatorMissionID	=	"2",
		initiator_coalition	=	1,
	}, -- end of [9]
	[10] = 
	{
		type	=	"score",
		initiatorPilotName	=	"F-16C_50",
		t	=	195.34,
		linked_event_id	=	27,
		initiator_unit_type	=	"F-16C_50",
		event_id	=	28,
		initiator_object_id	=	16777472,
		amount	=	50,
		comment	=	"air",
		initiator_coalition	=	1,
		initiator_ws_type1	=	1,
		initiatorMissionID	=	"2",
	}, -- end of [10]
	[11] = 
	{
		initiatorPilotName	=	"",
		target_coalition	=	2,
		linked_event_id	=	0,
		targetMissionID	=	"0",
		target_ws_type1	=	1,
		initiator_object_id	=	16898048,
		target	=	"",
		target_object_id	=	33555200,
		targetPilotName	=	"",
		type	=	"pilot discard chair",
		target_unit_type	=	"",
		t	=	198.1,
		initiator_unit_type	=	"",
		event_id	=	30,
		initiator_ws_type1	=	1,
		initiatorMissionID	=	"0",
		initiator_coalition	=	2,
	}, -- end of [11]
	[12] = 
	{
		weapon_type	=	1443604,
		initiatorPilotName	=	"F-16C_50",
		target_coalition	=	2,
		linked_event_id	=	0,
		targetMissionID	=	"10",
		target_ws_type1	=	1,
		initiator_object_id	=	16778240,
		target	=	"F-15C",
		target_object_id	=	16779264,
		targetPilotName	=	"F-15C",
		type	=	"shot",
		target_unit_type	=	"F-15C",
		t	=	208.8,
		initiator_unit_type	=	"F-16C_50",
		event_id	=	31,
		weapon	=	"AIM-9M",
		initiator_ws_type1	=	1,
		initiatorMissionID	=	"8",
		initiator_coalition	=	1,
	}, -- end of [12]
	[13] = 
	{
		type	=	"crash",
		initiatorPilotName	=	"F-15C",
		t	=	211.12,
		initiator_unit_type	=	"F-15C",
		initiator_object_id	=	16778496,
		linked_event_id	=	0,
		event_id	=	32,
		initiator_coalition	=	2,
		initiator_ws_type1	=	1,
		initiatorMissionID	=	"1",
	}, -- end of [13]
	[14] = 
	{
		weapon_type	=	17499924,
		initiatorPilotName	=	"F-15C",
		target_coalition	=	1,
		linked_event_id	=	0,
		targetMissionID	=	"6",
		target_ws_type1	=	1,
		initiator_object_id	=	16778752,
		target	=	"F-16C_50",
		target_object_id	=	16777728,
		targetPilotName	=	"F-16C_50",
		type	=	"shot",
		target_unit_type	=	"F-16C_50",
		t	=	216.7,
		initiator_unit_type	=	"F-15C",
		event_id	=	33,
		weapon	=	"AIM-9L",
		initiator_ws_type1	=	1,
		initiatorMissionID	=	"3",
		initiator_coalition	=	2,
	}, -- end of [14]
	[15] = 
	{
		weapon_type	=	1443604,
		initiatorPilotName	=	"F-16C_50",
		target_coalition	=	2,
		linked_event_id	=	0,
		targetMissionID	=	"9",
		target_ws_type1	=	1,
		initiator_object_id	=	16777984,
		target	=	"F-15C",
		target_object_id	=	16779008,
		targetPilotName	=	"F-15C",
		type	=	"shot",
		target_unit_type	=	"F-15C",
		t	=	218.22,
		initiator_unit_type	=	"F-16C_50",
		event_id	=	34,
		weapon	=	"AIM-9M",
		initiator_ws_type1	=	1,
		initiatorMissionID	=	"7",
		initiator_coalition	=	1,
	}, -- end of [15]
	[16] = 
	{
		initiatorPilotName	=	"F-16C_50",
		target_coalition	=	2,
		linked_event_id	=	0,
		targetMissionID	=	"3",
		target_ws_type1	=	1,
		initiator_object_id	=	16777472,
		target	=	"F-15C",
		target_object_id	=	16778752,
		targetPilotName	=	"F-15C",
		type	=	"start shooting",
		target_unit_type	=	"F-15C",
		t	=	240.72,
		initiator_unit_type	=	"F-16C_50",
		event_id	=	35,
		weapon	=	"M-61",
		initiator_ws_type1	=	1,
		initiatorMissionID	=	"2",
		initiator_coalition	=	1,
	}, -- end of [16]
	[17] = 
	{
		weapon_type	=	2566,
		type	=	"end shooting",
		initiatorPilotName	=	"F-16C_50",
		t	=	240.74,
		linked_event_id	=	0,
		event_id	=	36,
		initiator_unit_type	=	"F-16C_50",
		uin64_t_value	=	2,
		initiator_object_id	=	16777472,
		weapon	=	"M-61",
		ammo_consumption	=	2,
		initiator_coalition	=	1,
		initiator_ws_type1	=	1,
		initiatorMissionID	=	"2",
	}, -- end of [17]
	[18] = 
	{
		initiatorPilotName	=	"F-16C_50",
		target_coalition	=	2,
		linked_event_id	=	0,
		targetMissionID	=	"3",
		target_ws_type1	=	1,
		initiator_object_id	=	16777728,
		target	=	"F-15C",
		target_object_id	=	16778752,
		targetPilotName	=	"F-15C",
		type	=	"start shooting",
		target_unit_type	=	"F-15C",
		t	=	241.02,
		initiator_unit_type	=	"F-16C_50",
		event_id	=	37,
		weapon	=	"M-61",
		initiator_ws_type1	=	1,
		initiatorMissionID	=	"6",
		initiator_coalition	=	1,
	}, -- end of [18]
	[19] = 
	{
		weapon_type	=	2566,
		type	=	"end shooting",
		initiatorPilotName	=	"F-16C_50",
		t	=	241.28,
		linked_event_id	=	0,
		event_id	=	38,
		initiator_unit_type	=	"F-16C_50",
		uin64_t_value	=	26,
		initiator_object_id	=	16777728,
		weapon	=	"M-61",
		ammo_consumption	=	26,
		initiator_coalition	=	1,
		initiator_ws_type1	=	1,
		initiatorMissionID	=	"6",
	}, -- end of [19]
	[20] = 
	{
		weapon_type	=	1443604,
		initiatorPilotName	=	"F-16C_50",
		target_coalition	=	2,
		linked_event_id	=	0,
		targetMissionID	=	"9",
		target_ws_type1	=	1,
		initiator_object_id	=	16777984,
		target	=	"F-15C",
		target_object_id	=	16779008,
		targetPilotName	=	"F-15C",
		type	=	"shot",
		target_unit_type	=	"F-15C",
		t	=	250.02,
		initiator_unit_type	=	"F-16C_50",
		event_id	=	39,
		weapon	=	"AIM-9M",
		initiator_ws_type1	=	1,
		initiatorMissionID	=	"7",
		initiator_coalition	=	1,
	}, -- end of [20]
	[21] = 
	{
		initiatorPilotName	=	"F-15C",
		target_coalition	=	1,
		linked_event_id	=	0,
		targetMissionID	=	"2",
		target_ws_type1	=	1,
		initiator_object_id	=	16778752,
		target	=	"F-16C_50",
		target_object_id	=	16777472,
		targetPilotName	=	"F-16C_50",
		type	=	"start shooting",
		target_unit_type	=	"F-16C_50",
		t	=	250.6,
		initiator_unit_type	=	"F-15C",
		event_id	=	40,
		weapon	=	"M-61",
		initiator_ws_type1	=	1,
		initiatorMissionID	=	"3",
		initiator_coalition	=	2,
	}, -- end of [21]
	[22] = 
	{
		weapon_type	=	2566,
		type	=	"end shooting",
		initiatorPilotName	=	"F-15C",
		t	=	251.02,
		linked_event_id	=	0,
		event_id	=	41,
		initiator_unit_type	=	"F-15C",
		uin64_t_value	=	42,
		initiator_object_id	=	16778752,
		weapon	=	"M-61",
		ammo_consumption	=	42,
		initiator_coalition	=	2,
		initiator_ws_type1	=	1,
		initiatorMissionID	=	"3",
	}, -- end of [22]
	[23] = 
	{
		weapon_type	=	17499924,
		initiatorPilotName	=	"F-15C",
		target_coalition	=	1,
		linked_event_id	=	0,
		targetMissionID	=	"2",
		target_ws_type1	=	1,
		initiator_object_id	=	16778752,
		target	=	"F-16C_50",
		target_object_id	=	16777472,
		targetPilotName	=	"F-16C_50",
		type	=	"shot",
		target_unit_type	=	"F-16C_50",
		t	=	251.12,
		initiator_unit_type	=	"F-15C",
		event_id	=	42,
		weapon	=	"AIM-9L",
		initiator_ws_type1	=	1,
		initiatorMissionID	=	"3",
		initiator_coalition	=	2,
	}, -- end of [23]
	[24] = 
	{
		initiatorPilotName	=	"F-16C_50",
		target_coalition	=	2,
		linked_event_id	=	0,
		targetMissionID	=	"9",
		target_ws_type1	=	1,
		initiator_object_id	=	16777984,
		target	=	"F-15C",
		target_object_id	=	16779008,
		targetPilotName	=	"F-15C",
		type	=	"start shooting",
		target_unit_type	=	"F-15C",
		t	=	253.1,
		initiator_unit_type	=	"F-16C_50",
		event_id	=	43,
		weapon	=	"M-61",
		initiator_ws_type1	=	1,
		initiatorMissionID	=	"7",
		initiator_coalition	=	1,
	}, -- end of [24]
	[25] = 
	{
		weapon_type	=	2566,
		type	=	"end shooting",
		initiatorPilotName	=	"F-16C_50",
		t	=	253.42,
		linked_event_id	=	0,
		event_id	=	44,
		initiator_unit_type	=	"F-16C_50",
		uin64_t_value	=	32,
		initiator_object_id	=	16777984,
		weapon	=	"M-61",
		ammo_consumption	=	32,
		initiator_coalition	=	1,
		initiator_ws_type1	=	1,
		initiatorMissionID	=	"7",
	}, -- end of [25]
	[26] = 
	{
		weapon_type	=	1443604,
		initiatorPilotName	=	"F-16C_50",
		target_coalition	=	2,
		linked_event_id	=	39,
		targetMissionID	=	"9",
		target_ws_type1	=	1,
		initiator_object_id	=	16777984,
		target	=	"F-15C",
		target_object_id	=	16779008,
		targetPilotName	=	"F-15C",
		type	=	"hit",
		target_unit_type	=	"F-15C",
		t	=	253.45,
		initiator_unit_type	=	"F-16C_50",
		event_id	=	45,
		weapon	=	"AIM-9M",
		initiator_ws_type1	=	1,
		initiatorMissionID	=	"7",
		initiator_coalition	=	1,
	}, -- end of [26]
	[27] = 
	{
		weapon_type	=	1443604,
		initiatorPilotName	=	"F-16C_50",
		target_coalition	=	2,
		linked_event_id	=	0,
		targetMissionID	=	"9",
		target_ws_type1	=	1,
		initiator_object_id	=	16777984,
		target	=	"F-15C",
		target_object_id	=	16779008,
		targetPilotName	=	"F-15C",
		type	=	"bda",
		target_unit_type	=	"F-15C",
		t	=	253.45,
		initiator_unit_type	=	"F-16C_50",
		event_id	=	46,
		weapon	=	"AIM-9M",
		initiator_ws_type1	=	1,
		initiatorMissionID	=	"7",
		initiator_coalition	=	1,
	}, -- end of [27]
	[28] = 
	{
		type	=	"pilot dead",
		initiatorPilotName	=	"F-15C",
		t	=	253.45,
		initiator_unit_type	=	"F-15C",
		initiator_object_id	=	16779008,
		linked_event_id	=	0,
		event_id	=	47,
		initiator_coalition	=	2,
		initiator_ws_type1	=	1,
		initiatorMissionID	=	"9",
	}, -- end of [28]
	[29] = 
	{
		weapon_type	=	1443604,
		initiatorPilotName	=	"F-16C_50",
		target_coalition	=	2,
		linked_event_id	=	45,
		targetMissionID	=	"9",
		target_ws_type1	=	1,
		initiator_object_id	=	16777984,
		target	=	"F-15C",
		target_object_id	=	16779008,
		targetPilotName	=	"F-15C",
		type	=	"kill",
		target_unit_type	=	"F-15C",
		t	=	253.45,
		initiator_unit_type	=	"F-16C_50",
		event_id	=	48,
		weapon	=	"AIM-9M",
		initiator_ws_type1	=	1,
		initiatorMissionID	=	"7",
		initiator_coalition	=	1,
	}, -- end of [29]
	[30] = 
	{
		type	=	"score",
		initiatorPilotName	=	"F-16C_50",
		t	=	253.45,
		linked_event_id	=	48,
		initiator_unit_type	=	"F-16C_50",
		event_id	=	49,
		initiator_object_id	=	16777984,
		amount	=	50,
		comment	=	"air",
		initiator_coalition	=	1,
		initiator_ws_type1	=	1,
		initiatorMissionID	=	"7",
	}, -- end of [30]
	[31] = 
	{
		type	=	"ai abort mission",
		initiatorPilotName	=	"F-15C",
		t	=	253.45,
		initiator_unit_type	=	"F-15C",
		initiator_object_id	=	16779008,
		linked_event_id	=	0,
		event_id	=	51,
		initiator_coalition	=	2,
		initiator_ws_type1	=	1,
		initiatorMissionID	=	"9",
	}, -- end of [31]
	[32] = 
	{
		type	=	"ai abort mission",
		initiatorPilotName	=	"F-15C",
		t	=	254,
		initiator_unit_type	=	"F-15C",
		initiator_object_id	=	16779008,
		linked_event_id	=	0,
		event_id	=	52,
		initiator_coalition	=	2,
		initiator_ws_type1	=	1,
		initiatorMissionID	=	"9",
	}, -- end of [32]
	[33] = 
	{
		type	=	"crash",
		initiatorPilotName	=	"F-15C",
		t	=	279.2,
		initiator_unit_type	=	"F-15C",
		initiator_object_id	=	16779008,
		linked_event_id	=	0,
		event_id	=	53,
		initiator_coalition	=	2,
		initiator_ws_type1	=	1,
		initiatorMissionID	=	"9",
	}, -- end of [33]
	[34] = 
	{
		initiatorPilotName	=	"F-16C_50",
		target_coalition	=	2,
		linked_event_id	=	0,
		targetMissionID	=	"3",
		target_ws_type1	=	1,
		initiator_object_id	=	16777984,
		target	=	"F-15C",
		target_object_id	=	16778752,
		targetPilotName	=	"F-15C",
		type	=	"start shooting",
		target_unit_type	=	"F-15C",
		t	=	282.56,
		initiator_unit_type	=	"F-16C_50",
		event_id	=	54,
		weapon	=	"M-61",
		initiator_ws_type1	=	1,
		initiatorMissionID	=	"7",
		initiator_coalition	=	1,
	}, -- end of [34]
	[35] = 
	{
		weapon_type	=	2566,
		type	=	"end shooting",
		initiatorPilotName	=	"F-16C_50",
		t	=	282.58,
		linked_event_id	=	0,
		event_id	=	55,
		initiator_unit_type	=	"F-16C_50",
		uin64_t_value	=	2,
		initiator_object_id	=	16777984,
		weapon	=	"M-61",
		ammo_consumption	=	2,
		initiator_coalition	=	1,
		initiator_ws_type1	=	1,
		initiatorMissionID	=	"7",
	}, -- end of [35]
	[36] = 
	{
		initiatorPilotName	=	"F-16C_50",
		target_coalition	=	2,
		linked_event_id	=	0,
		targetMissionID	=	"3",
		target_ws_type1	=	1,
		initiator_object_id	=	16777728,
		target	=	"F-15C",
		target_object_id	=	16778752,
		targetPilotName	=	"F-15C",
		type	=	"start shooting",
		target_unit_type	=	"F-15C",
		t	=	325.06,
		initiator_unit_type	=	"F-16C_50",
		event_id	=	56,
		weapon	=	"M-61",
		initiator_ws_type1	=	1,
		initiatorMissionID	=	"6",
		initiator_coalition	=	1,
	}, -- end of [36]
	[37] = 
	{
		weapon_type	=	2566,
		type	=	"end shooting",
		initiatorPilotName	=	"F-16C_50",
		t	=	325.24,
		linked_event_id	=	0,
		event_id	=	57,
		initiator_unit_type	=	"F-16C_50",
		uin64_t_value	=	18,
		initiator_object_id	=	16777728,
		weapon	=	"M-61",
		ammo_consumption	=	18,
		initiator_coalition	=	1,
		initiator_ws_type1	=	1,
		initiatorMissionID	=	"6",
	}, -- end of [37]
	[38] = 
	{
		initiatorPilotName	=	"F-16C_50",
		target_coalition	=	2,
		linked_event_id	=	0,
		targetMissionID	=	"3",
		target_ws_type1	=	1,
		initiator_object_id	=	16777728,
		target	=	"F-15C",
		target_object_id	=	16778752,
		targetPilotName	=	"F-15C",
		type	=	"start shooting",
		target_unit_type	=	"F-15C",
		t	=	325.28,
		initiator_unit_type	=	"F-16C_50",
		event_id	=	58,
		weapon	=	"M-61",
		initiator_ws_type1	=	1,
		initiatorMissionID	=	"6",
		initiator_coalition	=	1,
	}, -- end of [38]
	[39] = 
	{
		weapon_type	=	2566,
		type	=	"end shooting",
		initiatorPilotName	=	"F-16C_50",
		t	=	325.34,
		linked_event_id	=	0,
		event_id	=	59,
		initiator_unit_type	=	"F-16C_50",
		uin64_t_value	=	6,
		initiator_object_id	=	16777728,
		weapon	=	"M-61",
		ammo_consumption	=	6,
		initiator_coalition	=	1,
		initiator_ws_type1	=	1,
		initiatorMissionID	=	"6",
	}, -- end of [39]
	[40] = 
	{
		weapon_type	=	9243142,
		initiatorPilotName	=	"F-16C_50",
		target_coalition	=	2,
		linked_event_id	=	0,
		targetMissionID	=	"3",
		target_ws_type1	=	1,
		initiator_object_id	=	16777728,
		target	=	"F-15C",
		target_object_id	=	16778752,
		targetPilotName	=	"F-15C",
		type	=	"hit",
		target_unit_type	=	"F-15C",
		t	=	325.847,
		initiator_unit_type	=	"F-16C_50",
		event_id	=	60,
		weapon	=	"PGU-28/B SAPHEI",
		initiator_ws_type1	=	1,
		initiatorMissionID	=	"6",
		initiator_coalition	=	1,
	}, -- end of [40]
	[41] = 
	{
		weapon_type	=	9243142,
		initiatorPilotName	=	"F-16C_50",
		target_coalition	=	2,
		linked_event_id	=	0,
		targetMissionID	=	"3",
		target_ws_type1	=	1,
		initiator_object_id	=	16777728,
		target	=	"F-15C",
		target_object_id	=	16778752,
		targetPilotName	=	"F-15C",
		type	=	"bda",
		target_unit_type	=	"F-15C",
		t	=	325.847,
		initiator_unit_type	=	"F-16C_50",
		event_id	=	61,
		weapon	=	"PGU-28/B SAPHEI",
		initiator_ws_type1	=	1,
		initiatorMissionID	=	"6",
		initiator_coalition	=	1,
	}, -- end of [41]
	[42] = 
	{
		weapon_type	=	9243142,
		initiatorPilotName	=	"F-16C_50",
		target_coalition	=	2,
		linked_event_id	=	0,
		targetMissionID	=	"3",
		target_ws_type1	=	1,
		initiator_object_id	=	16777728,
		target	=	"F-15C",
		target_object_id	=	16778752,
		targetPilotName	=	"F-15C",
		type	=	"hit",
		target_unit_type	=	"F-15C",
		t	=	325.868,
		initiator_unit_type	=	"F-16C_50",
		event_id	=	62,
		weapon	=	"PGU-28/B SAPHEI",
		initiator_ws_type1	=	1,
		initiatorMissionID	=	"6",
		initiator_coalition	=	1,
	}, -- end of [42]
	[43] = 
	{
		weapon_type	=	9243142,
		initiatorPilotName	=	"F-16C_50",
		target_coalition	=	2,
		linked_event_id	=	0,
		targetMissionID	=	"3",
		target_ws_type1	=	1,
		initiator_object_id	=	16777728,
		target	=	"F-15C",
		target_object_id	=	16778752,
		targetPilotName	=	"F-15C",
		type	=	"bda",
		target_unit_type	=	"F-15C",
		t	=	325.868,
		initiator_unit_type	=	"F-16C_50",
		event_id	=	63,
		weapon	=	"PGU-28/B SAPHEI",
		initiator_ws_type1	=	1,
		initiatorMissionID	=	"6",
		initiator_coalition	=	1,
	}, -- end of [43]
	[44] = 
	{
		weapon_type	=	9243142,
		initiatorPilotName	=	"F-16C_50",
		target_coalition	=	2,
		linked_event_id	=	0,
		targetMissionID	=	"3",
		target_ws_type1	=	1,
		initiator_object_id	=	16777728,
		target	=	"F-15C",
		target_object_id	=	16778752,
		targetPilotName	=	"F-15C",
		type	=	"hit",
		target_unit_type	=	"F-15C",
		t	=	325.902,
		initiator_unit_type	=	"F-16C_50",
		event_id	=	64,
		weapon	=	"PGU-28/B SAPHEI",
		initiator_ws_type1	=	1,
		initiatorMissionID	=	"6",
		initiator_coalition	=	1,
	}, -- end of [44]
	[45] = 
	{
		weapon_type	=	9243142,
		initiatorPilotName	=	"F-16C_50",
		target_coalition	=	2,
		linked_event_id	=	0,
		targetMissionID	=	"3",
		target_ws_type1	=	1,
		initiator_object_id	=	16777728,
		target	=	"F-15C",
		target_object_id	=	16778752,
		targetPilotName	=	"F-15C",
		type	=	"bda",
		target_unit_type	=	"F-15C",
		t	=	325.902,
		initiator_unit_type	=	"F-16C_50",
		event_id	=	65,
		weapon	=	"PGU-28/B SAPHEI",
		initiator_ws_type1	=	1,
		initiatorMissionID	=	"6",
		initiator_coalition	=	1,
	}, -- end of [45]
	[46] = 
	{
		initiatorPilotName	=	"F-16C_50",
		target_coalition	=	2,
		linked_event_id	=	0,
		targetMissionID	=	"3",
		target_ws_type1	=	1,
		initiator_object_id	=	16777728,
		target	=	"F-15C",
		target_object_id	=	16778752,
		targetPilotName	=	"F-15C",
		type	=	"start shooting",
		target_unit_type	=	"F-15C",
		t	=	325.94,
		initiator_unit_type	=	"F-16C_50",
		event_id	=	66,
		weapon	=	"M-61",
		initiator_ws_type1	=	1,
		initiatorMissionID	=	"6",
		initiator_coalition	=	1,
	}, -- end of [46]
	[47] = 
	{
		weapon_type	=	2566,
		type	=	"end shooting",
		initiatorPilotName	=	"F-16C_50",
		t	=	325.96,
		linked_event_id	=	0,
		event_id	=	67,
		initiator_unit_type	=	"F-16C_50",
		uin64_t_value	=	2,
		initiator_object_id	=	16777728,
		weapon	=	"M-61",
		ammo_consumption	=	2,
		initiator_coalition	=	1,
		initiator_ws_type1	=	1,
		initiatorMissionID	=	"6",
	}, -- end of [47]
	[48] = 
	{
		weapon_type	=	9243142,
		initiatorPilotName	=	"F-16C_50",
		target_coalition	=	2,
		linked_event_id	=	0,
		targetMissionID	=	"3",
		target_ws_type1	=	1,
		initiator_object_id	=	16777728,
		target	=	"F-15C",
		target_object_id	=	16778752,
		targetPilotName	=	"F-15C",
		type	=	"hit",
		target_unit_type	=	"F-15C",
		t	=	325.972,
		initiator_unit_type	=	"F-16C_50",
		event_id	=	68,
		weapon	=	"PGU-28/B SAPHEI",
		initiator_ws_type1	=	1,
		initiatorMissionID	=	"6",
		initiator_coalition	=	1,
	}, -- end of [48]
	[49] = 
	{
		weapon_type	=	9243142,
		initiatorPilotName	=	"F-16C_50",
		target_coalition	=	2,
		linked_event_id	=	0,
		targetMissionID	=	"3",
		target_ws_type1	=	1,
		initiator_object_id	=	16777728,
		target	=	"F-15C",
		target_object_id	=	16778752,
		targetPilotName	=	"F-15C",
		type	=	"bda",
		target_unit_type	=	"F-15C",
		t	=	325.972,
		initiator_unit_type	=	"F-16C_50",
		event_id	=	69,
		weapon	=	"PGU-28/B SAPHEI",
		initiator_ws_type1	=	1,
		initiatorMissionID	=	"6",
		initiator_coalition	=	1,
	}, -- end of [49]
	[50] = 
	{
		initiatorPilotName	=	"F-15C",
		target_coalition	=	2,
		linked_event_id	=	0,
		targetMissionID	=	"0",
		target_ws_type1	=	1,
		initiator_object_id	=	16778752,
		target	=	"",
		target_object_id	=	33588992,
		targetPilotName	=	"",
		type	=	"eject",
		target_unit_type	=	"",
		t	=	328.18,
		initiator_unit_type	=	"F-15C",
		event_id	=	70,
		initiator_ws_type1	=	1,
		initiatorMissionID	=	"3",
		initiator_coalition	=	2,
	}, -- end of [50]
	[51] = 
	{
		weapon_type	=	9243142,
		initiatorPilotName	=	"F-16C_50",
		target_coalition	=	2,
		linked_event_id	=	68,
		targetMissionID	=	"3",
		target_ws_type1	=	1,
		initiator_object_id	=	16777728,
		target	=	"F-15C",
		target_object_id	=	16778752,
		targetPilotName	=	"F-15C",
		type	=	"kill",
		target_unit_type	=	"F-15C",
		t	=	328.18,
		initiator_unit_type	=	"F-16C_50",
		event_id	=	71,
		weapon	=	"PGU-28/B SAPHEI",
		initiator_ws_type1	=	1,
		initiatorMissionID	=	"6",
		initiator_coalition	=	1,
	}, -- end of [51]
	[52] = 
	{
		type	=	"score",
		initiatorPilotName	=	"F-16C_50",
		t	=	328.18,
		linked_event_id	=	71,
		initiator_unit_type	=	"F-16C_50",
		event_id	=	72,
		initiator_object_id	=	16777728,
		amount	=	50,
		comment	=	"air",
		initiator_coalition	=	1,
		initiator_ws_type1	=	1,
		initiatorMissionID	=	"6",
	}, -- end of [52]
	[53] = 
	{
		initiatorPilotName	=	"",
		target_coalition	=	2,
		linked_event_id	=	0,
		targetMissionID	=	"0",
		target_ws_type1	=	1,
		initiator_object_id	=	16958464,
		target	=	"",
		target_object_id	=	33588992,
		targetPilotName	=	"",
		type	=	"pilot discard chair",
		target_unit_type	=	"",
		t	=	329.26,
		initiator_unit_type	=	"",
		event_id	=	74,
		initiator_ws_type1	=	1,
		initiatorMissionID	=	"0",
		initiator_coalition	=	2,
	}, -- end of [53]
	[54] = 
	{
		initiatorPilotName	=	"F-16C_50",
		target_coalition	=	2,
		linked_event_id	=	0,
		targetMissionID	=	"3",
		target_ws_type1	=	1,
		initiator_object_id	=	16777472,
		target	=	"F-15C",
		target_object_id	=	16778752,
		targetPilotName	=	"F-15C",
		type	=	"start shooting",
		target_unit_type	=	"F-15C",
		t	=	329.72,
		initiator_unit_type	=	"F-16C_50",
		event_id	=	75,
		weapon	=	"M-61",
		initiator_ws_type1	=	1,
		initiatorMissionID	=	"2",
		initiator_coalition	=	1,
	}, -- end of [54]
	[55] = 
	{
		weapon_type	=	2566,
		type	=	"end shooting",
		initiatorPilotName	=	"F-16C_50",
		t	=	329.74,
		linked_event_id	=	0,
		event_id	=	76,
		initiator_unit_type	=	"F-16C_50",
		uin64_t_value	=	2,
		initiator_object_id	=	16777472,
		weapon	=	"M-61",
		ammo_consumption	=	2,
		initiator_coalition	=	1,
		initiator_ws_type1	=	1,
		initiatorMissionID	=	"2",
	}, -- end of [55]
	[56] = 
	{
		type	=	"crash",
		initiatorPilotName	=	"F-15C",
		t	=	344.76,
		initiator_unit_type	=	"F-15C",
		initiator_object_id	=	16778752,
		linked_event_id	=	0,
		event_id	=	77,
		initiator_coalition	=	2,
		initiator_ws_type1	=	1,
		initiatorMissionID	=	"3",
	}, -- end of [56]
	[57] = 
	{
		weapon_type	=	1443604,
		initiatorPilotName	=	"F-16C_50",
		target_coalition	=	2,
		linked_event_id	=	0,
		targetMissionID	=	"10",
		target_ws_type1	=	1,
		initiator_object_id	=	16778240,
		target	=	"F-15C",
		target_object_id	=	16779264,
		targetPilotName	=	"F-15C",
		type	=	"shot",
		target_unit_type	=	"F-15C",
		t	=	376.62,
		initiator_unit_type	=	"F-16C_50",
		event_id	=	78,
		weapon	=	"AIM-9M",
		initiator_ws_type1	=	1,
		initiatorMissionID	=	"8",
		initiator_coalition	=	1,
	}, -- end of [57]
	[58] = 
	{
		initiatorPilotName	=	"F-16C_50",
		target_coalition	=	2,
		linked_event_id	=	0,
		targetMissionID	=	"10",
		target_ws_type1	=	1,
		initiator_object_id	=	16777728,
		target	=	"F-15C",
		target_object_id	=	16779264,
		targetPilotName	=	"F-15C",
		type	=	"start shooting",
		target_unit_type	=	"F-15C",
		t	=	437.3,
		initiator_unit_type	=	"F-16C_50",
		event_id	=	79,
		weapon	=	"M-61",
		initiator_ws_type1	=	1,
		initiatorMissionID	=	"6",
		initiator_coalition	=	1,
	}, -- end of [58]
	[59] = 
	{
		weapon_type	=	2566,
		type	=	"end shooting",
		initiatorPilotName	=	"F-16C_50",
		t	=	437.42,
		linked_event_id	=	0,
		event_id	=	80,
		initiator_unit_type	=	"F-16C_50",
		uin64_t_value	=	12,
		initiator_object_id	=	16777728,
		weapon	=	"M-61",
		ammo_consumption	=	12,
		initiator_coalition	=	1,
		initiator_ws_type1	=	1,
		initiatorMissionID	=	"6",
	}, -- end of [59]
	[60] = 
	{
		initiatorPilotName	=	"F-16C_50",
		target_coalition	=	2,
		linked_event_id	=	0,
		targetMissionID	=	"10",
		target_ws_type1	=	1,
		initiator_object_id	=	16777984,
		target	=	"F-15C",
		target_object_id	=	16779264,
		targetPilotName	=	"F-15C",
		type	=	"start shooting",
		target_unit_type	=	"F-15C",
		t	=	454.58,
		initiator_unit_type	=	"F-16C_50",
		event_id	=	81,
		weapon	=	"M-61",
		initiator_ws_type1	=	1,
		initiatorMissionID	=	"7",
		initiator_coalition	=	1,
	}, -- end of [60]
	[61] = 
	{
		weapon_type	=	2566,
		type	=	"end shooting",
		initiatorPilotName	=	"F-16C_50",
		t	=	454.86,
		linked_event_id	=	0,
		event_id	=	82,
		initiator_unit_type	=	"F-16C_50",
		uin64_t_value	=	28,
		initiator_object_id	=	16777984,
		weapon	=	"M-61",
		ammo_consumption	=	28,
		initiator_coalition	=	1,
		initiator_ws_type1	=	1,
		initiatorMissionID	=	"7",
	}, -- end of [61]
	[62] = 
	{
		initiatorPilotName	=	"F-16C_50",
		target_coalition	=	2,
		linked_event_id	=	0,
		targetMissionID	=	"10",
		target_ws_type1	=	1,
		initiator_object_id	=	16777984,
		target	=	"F-15C",
		target_object_id	=	16779264,
		targetPilotName	=	"F-15C",
		type	=	"start shooting",
		target_unit_type	=	"F-15C",
		t	=	454.88,
		initiator_unit_type	=	"F-16C_50",
		event_id	=	83,
		weapon	=	"M-61",
		initiator_ws_type1	=	1,
		initiatorMissionID	=	"7",
		initiator_coalition	=	1,
	}, -- end of [62]
	[63] = 
	{
		weapon_type	=	2566,
		type	=	"end shooting",
		initiatorPilotName	=	"F-16C_50",
		t	=	454.9,
		linked_event_id	=	0,
		event_id	=	84,
		initiator_unit_type	=	"F-16C_50",
		uin64_t_value	=	2,
		initiator_object_id	=	16777984,
		weapon	=	"M-61",
		ammo_consumption	=	2,
		initiator_coalition	=	1,
		initiator_ws_type1	=	1,
		initiatorMissionID	=	"7",
	}, -- end of [63]
	[64] = 
	{
		initiatorPilotName	=	"F-16C_50",
		target_coalition	=	2,
		linked_event_id	=	0,
		targetMissionID	=	"10",
		target_ws_type1	=	1,
		initiator_object_id	=	16777984,
		target	=	"F-15C",
		target_object_id	=	16779264,
		targetPilotName	=	"F-15C",
		type	=	"start shooting",
		target_unit_type	=	"F-15C",
		t	=	454.92,
		initiator_unit_type	=	"F-16C_50",
		event_id	=	85,
		weapon	=	"M-61",
		initiator_ws_type1	=	1,
		initiatorMissionID	=	"7",
		initiator_coalition	=	1,
	}, -- end of [64]
	[65] = 
	{
		weapon_type	=	2566,
		type	=	"end shooting",
		initiatorPilotName	=	"F-16C_50",
		t	=	454.94,
		linked_event_id	=	0,
		event_id	=	86,
		initiator_unit_type	=	"F-16C_50",
		uin64_t_value	=	2,
		initiator_object_id	=	16777984,
		weapon	=	"M-61",
		ammo_consumption	=	2,
		initiator_coalition	=	1,
		initiator_ws_type1	=	1,
		initiatorMissionID	=	"7",
	}, -- end of [65]
	[66] = 
	{
		initiatorPilotName	=	"F-16C_50",
		target_coalition	=	2,
		linked_event_id	=	0,
		targetMissionID	=	"10",
		target_ws_type1	=	1,
		initiator_object_id	=	16777984,
		target	=	"F-15C",
		target_object_id	=	16779264,
		targetPilotName	=	"F-15C",
		type	=	"start shooting",
		target_unit_type	=	"F-15C",
		t	=	454.96,
		initiator_unit_type	=	"F-16C_50",
		event_id	=	87,
		weapon	=	"M-61",
		initiator_ws_type1	=	1,
		initiatorMissionID	=	"7",
		initiator_coalition	=	1,
	}, -- end of [66]
	[67] = 
	{
		weapon_type	=	2566,
		type	=	"end shooting",
		initiatorPilotName	=	"F-16C_50",
		t	=	454.98,
		linked_event_id	=	0,
		event_id	=	88,
		initiator_unit_type	=	"F-16C_50",
		uin64_t_value	=	2,
		initiator_object_id	=	16777984,
		weapon	=	"M-61",
		ammo_consumption	=	2,
		initiator_coalition	=	1,
		initiator_ws_type1	=	1,
		initiatorMissionID	=	"7",
	}, -- end of [67]
	[68] = 
	{
		initiatorPilotName	=	"F-16C_50",
		target_coalition	=	2,
		linked_event_id	=	0,
		targetMissionID	=	"10",
		target_ws_type1	=	1,
		initiator_object_id	=	16777984,
		target	=	"F-15C",
		target_object_id	=	16779264,
		targetPilotName	=	"F-15C",
		type	=	"start shooting",
		target_unit_type	=	"F-15C",
		t	=	455,
		initiator_unit_type	=	"F-16C_50",
		event_id	=	89,
		weapon	=	"M-61",
		initiator_ws_type1	=	1,
		initiatorMissionID	=	"7",
		initiator_coalition	=	1,
	}, -- end of [68]
	[69] = 
	{
		weapon_type	=	2566,
		type	=	"end shooting",
		initiatorPilotName	=	"F-16C_50",
		t	=	455.02,
		linked_event_id	=	0,
		event_id	=	90,
		initiator_unit_type	=	"F-16C_50",
		uin64_t_value	=	2,
		initiator_object_id	=	16777984,
		weapon	=	"M-61",
		ammo_consumption	=	2,
		initiator_coalition	=	1,
		initiator_ws_type1	=	1,
		initiatorMissionID	=	"7",
	}, -- end of [69]
	[70] = 
	{
		initiatorPilotName	=	"F-16C_50",
		target_coalition	=	2,
		linked_event_id	=	0,
		targetMissionID	=	"10",
		target_ws_type1	=	1,
		initiator_object_id	=	16777984,
		target	=	"F-15C",
		target_object_id	=	16779264,
		targetPilotName	=	"F-15C",
		type	=	"start shooting",
		target_unit_type	=	"F-15C",
		t	=	455.04,
		initiator_unit_type	=	"F-16C_50",
		event_id	=	91,
		weapon	=	"M-61",
		initiator_ws_type1	=	1,
		initiatorMissionID	=	"7",
		initiator_coalition	=	1,
	}, -- end of [70]
	[71] = 
	{
		weapon_type	=	2566,
		type	=	"end shooting",
		initiatorPilotName	=	"F-16C_50",
		t	=	455.06,
		linked_event_id	=	0,
		event_id	=	92,
		initiator_unit_type	=	"F-16C_50",
		uin64_t_value	=	2,
		initiator_object_id	=	16777984,
		weapon	=	"M-61",
		ammo_consumption	=	2,
		initiator_coalition	=	1,
		initiator_ws_type1	=	1,
		initiatorMissionID	=	"7",
	}, -- end of [71]
	[72] = 
	{
		initiatorPilotName	=	"F-16C_50",
		target_coalition	=	2,
		linked_event_id	=	0,
		targetMissionID	=	"10",
		target_ws_type1	=	1,
		initiator_object_id	=	16777984,
		target	=	"F-15C",
		target_object_id	=	16779264,
		targetPilotName	=	"F-15C",
		type	=	"start shooting",
		target_unit_type	=	"F-15C",
		t	=	455.08,
		initiator_unit_type	=	"F-16C_50",
		event_id	=	93,
		weapon	=	"M-61",
		initiator_ws_type1	=	1,
		initiatorMissionID	=	"7",
		initiator_coalition	=	1,
	}, -- end of [72]
	[73] = 
	{
		weapon_type	=	2566,
		type	=	"end shooting",
		initiatorPilotName	=	"F-16C_50",
		t	=	455.1,
		linked_event_id	=	0,
		event_id	=	94,
		initiator_unit_type	=	"F-16C_50",
		uin64_t_value	=	2,
		initiator_object_id	=	16777984,
		weapon	=	"M-61",
		ammo_consumption	=	2,
		initiator_coalition	=	1,
		initiator_ws_type1	=	1,
		initiatorMissionID	=	"7",
	}, -- end of [73]
	[74] = 
	{
		initiatorPilotName	=	"F-16C_50",
		target_coalition	=	2,
		linked_event_id	=	0,
		targetMissionID	=	"10",
		target_ws_type1	=	1,
		initiator_object_id	=	16777984,
		target	=	"F-15C",
		target_object_id	=	16779264,
		targetPilotName	=	"F-15C",
		type	=	"start shooting",
		target_unit_type	=	"F-15C",
		t	=	455.12,
		initiator_unit_type	=	"F-16C_50",
		event_id	=	95,
		weapon	=	"M-61",
		initiator_ws_type1	=	1,
		initiatorMissionID	=	"7",
		initiator_coalition	=	1,
	}, -- end of [74]
	[75] = 
	{
		weapon_type	=	2566,
		type	=	"end shooting",
		initiatorPilotName	=	"F-16C_50",
		t	=	455.14,
		linked_event_id	=	0,
		event_id	=	96,
		initiator_unit_type	=	"F-16C_50",
		uin64_t_value	=	2,
		initiator_object_id	=	16777984,
		weapon	=	"M-61",
		ammo_consumption	=	2,
		initiator_coalition	=	1,
		initiator_ws_type1	=	1,
		initiatorMissionID	=	"7",
	}, -- end of [75]
	[76] = 
	{
		initiatorPilotName	=	"F-16C_50",
		target_coalition	=	2,
		linked_event_id	=	0,
		targetMissionID	=	"10",
		target_ws_type1	=	1,
		initiator_object_id	=	16777984,
		target	=	"F-15C",
		target_object_id	=	16779264,
		targetPilotName	=	"F-15C",
		type	=	"start shooting",
		target_unit_type	=	"F-15C",
		t	=	455.16,
		initiator_unit_type	=	"F-16C_50",
		event_id	=	97,
		weapon	=	"M-61",
		initiator_ws_type1	=	1,
		initiatorMissionID	=	"7",
		initiator_coalition	=	1,
	}, -- end of [76]
	[77] = 
	{
		weapon_type	=	2566,
		type	=	"end shooting",
		initiatorPilotName	=	"F-16C_50",
		t	=	455.18,
		linked_event_id	=	0,
		event_id	=	98,
		initiator_unit_type	=	"F-16C_50",
		uin64_t_value	=	2,
		initiator_object_id	=	16777984,
		weapon	=	"M-61",
		ammo_consumption	=	2,
		initiator_coalition	=	1,
		initiator_ws_type1	=	1,
		initiatorMissionID	=	"7",
	}, -- end of [77]
	[78] = 
	{
		initiatorPilotName	=	"F-16C_50",
		target_coalition	=	2,
		linked_event_id	=	0,
		targetMissionID	=	"10",
		target_ws_type1	=	1,
		initiator_object_id	=	16777984,
		target	=	"F-15C",
		target_object_id	=	16779264,
		targetPilotName	=	"F-15C",
		type	=	"start shooting",
		target_unit_type	=	"F-15C",
		t	=	455.2,
		initiator_unit_type	=	"F-16C_50",
		event_id	=	99,
		weapon	=	"M-61",
		initiator_ws_type1	=	1,
		initiatorMissionID	=	"7",
		initiator_coalition	=	1,
	}, -- end of [78]
	[79] = 
	{
		weapon_type	=	2566,
		type	=	"end shooting",
		initiatorPilotName	=	"F-16C_50",
		t	=	455.22,
		linked_event_id	=	0,
		event_id	=	100,
		initiator_unit_type	=	"F-16C_50",
		uin64_t_value	=	2,
		initiator_object_id	=	16777984,
		weapon	=	"M-61",
		ammo_consumption	=	2,
		initiator_coalition	=	1,
		initiator_ws_type1	=	1,
		initiatorMissionID	=	"7",
	}, -- end of [79]
	[80] = 
	{
		initiatorPilotName	=	"F-16C_50",
		target_coalition	=	2,
		linked_event_id	=	0,
		targetMissionID	=	"10",
		target_ws_type1	=	1,
		initiator_object_id	=	16777984,
		target	=	"F-15C",
		target_object_id	=	16779264,
		targetPilotName	=	"F-15C",
		type	=	"start shooting",
		target_unit_type	=	"F-15C",
		t	=	455.24,
		initiator_unit_type	=	"F-16C_50",
		event_id	=	101,
		weapon	=	"M-61",
		initiator_ws_type1	=	1,
		initiatorMissionID	=	"7",
		initiator_coalition	=	1,
	}, -- end of [80]
	[81] = 
	{
		weapon_type	=	2566,
		type	=	"end shooting",
		initiatorPilotName	=	"F-16C_50",
		t	=	455.26,
		linked_event_id	=	0,
		event_id	=	102,
		initiator_unit_type	=	"F-16C_50",
		uin64_t_value	=	2,
		initiator_object_id	=	16777984,
		weapon	=	"M-61",
		ammo_consumption	=	2,
		initiator_coalition	=	1,
		initiator_ws_type1	=	1,
		initiatorMissionID	=	"7",
	}, -- end of [81]
	[82] = 
	{
		initiatorPilotName	=	"F-16C_50",
		target_coalition	=	2,
		linked_event_id	=	0,
		targetMissionID	=	"10",
		target_ws_type1	=	1,
		initiator_object_id	=	16777984,
		target	=	"F-15C",
		target_object_id	=	16779264,
		targetPilotName	=	"F-15C",
		type	=	"start shooting",
		target_unit_type	=	"F-15C",
		t	=	455.28,
		initiator_unit_type	=	"F-16C_50",
		event_id	=	103,
		weapon	=	"M-61",
		initiator_ws_type1	=	1,
		initiatorMissionID	=	"7",
		initiator_coalition	=	1,
	}, -- end of [82]
	[83] = 
	{
		weapon_type	=	2566,
		type	=	"end shooting",
		initiatorPilotName	=	"F-16C_50",
		t	=	455.3,
		linked_event_id	=	0,
		event_id	=	104,
		initiator_unit_type	=	"F-16C_50",
		uin64_t_value	=	2,
		initiator_object_id	=	16777984,
		weapon	=	"M-61",
		ammo_consumption	=	2,
		initiator_coalition	=	1,
		initiator_ws_type1	=	1,
		initiatorMissionID	=	"7",
	}, -- end of [83]
	[84] = 
	{
		initiatorPilotName	=	"F-16C_50",
		target_coalition	=	2,
		linked_event_id	=	0,
		targetMissionID	=	"10",
		target_ws_type1	=	1,
		initiator_object_id	=	16777984,
		target	=	"F-15C",
		target_object_id	=	16779264,
		targetPilotName	=	"F-15C",
		type	=	"start shooting",
		target_unit_type	=	"F-15C",
		t	=	455.32,
		initiator_unit_type	=	"F-16C_50",
		event_id	=	105,
		weapon	=	"M-61",
		initiator_ws_type1	=	1,
		initiatorMissionID	=	"7",
		initiator_coalition	=	1,
	}, -- end of [84]
	[85] = 
	{
		weapon_type	=	2566,
		type	=	"end shooting",
		initiatorPilotName	=	"F-16C_50",
		t	=	455.34,
		linked_event_id	=	0,
		event_id	=	106,
		initiator_unit_type	=	"F-16C_50",
		uin64_t_value	=	2,
		initiator_object_id	=	16777984,
		weapon	=	"M-61",
		ammo_consumption	=	2,
		initiator_coalition	=	1,
		initiator_ws_type1	=	1,
		initiatorMissionID	=	"7",
	}, -- end of [85]
	[86] = 
	{
		initiatorPilotName	=	"F-16C_50",
		target_coalition	=	2,
		linked_event_id	=	0,
		targetMissionID	=	"10",
		target_ws_type1	=	1,
		initiator_object_id	=	16777984,
		target	=	"F-15C",
		target_object_id	=	16779264,
		targetPilotName	=	"F-15C",
		type	=	"start shooting",
		target_unit_type	=	"F-15C",
		t	=	455.36,
		initiator_unit_type	=	"F-16C_50",
		event_id	=	107,
		weapon	=	"M-61",
		initiator_ws_type1	=	1,
		initiatorMissionID	=	"7",
		initiator_coalition	=	1,
	}, -- end of [86]
	[87] = 
	{
		weapon_type	=	2566,
		type	=	"end shooting",
		initiatorPilotName	=	"F-16C_50",
		t	=	455.38,
		linked_event_id	=	0,
		event_id	=	108,
		initiator_unit_type	=	"F-16C_50",
		uin64_t_value	=	2,
		initiator_object_id	=	16777984,
		weapon	=	"M-61",
		ammo_consumption	=	2,
		initiator_coalition	=	1,
		initiator_ws_type1	=	1,
		initiatorMissionID	=	"7",
	}, -- end of [87]
	[88] = 
	{
		initiatorPilotName	=	"F-16C_50",
		target_coalition	=	2,
		linked_event_id	=	0,
		targetMissionID	=	"10",
		target_ws_type1	=	1,
		initiator_object_id	=	16777984,
		target	=	"F-15C",
		target_object_id	=	16779264,
		targetPilotName	=	"F-15C",
		type	=	"start shooting",
		target_unit_type	=	"F-15C",
		t	=	455.4,
		initiator_unit_type	=	"F-16C_50",
		event_id	=	109,
		weapon	=	"M-61",
		initiator_ws_type1	=	1,
		initiatorMissionID	=	"7",
		initiator_coalition	=	1,
	}, -- end of [88]
	[89] = 
	{
		weapon_type	=	2566,
		type	=	"end shooting",
		initiatorPilotName	=	"F-16C_50",
		t	=	455.42,
		linked_event_id	=	0,
		event_id	=	110,
		initiator_unit_type	=	"F-16C_50",
		uin64_t_value	=	2,
		initiator_object_id	=	16777984,
		weapon	=	"M-61",
		ammo_consumption	=	2,
		initiator_coalition	=	1,
		initiator_ws_type1	=	1,
		initiatorMissionID	=	"7",
	}, -- end of [89]
	[90] = 
	{
		initiatorPilotName	=	"F-16C_50",
		target_coalition	=	2,
		linked_event_id	=	0,
		targetMissionID	=	"10",
		target_ws_type1	=	1,
		initiator_object_id	=	16777984,
		target	=	"F-15C",
		target_object_id	=	16779264,
		targetPilotName	=	"F-15C",
		type	=	"start shooting",
		target_unit_type	=	"F-15C",
		t	=	455.44,
		initiator_unit_type	=	"F-16C_50",
		event_id	=	111,
		weapon	=	"M-61",
		initiator_ws_type1	=	1,
		initiatorMissionID	=	"7",
		initiator_coalition	=	1,
	}, -- end of [90]
	[91] = 
	{
		weapon_type	=	2566,
		type	=	"end shooting",
		initiatorPilotName	=	"F-16C_50",
		t	=	455.46,
		linked_event_id	=	0,
		event_id	=	112,
		initiator_unit_type	=	"F-16C_50",
		uin64_t_value	=	2,
		initiator_object_id	=	16777984,
		weapon	=	"M-61",
		ammo_consumption	=	2,
		initiator_coalition	=	1,
		initiator_ws_type1	=	1,
		initiatorMissionID	=	"7",
	}, -- end of [91]
	[92] = 
	{
		initiatorPilotName	=	"F-16C_50",
		target_coalition	=	2,
		linked_event_id	=	0,
		targetMissionID	=	"10",
		target_ws_type1	=	1,
		initiator_object_id	=	16777984,
		target	=	"F-15C",
		target_object_id	=	16779264,
		targetPilotName	=	"F-15C",
		type	=	"start shooting",
		target_unit_type	=	"F-15C",
		t	=	455.48,
		initiator_unit_type	=	"F-16C_50",
		event_id	=	113,
		weapon	=	"M-61",
		initiator_ws_type1	=	1,
		initiatorMissionID	=	"7",
		initiator_coalition	=	1,
	}, -- end of [92]
	[93] = 
	{
		weapon_type	=	2566,
		type	=	"end shooting",
		initiatorPilotName	=	"F-16C_50",
		t	=	455.5,
		linked_event_id	=	0,
		event_id	=	114,
		initiator_unit_type	=	"F-16C_50",
		uin64_t_value	=	2,
		initiator_object_id	=	16777984,
		weapon	=	"M-61",
		ammo_consumption	=	2,
		initiator_coalition	=	1,
		initiator_ws_type1	=	1,
		initiatorMissionID	=	"7",
	}, -- end of [93]
	[94] = 
	{
		initiatorPilotName	=	"F-16C_50",
		target_coalition	=	2,
		linked_event_id	=	0,
		targetMissionID	=	"10",
		target_ws_type1	=	1,
		initiator_object_id	=	16777984,
		target	=	"F-15C",
		target_object_id	=	16779264,
		targetPilotName	=	"F-15C",
		type	=	"start shooting",
		target_unit_type	=	"F-15C",
		t	=	455.52,
		initiator_unit_type	=	"F-16C_50",
		event_id	=	115,
		weapon	=	"M-61",
		initiator_ws_type1	=	1,
		initiatorMissionID	=	"7",
		initiator_coalition	=	1,
	}, -- end of [94]
	[95] = 
	{
		weapon_type	=	2566,
		type	=	"end shooting",
		initiatorPilotName	=	"F-16C_50",
		t	=	455.54,
		linked_event_id	=	0,
		event_id	=	116,
		initiator_unit_type	=	"F-16C_50",
		uin64_t_value	=	2,
		initiator_object_id	=	16777984,
		weapon	=	"M-61",
		ammo_consumption	=	2,
		initiator_coalition	=	1,
		initiator_ws_type1	=	1,
		initiatorMissionID	=	"7",
	}, -- end of [95]
	[96] = 
	{
		weapon_type	=	9243142,
		initiatorPilotName	=	"F-16C_50",
		target_coalition	=	2,
		linked_event_id	=	0,
		targetMissionID	=	"10",
		target_ws_type1	=	1,
		initiator_object_id	=	16777984,
		target	=	"F-15C",
		target_object_id	=	16779264,
		targetPilotName	=	"F-15C",
		type	=	"hit",
		target_unit_type	=	"F-15C",
		t	=	455.715,
		initiator_unit_type	=	"F-16C_50",
		event_id	=	117,
		weapon	=	"PGU-28/B SAPHEI",
		initiator_ws_type1	=	1,
		initiatorMissionID	=	"7",
		initiator_coalition	=	1,
	}, -- end of [96]
	[97] = 
	{
		weapon_type	=	9243142,
		initiatorPilotName	=	"F-16C_50",
		target_coalition	=	2,
		linked_event_id	=	0,
		targetMissionID	=	"10",
		target_ws_type1	=	1,
		initiator_object_id	=	16777984,
		target	=	"F-15C",
		target_object_id	=	16779264,
		targetPilotName	=	"F-15C",
		type	=	"bda",
		target_unit_type	=	"F-15C",
		t	=	455.715,
		initiator_unit_type	=	"F-16C_50",
		event_id	=	118,
		weapon	=	"PGU-28/B SAPHEI",
		initiator_ws_type1	=	1,
		initiatorMissionID	=	"7",
		initiator_coalition	=	1,
	}, -- end of [97]
	[98] = 
	{
		weapon_type	=	9243142,
		initiatorPilotName	=	"F-16C_50",
		target_coalition	=	2,
		linked_event_id	=	0,
		targetMissionID	=	"10",
		target_ws_type1	=	1,
		initiator_object_id	=	16777984,
		target	=	"F-15C",
		target_object_id	=	16779264,
		targetPilotName	=	"F-15C",
		type	=	"hit",
		target_unit_type	=	"F-15C",
		t	=	455.738,
		initiator_unit_type	=	"F-16C_50",
		event_id	=	119,
		weapon	=	"PGU-28/B SAPHEI",
		initiator_ws_type1	=	1,
		initiatorMissionID	=	"7",
		initiator_coalition	=	1,
	}, -- end of [98]
	[99] = 
	{
		weapon_type	=	9243142,
		initiatorPilotName	=	"F-16C_50",
		target_coalition	=	2,
		linked_event_id	=	0,
		targetMissionID	=	"10",
		target_ws_type1	=	1,
		initiator_object_id	=	16777984,
		target	=	"F-15C",
		target_object_id	=	16779264,
		targetPilotName	=	"F-15C",
		type	=	"bda",
		target_unit_type	=	"F-15C",
		t	=	455.738,
		initiator_unit_type	=	"F-16C_50",
		event_id	=	120,
		weapon	=	"PGU-28/B SAPHEI",
		initiator_ws_type1	=	1,
		initiatorMissionID	=	"7",
		initiator_coalition	=	1,
	}, -- end of [99]
	[100] = 
	{
		weapon_type	=	9243142,
		initiatorPilotName	=	"F-16C_50",
		target_coalition	=	2,
		linked_event_id	=	0,
		targetMissionID	=	"10",
		target_ws_type1	=	1,
		initiator_object_id	=	16777984,
		target	=	"F-15C",
		target_object_id	=	16779264,
		targetPilotName	=	"F-15C",
		type	=	"hit",
		target_unit_type	=	"F-15C",
		t	=	455.768,
		initiator_unit_type	=	"F-16C_50",
		event_id	=	121,
		weapon	=	"PGU-28/B SAPHEI",
		initiator_ws_type1	=	1,
		initiatorMissionID	=	"7",
		initiator_coalition	=	1,
	}, -- end of [100]
	[101] = 
	{
		weapon_type	=	9243142,
		initiatorPilotName	=	"F-16C_50",
		target_coalition	=	2,
		linked_event_id	=	0,
		targetMissionID	=	"10",
		target_ws_type1	=	1,
		initiator_object_id	=	16777984,
		target	=	"F-15C",
		target_object_id	=	16779264,
		targetPilotName	=	"F-15C",
		type	=	"bda",
		target_unit_type	=	"F-15C",
		t	=	455.768,
		initiator_unit_type	=	"F-16C_50",
		event_id	=	122,
		weapon	=	"PGU-28/B SAPHEI",
		initiator_ws_type1	=	1,
		initiatorMissionID	=	"7",
		initiator_coalition	=	1,
	}, -- end of [101]
	[102] = 
	{
		weapon_type	=	9243142,
		initiatorPilotName	=	"F-16C_50",
		target_coalition	=	2,
		linked_event_id	=	0,
		targetMissionID	=	"10",
		target_ws_type1	=	1,
		initiator_object_id	=	16777984,
		target	=	"F-15C",
		target_object_id	=	16779264,
		targetPilotName	=	"F-15C",
		type	=	"hit",
		target_unit_type	=	"F-15C",
		t	=	455.779,
		initiator_unit_type	=	"F-16C_50",
		event_id	=	123,
		weapon	=	"PGU-28/B SAPHEI",
		initiator_ws_type1	=	1,
		initiatorMissionID	=	"7",
		initiator_coalition	=	1,
	}, -- end of [102]
	[103] = 
	{
		weapon_type	=	9243142,
		initiatorPilotName	=	"F-16C_50",
		target_coalition	=	2,
		linked_event_id	=	0,
		targetMissionID	=	"10",
		target_ws_type1	=	1,
		initiator_object_id	=	16777984,
		target	=	"F-15C",
		target_object_id	=	16779264,
		targetPilotName	=	"F-15C",
		type	=	"bda",
		target_unit_type	=	"F-15C",
		t	=	455.779,
		initiator_unit_type	=	"F-16C_50",
		event_id	=	124,
		weapon	=	"PGU-28/B SAPHEI",
		initiator_ws_type1	=	1,
		initiatorMissionID	=	"7",
		initiator_coalition	=	1,
	}, -- end of [103]
	[104] = 
	{
		type	=	"ai abort mission",
		initiatorPilotName	=	"F-15C",
		t	=	455.779,
		initiator_unit_type	=	"F-15C",
		initiator_object_id	=	16779264,
		linked_event_id	=	0,
		event_id	=	125,
		initiator_coalition	=	2,
		initiator_ws_type1	=	1,
		initiatorMissionID	=	"10",
	}, -- end of [104]
	[105] = 
	{
		weapon_type	=	9243142,
		initiatorPilotName	=	"F-16C_50",
		target_coalition	=	2,
		linked_event_id	=	0,
		targetMissionID	=	"10",
		target_ws_type1	=	1,
		initiator_object_id	=	16777984,
		target	=	"F-15C",
		target_object_id	=	16779264,
		targetPilotName	=	"F-15C",
		type	=	"hit",
		target_unit_type	=	"F-15C",
		t	=	455.847,
		initiator_unit_type	=	"F-16C_50",
		event_id	=	126,
		weapon	=	"PGU-28/B SAPHEI",
		initiator_ws_type1	=	1,
		initiatorMissionID	=	"7",
		initiator_coalition	=	1,
	}, -- end of [105]
	[106] = 
	{
		weapon_type	=	9243142,
		initiatorPilotName	=	"F-16C_50",
		target_coalition	=	2,
		linked_event_id	=	0,
		targetMissionID	=	"10",
		target_ws_type1	=	1,
		initiator_object_id	=	16777984,
		target	=	"F-15C",
		target_object_id	=	16779264,
		targetPilotName	=	"F-15C",
		type	=	"bda",
		target_unit_type	=	"F-15C",
		t	=	455.847,
		initiator_unit_type	=	"F-16C_50",
		event_id	=	127,
		weapon	=	"PGU-28/B SAPHEI",
		initiator_ws_type1	=	1,
		initiatorMissionID	=	"7",
		initiator_coalition	=	1,
	}, -- end of [106]
	[107] = 
	{
		type	=	"ai abort mission",
		initiatorPilotName	=	"F-15C",
		t	=	455.847,
		initiator_unit_type	=	"F-15C",
		initiator_object_id	=	16779264,
		linked_event_id	=	0,
		event_id	=	128,
		initiator_coalition	=	2,
		initiator_ws_type1	=	1,
		initiatorMissionID	=	"10",
	}, -- end of [107]
	[108] = 
	{
		weapon_type	=	9243142,
		initiatorPilotName	=	"F-16C_50",
		target_coalition	=	2,
		linked_event_id	=	0,
		targetMissionID	=	"10",
		target_ws_type1	=	1,
		initiator_object_id	=	16777984,
		target	=	"F-15C",
		target_object_id	=	16779264,
		targetPilotName	=	"F-15C",
		type	=	"hit",
		target_unit_type	=	"F-15C",
		t	=	455.896,
		initiator_unit_type	=	"F-16C_50",
		event_id	=	129,
		weapon	=	"PGU-28/B SAPHEI",
		initiator_ws_type1	=	1,
		initiatorMissionID	=	"7",
		initiator_coalition	=	1,
	}, -- end of [108]
	[109] = 
	{
		weapon_type	=	9243142,
		initiatorPilotName	=	"F-16C_50",
		target_coalition	=	2,
		linked_event_id	=	0,
		targetMissionID	=	"10",
		target_ws_type1	=	1,
		initiator_object_id	=	16777984,
		target	=	"F-15C",
		target_object_id	=	16779264,
		targetPilotName	=	"F-15C",
		type	=	"bda",
		target_unit_type	=	"F-15C",
		t	=	455.896,
		initiator_unit_type	=	"F-16C_50",
		event_id	=	130,
		weapon	=	"PGU-28/B SAPHEI",
		initiator_ws_type1	=	1,
		initiatorMissionID	=	"7",
		initiator_coalition	=	1,
	}, -- end of [109]
	[110] = 
	{
		weapon_type	=	9243142,
		initiatorPilotName	=	"F-16C_50",
		target_coalition	=	2,
		linked_event_id	=	0,
		targetMissionID	=	"10",
		target_ws_type1	=	1,
		initiator_object_id	=	16777984,
		target	=	"F-15C",
		target_object_id	=	16779264,
		targetPilotName	=	"F-15C",
		type	=	"hit",
		target_unit_type	=	"F-15C",
		t	=	455.935,
		initiator_unit_type	=	"F-16C_50",
		event_id	=	131,
		weapon	=	"PGU-28/B SAPHEI",
		initiator_ws_type1	=	1,
		initiatorMissionID	=	"7",
		initiator_coalition	=	1,
	}, -- end of [110]
	[111] = 
	{
		weapon_type	=	9243142,
		initiatorPilotName	=	"F-16C_50",
		target_coalition	=	2,
		linked_event_id	=	0,
		targetMissionID	=	"10",
		target_ws_type1	=	1,
		initiator_object_id	=	16777984,
		target	=	"F-15C",
		target_object_id	=	16779264,
		targetPilotName	=	"F-15C",
		type	=	"bda",
		target_unit_type	=	"F-15C",
		t	=	455.935,
		initiator_unit_type	=	"F-16C_50",
		event_id	=	132,
		weapon	=	"PGU-28/B SAPHEI",
		initiator_ws_type1	=	1,
		initiatorMissionID	=	"7",
		initiator_coalition	=	1,
	}, -- end of [111]
	[112] = 
	{
		weapon_type	=	9243142,
		initiatorPilotName	=	"F-16C_50",
		target_coalition	=	2,
		linked_event_id	=	0,
		targetMissionID	=	"10",
		target_ws_type1	=	1,
		initiator_object_id	=	16777984,
		target	=	"F-15C",
		target_object_id	=	16779264,
		targetPilotName	=	"F-15C",
		type	=	"hit",
		target_unit_type	=	"F-15C",
		t	=	456.052,
		initiator_unit_type	=	"F-16C_50",
		event_id	=	133,
		weapon	=	"PGU-28/B SAPHEI",
		initiator_ws_type1	=	1,
		initiatorMissionID	=	"7",
		initiator_coalition	=	1,
	}, -- end of [112]
	[113] = 
	{
		weapon_type	=	9243142,
		initiatorPilotName	=	"F-16C_50",
		target_coalition	=	2,
		linked_event_id	=	0,
		targetMissionID	=	"10",
		target_ws_type1	=	1,
		initiator_object_id	=	16777984,
		target	=	"F-15C",
		target_object_id	=	16779264,
		targetPilotName	=	"F-15C",
		type	=	"bda",
		target_unit_type	=	"F-15C",
		t	=	456.052,
		initiator_unit_type	=	"F-16C_50",
		event_id	=	134,
		weapon	=	"PGU-28/B SAPHEI",
		initiator_ws_type1	=	1,
		initiatorMissionID	=	"7",
		initiator_coalition	=	1,
	}, -- end of [113]
	[114] = 
	{
		weapon_type	=	9243142,
		initiatorPilotName	=	"F-16C_50",
		target_coalition	=	2,
		linked_event_id	=	0,
		targetMissionID	=	"10",
		target_ws_type1	=	1,
		initiator_object_id	=	16777984,
		target	=	"F-15C",
		target_object_id	=	16779264,
		targetPilotName	=	"F-15C",
		type	=	"hit",
		target_unit_type	=	"F-15C",
		t	=	456.072,
		initiator_unit_type	=	"F-16C_50",
		event_id	=	135,
		weapon	=	"PGU-28/B SAPHEI",
		initiator_ws_type1	=	1,
		initiatorMissionID	=	"7",
		initiator_coalition	=	1,
	}, -- end of [114]
	[115] = 
	{
		weapon_type	=	9243142,
		initiatorPilotName	=	"F-16C_50",
		target_coalition	=	2,
		linked_event_id	=	0,
		targetMissionID	=	"10",
		target_ws_type1	=	1,
		initiator_object_id	=	16777984,
		target	=	"F-15C",
		target_object_id	=	16779264,
		targetPilotName	=	"F-15C",
		type	=	"bda",
		target_unit_type	=	"F-15C",
		t	=	456.072,
		initiator_unit_type	=	"F-16C_50",
		event_id	=	136,
		weapon	=	"PGU-28/B SAPHEI",
		initiator_ws_type1	=	1,
		initiatorMissionID	=	"7",
		initiator_coalition	=	1,
	}, -- end of [115]
	[116] = 
	{
		weapon_type	=	9243142,
		initiatorPilotName	=	"F-16C_50",
		target_coalition	=	2,
		linked_event_id	=	0,
		targetMissionID	=	"10",
		target_ws_type1	=	1,
		initiator_object_id	=	16777984,
		target	=	"F-15C",
		target_object_id	=	16779264,
		targetPilotName	=	"F-15C",
		type	=	"hit",
		target_unit_type	=	"F-15C",
		t	=	456.123,
		initiator_unit_type	=	"F-16C_50",
		event_id	=	137,
		weapon	=	"PGU-28/B SAPHEI",
		initiator_ws_type1	=	1,
		initiatorMissionID	=	"7",
		initiator_coalition	=	1,
	}, -- end of [116]
	[117] = 
	{
		weapon_type	=	9243142,
		initiatorPilotName	=	"F-16C_50",
		target_coalition	=	2,
		linked_event_id	=	0,
		targetMissionID	=	"10",
		target_ws_type1	=	1,
		initiator_object_id	=	16777984,
		target	=	"F-15C",
		target_object_id	=	16779264,
		targetPilotName	=	"F-15C",
		type	=	"bda",
		target_unit_type	=	"F-15C",
		t	=	456.123,
		initiator_unit_type	=	"F-16C_50",
		event_id	=	138,
		weapon	=	"PGU-28/B SAPHEI",
		initiator_ws_type1	=	1,
		initiatorMissionID	=	"7",
		initiator_coalition	=	1,
	}, -- end of [117]
	[118] = 
	{
		initiatorPilotName	=	"F-15C",
		target_coalition	=	2,
		linked_event_id	=	0,
		targetMissionID	=	"0",
		target_ws_type1	=	1,
		initiator_object_id	=	16779264,
		target	=	"",
		target_object_id	=	33609216,
		targetPilotName	=	"",
		type	=	"eject",
		target_unit_type	=	"",
		t	=	457.78,
		initiator_unit_type	=	"F-15C",
		event_id	=	139,
		initiator_ws_type1	=	1,
		initiatorMissionID	=	"10",
		initiator_coalition	=	2,
	}, -- end of [118]
	[119] = 
	{
		weapon_type	=	9243142,
		initiatorPilotName	=	"F-16C_50",
		target_coalition	=	2,
		linked_event_id	=	137,
		targetMissionID	=	"10",
		target_ws_type1	=	1,
		initiator_object_id	=	16777984,
		target	=	"F-15C",
		target_object_id	=	16779264,
		targetPilotName	=	"F-15C",
		type	=	"kill",
		target_unit_type	=	"F-15C",
		t	=	457.78,
		initiator_unit_type	=	"F-16C_50",
		event_id	=	140,
		weapon	=	"PGU-28/B SAPHEI",
		initiator_ws_type1	=	1,
		initiatorMissionID	=	"7",
		initiator_coalition	=	1,
	}, -- end of [119]
	[120] = 
	{
		type	=	"score",
		initiatorPilotName	=	"F-16C_50",
		t	=	457.78,
		linked_event_id	=	140,
		initiator_unit_type	=	"F-16C_50",
		event_id	=	141,
		initiator_object_id	=	16777984,
		amount	=	50,
		comment	=	"air",
		initiator_coalition	=	1,
		initiator_ws_type1	=	1,
		initiatorMissionID	=	"7",
	}, -- end of [120]
	[121] = 
	{
		type	=	"mission end",
		comment	=	"winner: , msg: ",
		t	=	459.612,
		linked_event_id	=	0,
		event_id	=	144,
	}, -- end of [121]
} -- end of events
