mission_file_path	=	"C:\\Users\\dedig\\Saved Games\\DCS\\Missions\\test-unit-group-script.miz"
callsign	=	"New callsign"
world_state = 
{
	[1] = 
	{
		alt	=	301.85354614258,
		type	=	"F-16C_50",
		groupId	=	2,
		heading	=	1.7472823301898,
		coalition	=	"blue",
		x	=	8709.0341796875,
		y	=	75110.5859375,
		payload = 
		{
			pylons = 
			{
				[2] = 
				{
					CLSID	=	"{5CE2FF2A-645A-4197-B48D-8720AC69394F}",
				}, -- end of [2]
				[4] = 
				{
					CLSID	=	"{F376DBEE-4CAE-41BA-ADD9-B2910AC95DEC}",
				}, -- end of [4]
				[5] = 
				{
					CLSID	=	"<CLEAN>",
				}, -- end of [5]
				[6] = 
				{
					CLSID	=	"{F376DBEE-4CAE-41BA-ADD9-B2910AC95DEC}",
				}, -- end of [6]
				[8] = 
				{
					CLSID	=	"{5CE2FF2A-645A-4197-B48D-8720AC69394F}",
				}, -- end of [8]
			}, -- end of pylons
			fuel	=	3249,
			flare	=	60,
			ammo_type	=	5,
			chaff	=	60,
			gun	=	100,
		}, -- end of payload
		speed	=	8.3330001831055,
		unitId	=	2,
		N_obj	=	1,
		country	=	80,
	}, -- end of [1]
	[2] = 
	{
		alt	=	301.84295654297,
		type	=	"F-16C_50",
		groupId	=	2,
		heading	=	1.7474568525897,
		coalition	=	"blue",
		x	=	8723.7822265625,
		y	=	75027.96875,
		payload = 
		{
			pylons = 
			{
				[6] = 
				{
					CLSID	=	"{F376DBEE-4CAE-41BA-ADD9-B2910AC95DEC}",
				}, -- end of [6]
				[2] = 
				{
					CLSID	=	"{5CE2FF2A-645A-4197-B48D-8720AC69394F}",
				}, -- end of [2]
				[8] = 
				{
					CLSID	=	"{5CE2FF2A-645A-4197-B48D-8720AC69394F}",
				}, -- end of [8]
				[4] = 
				{
					CLSID	=	"{F376DBEE-4CAE-41BA-ADD9-B2910AC95DEC}",
				}, -- end of [4]
				[9] = 
				{
					CLSID	=	"{40EF17B7-F508-45de-8566-6FFECC0C1AB8}",
				}, -- end of [9]
				[5] = 
				{
					CLSID	=	"<CLEAN>",
				}, -- end of [5]
			}, -- end of pylons
			fuel	=	3249,
			flare	=	60,
			ammo_type	=	5,
			chaff	=	60,
			gun	=	100,
		}, -- end of payload
		speed	=	8.3330001831055,
		unitId	=	18,
		N_obj	=	2,
		country	=	80,
	}, -- end of [2]
	[3] = 
	{
		alt	=	301.85357666016,
		type	=	"F-16C_50",
		groupId	=	2,
		heading	=	1.7476580778705,
		coalition	=	"blue",
		x	=	8975.6640625,
		y	=	73617.625,
		payload = 
		{
			pylons = 
			{
				[1] = 
				{
					CLSID	=	"{40EF17B7-F508-45de-8566-6FFECC0C1AB8}",
				}, -- end of [1]
				[2] = 
				{
					CLSID	=	"{5CE2FF2A-645A-4197-B48D-8720AC69394F}",
				}, -- end of [2]
				[4] = 
				{
					CLSID	=	"{F376DBEE-4CAE-41BA-ADD9-B2910AC95DEC}",
				}, -- end of [4]
				[5] = 
				{
					CLSID	=	"<CLEAN>",
				}, -- end of [5]
				[6] = 
				{
					CLSID	=	"{F376DBEE-4CAE-41BA-ADD9-B2910AC95DEC}",
				}, -- end of [6]
				[8] = 
				{
					CLSID	=	"{5CE2FF2A-645A-4197-B48D-8720AC69394F}",
				}, -- end of [8]
				[9] = 
				{
					CLSID	=	"{40EF17B7-F508-45de-8566-6FFECC0C1AB8}",
				}, -- end of [9]
			}, -- end of pylons
			fuel	=	3249,
			flare	=	60,
			ammo_type	=	5,
			chaff	=	60,
			gun	=	100,
		}, -- end of payload
		speed	=	8.3330001831055,
		unitId	=	19,
		N_obj	=	3,
		country	=	80,
	}, -- end of [3]
	[4] = 
	{
		alt	=	301.85317993164,
		type	=	"F-16C_50",
		groupId	=	2,
		heading	=	1.5863130728351,
		coalition	=	"blue",
		x	=	9009.2529296875,
		y	=	73433.9453125,
		payload = 
		{
			pylons = 
			{
				[6] = 
				{
					CLSID	=	"{F376DBEE-4CAE-41BA-ADD9-B2910AC95DEC}",
				}, -- end of [6]
				[2] = 
				{
					CLSID	=	"{5CE2FF2A-645A-4197-B48D-8720AC69394F}",
				}, -- end of [2]
				[8] = 
				{
					CLSID	=	"{5CE2FF2A-645A-4197-B48D-8720AC69394F}",
				}, -- end of [8]
				[3] = 
				{
					CLSID	=	"{TER_9A_3*MK-82}",
					settings = 
					{
						function_delay_ctrl_M905	=	0,
						NFP_PRESID	=	"MDRN_B_A_GPLD",
						NFP_fuze_type_tail	=	"M905",
						NFP_fuze_type_nose	=	"M904E4",
						NFP_VIS_DrawArgNo_57	=	0,
						arm_delay_ctrl_M905	=	4,
						NFP_PRESVER	=	1,
						function_delay_ctrl_M904E4	=	0,
						arm_delay_ctrl_M904E4	=	4,
					}, -- end of settings
				}, -- end of [3]
				[5] = 
				{
					CLSID	=	"<CLEAN>",
				}, -- end of [5]
				[4] = 
				{
					CLSID	=	"{F376DBEE-4CAE-41BA-ADD9-B2910AC95DEC}",
				}, -- end of [4]
				[9] = 
				{
					CLSID	=	"{40EF17B7-F508-45de-8566-6FFECC0C1AB8}",
				}, -- end of [9]
				[7] = 
				{
					CLSID	=	"{TER_9A_3*MK-82}",
					settings = 
					{
						function_delay_ctrl_M905	=	0,
						NFP_PRESID	=	"MDRN_B_A_GPLD",
						NFP_fuze_type_tail	=	"M905",
						NFP_fuze_type_nose	=	"M904E4",
						NFP_VIS_DrawArgNo_57	=	0,
						arm_delay_ctrl_M905	=	4,
						NFP_PRESVER	=	1,
						function_delay_ctrl_M904E4	=	0,
						arm_delay_ctrl_M904E4	=	4,
					}, -- end of settings
				}, -- end of [7]
			}, -- end of pylons
			fuel	=	3249,
			flare	=	58,
			ammo_type	=	5,
			chaff	=	60,
			gun	=	100,
		}, -- end of payload
		speed	=	8.3330001831055,
		unitId	=	20,
		N_obj	=	4,
		country	=	80,
	}, -- end of [4]
} -- end of world_state
mission_file_mark	=	1748787579
mission_time	=	1429.994
warehouses = 
{
	airports = 
	{
		[1] = 
		{
			unlimitedFuel	=	true,
			unlimitedMunitions	=	true,
			unlimitedAircrafts	=	true,
		}, -- end of [1]
		[2] = 
		{
			unlimitedFuel	=	true,
			unlimitedMunitions	=	true,
			unlimitedAircrafts	=	true,
		}, -- end of [2]
		[3] = 
		{
			unlimitedFuel	=	true,
			unlimitedMunitions	=	true,
			unlimitedAircrafts	=	true,
		}, -- end of [3]
		[4] = 
		{
			unlimitedFuel	=	true,
			unlimitedMunitions	=	true,
			unlimitedAircrafts	=	true,
		}, -- end of [4]
		[5] = 
		{
			unlimitedFuel	=	true,
			unlimitedMunitions	=	true,
			unlimitedAircrafts	=	true,
		}, -- end of [5]
		[6] = 
		{
			unlimitedFuel	=	true,
			unlimitedMunitions	=	true,
			unlimitedAircrafts	=	true,
		}, -- end of [6]
		[7] = 
		{
			unlimitedFuel	=	true,
			unlimitedMunitions	=	true,
			unlimitedAircrafts	=	true,
		}, -- end of [7]
		[8] = 
		{
			unlimitedFuel	=	true,
			unlimitedMunitions	=	true,
			unlimitedAircrafts	=	true,
		}, -- end of [8]
		[9] = 
		{
			unlimitedFuel	=	true,
			unlimitedMunitions	=	true,
			unlimitedAircrafts	=	true,
		}, -- end of [9]
		[10] = 
		{
			unlimitedFuel	=	true,
			unlimitedMunitions	=	true,
			unlimitedAircrafts	=	true,
		}, -- end of [10]
		[11] = 
		{
			unlimitedFuel	=	true,
			unlimitedMunitions	=	true,
			unlimitedAircrafts	=	true,
		}, -- end of [11]
		[12] = 
		{
			unlimitedFuel	=	true,
			unlimitedMunitions	=	true,
			unlimitedAircrafts	=	true,
		}, -- end of [12]
		[13] = 
		{
			unlimitedFuel	=	true,
			unlimitedMunitions	=	true,
			unlimitedAircrafts	=	true,
		}, -- end of [13]
		[14] = 
		{
			unlimitedFuel	=	true,
			unlimitedMunitions	=	true,
			unlimitedAircrafts	=	true,
		}, -- end of [14]
		[15] = 
		{
			unlimitedFuel	=	true,
			unlimitedMunitions	=	true,
			unlimitedAircrafts	=	true,
		}, -- end of [15]
		[16] = 
		{
			unlimitedFuel	=	true,
			unlimitedMunitions	=	true,
			unlimitedAircrafts	=	true,
		}, -- end of [16]
		[17] = 
		{
			unlimitedFuel	=	true,
			unlimitedMunitions	=	true,
			unlimitedAircrafts	=	true,
		}, -- end of [17]
		[18] = 
		{
			unlimitedFuel	=	true,
			unlimitedMunitions	=	true,
			unlimitedAircrafts	=	true,
		}, -- end of [18]
		[19] = 
		{
			unlimitedFuel	=	true,
			unlimitedMunitions	=	true,
			unlimitedAircrafts	=	true,
		}, -- end of [19]
		[20] = 
		{
			unlimitedFuel	=	true,
			unlimitedMunitions	=	true,
			unlimitedAircrafts	=	true,
		}, -- end of [20]
		[21] = 
		{
			unlimitedFuel	=	true,
			unlimitedMunitions	=	true,
			unlimitedAircrafts	=	true,
		}, -- end of [21]
		[22] = 
		{
			unlimitedFuel	=	true,
			unlimitedMunitions	=	true,
			unlimitedAircrafts	=	true,
		}, -- end of [22]
		[23] = 
		{
			unlimitedFuel	=	true,
			unlimitedMunitions	=	true,
			unlimitedAircrafts	=	true,
		}, -- end of [23]
		[24] = 
		{
			unlimitedFuel	=	true,
			unlimitedMunitions	=	true,
			unlimitedAircrafts	=	true,
		}, -- end of [24]
		[25] = 
		{
			unlimitedFuel	=	true,
			unlimitedMunitions	=	true,
			unlimitedAircrafts	=	true,
		}, -- end of [25]
		[26] = 
		{
			unlimitedFuel	=	true,
			unlimitedMunitions	=	true,
			unlimitedAircrafts	=	true,
		}, -- end of [26]
		[27] = 
		{
			unlimitedFuel	=	true,
			unlimitedMunitions	=	true,
			unlimitedAircrafts	=	true,
		}, -- end of [27]
		[28] = 
		{
			unlimitedFuel	=	true,
			unlimitedMunitions	=	true,
			unlimitedAircrafts	=	true,
		}, -- end of [28]
		[29] = 
		{
			unlimitedFuel	=	true,
			unlimitedMunitions	=	true,
			unlimitedAircrafts	=	true,
		}, -- end of [29]
		[30] = 
		{
			unlimitedFuel	=	true,
			unlimitedMunitions	=	true,
			unlimitedAircrafts	=	true,
		}, -- end of [30]
		[31] = 
		{
			unlimitedFuel	=	true,
			unlimitedMunitions	=	true,
			unlimitedAircrafts	=	true,
		}, -- end of [31]
		[32] = 
		{
			unlimitedFuel	=	true,
			unlimitedMunitions	=	true,
			unlimitedAircrafts	=	true,
		}, -- end of [32]
		[33] = 
		{
			unlimitedFuel	=	true,
			unlimitedMunitions	=	true,
			unlimitedAircrafts	=	true,
		}, -- end of [33]
		[34] = 
		{
			unlimitedFuel	=	true,
			unlimitedMunitions	=	true,
			unlimitedAircrafts	=	true,
		}, -- end of [34]
		[35] = 
		{
			unlimitedFuel	=	true,
			unlimitedMunitions	=	true,
			unlimitedAircrafts	=	true,
		}, -- end of [35]
		[36] = 
		{
			unlimitedFuel	=	true,
			unlimitedMunitions	=	true,
			unlimitedAircrafts	=	true,
		}, -- end of [36]
		[37] = 
		{
			unlimitedFuel	=	true,
			unlimitedMunitions	=	true,
			unlimitedAircrafts	=	true,
		}, -- end of [37]
		[38] = 
		{
			unlimitedFuel	=	true,
			unlimitedMunitions	=	true,
			unlimitedAircrafts	=	true,
		}, -- end of [38]
		[39] = 
		{
			unlimitedFuel	=	true,
			unlimitedMunitions	=	true,
			unlimitedAircrafts	=	true,
		}, -- end of [39]
		[40] = 
		{
			unlimitedFuel	=	true,
			unlimitedMunitions	=	true,
			unlimitedAircrafts	=	true,
		}, -- end of [40]
		[41] = 
		{
			unlimitedFuel	=	true,
			unlimitedMunitions	=	true,
			unlimitedAircrafts	=	true,
		}, -- end of [41]
		[42] = 
		{
			unlimitedFuel	=	true,
			unlimitedMunitions	=	true,
			unlimitedAircrafts	=	true,
		}, -- end of [42]
		[43] = 
		{
			gasoline = 
			{
				InitFuel	=	0,
			}, -- end of gasoline
			unlimitedMunitions	=	false,
			methanol_mixture = 
			{
				InitFuel	=	0,
			}, -- end of methanol_mixture
			jet_fuel = 
			{
				InitFuel	=	0,
			}, -- end of jet_fuel
			diesel = 
			{
				InitFuel	=	0,
			}, -- end of diesel
			aircrafts = 
			{
				helicopters = 	{},
				planes = 	{},
			}, -- end of aircrafts
			weapons = 	{},
			unlimitedFuel	=	false,
			unlimitedAircrafts	=	false,
		}, -- end of [43]
		[44] = 
		{
			unlimitedFuel	=	true,
			unlimitedMunitions	=	true,
			unlimitedAircrafts	=	true,
		}, -- end of [44]
		[45] = 
		{
			unlimitedFuel	=	true,
			unlimitedMunitions	=	true,
			unlimitedAircrafts	=	true,
		}, -- end of [45]
		[46] = 
		{
			unlimitedFuel	=	true,
			unlimitedMunitions	=	true,
			unlimitedAircrafts	=	true,
		}, -- end of [46]
		[47] = 
		{
			unlimitedFuel	=	true,
			unlimitedMunitions	=	true,
			unlimitedAircrafts	=	true,
		}, -- end of [47]
		[48] = 
		{
			unlimitedFuel	=	true,
			unlimitedMunitions	=	true,
			unlimitedAircrafts	=	true,
		}, -- end of [48]
		[49] = 
		{
			unlimitedFuel	=	true,
			unlimitedMunitions	=	true,
			unlimitedAircrafts	=	true,
		}, -- end of [49]
		[50] = 
		{
			unlimitedFuel	=	true,
			unlimitedMunitions	=	true,
			unlimitedAircrafts	=	true,
		}, -- end of [50]
		[51] = 
		{
			unlimitedFuel	=	true,
			unlimitedMunitions	=	true,
			unlimitedAircrafts	=	true,
		}, -- end of [51]
		[52] = 
		{
			unlimitedFuel	=	true,
			unlimitedMunitions	=	true,
			unlimitedAircrafts	=	true,
		}, -- end of [52]
		[53] = 
		{
			unlimitedFuel	=	true,
			unlimitedMunitions	=	true,
			unlimitedAircrafts	=	true,
		}, -- end of [53]
		[54] = 
		{
			unlimitedFuel	=	true,
			unlimitedMunitions	=	true,
			unlimitedAircrafts	=	true,
		}, -- end of [54]
		[55] = 
		{
			unlimitedFuel	=	true,
			unlimitedMunitions	=	true,
			unlimitedAircrafts	=	true,
		}, -- end of [55]
		[57] = 
		{
			unlimitedFuel	=	true,
			unlimitedMunitions	=	true,
			unlimitedAircrafts	=	true,
		}, -- end of [57]
		[58] = 
		{
			unlimitedFuel	=	true,
			unlimitedMunitions	=	true,
			unlimitedAircrafts	=	true,
		}, -- end of [58]
		[59] = 
		{
			unlimitedFuel	=	true,
			unlimitedMunitions	=	true,
			unlimitedAircrafts	=	true,
		}, -- end of [59]
		[60] = 
		{
			unlimitedFuel	=	true,
			unlimitedMunitions	=	true,
			unlimitedAircrafts	=	true,
		}, -- end of [60]
		[63] = 
		{
			unlimitedFuel	=	true,
			unlimitedMunitions	=	true,
			unlimitedAircrafts	=	true,
		}, -- end of [63]
		[64] = 
		{
			unlimitedFuel	=	true,
			unlimitedMunitions	=	true,
			unlimitedAircrafts	=	true,
		}, -- end of [64]
		[65] = 
		{
			unlimitedFuel	=	true,
			unlimitedMunitions	=	true,
			unlimitedAircrafts	=	true,
		}, -- end of [65]
		[66] = 
		{
			unlimitedFuel	=	true,
			unlimitedMunitions	=	true,
			unlimitedAircrafts	=	true,
		}, -- end of [66]
		[67] = 
		{
			unlimitedFuel	=	true,
			unlimitedMunitions	=	true,
			unlimitedAircrafts	=	true,
		}, -- end of [67]
		[68] = 
		{
			unlimitedFuel	=	true,
			unlimitedMunitions	=	true,
			unlimitedAircrafts	=	true,
		}, -- end of [68]
		[69] = 
		{
			unlimitedFuel	=	true,
			unlimitedMunitions	=	true,
			unlimitedAircrafts	=	true,
		}, -- end of [69]
		[70] = 
		{
			unlimitedFuel	=	true,
			unlimitedMunitions	=	true,
			unlimitedAircrafts	=	true,
		}, -- end of [70]
		[71] = 
		{
			unlimitedFuel	=	true,
			unlimitedMunitions	=	true,
			unlimitedAircrafts	=	true,
		}, -- end of [71]
		[72] = 
		{
			unlimitedFuel	=	true,
			unlimitedMunitions	=	true,
			unlimitedAircrafts	=	true,
		}, -- end of [72]
		[73] = 
		{
			unlimitedFuel	=	true,
			unlimitedMunitions	=	true,
			unlimitedAircrafts	=	true,
		}, -- end of [73]
		[74] = 
		{
			unlimitedFuel	=	true,
			unlimitedMunitions	=	true,
			unlimitedAircrafts	=	true,
		}, -- end of [74]
		[76] = 
		{
			unlimitedFuel	=	true,
			unlimitedMunitions	=	true,
			unlimitedAircrafts	=	true,
		}, -- end of [76]
		[77] = 
		{
			unlimitedFuel	=	true,
			unlimitedMunitions	=	true,
			unlimitedAircrafts	=	true,
		}, -- end of [77]
		[78] = 
		{
			unlimitedFuel	=	true,
			unlimitedMunitions	=	true,
			unlimitedAircrafts	=	true,
		}, -- end of [78]
		[79] = 
		{
			unlimitedFuel	=	true,
			unlimitedMunitions	=	true,
			unlimitedAircrafts	=	true,
		}, -- end of [79]
		[80] = 
		{
			unlimitedFuel	=	true,
			unlimitedMunitions	=	true,
			unlimitedAircrafts	=	true,
		}, -- end of [80]
		[82] = 
		{
			unlimitedFuel	=	true,
			unlimitedMunitions	=	true,
			unlimitedAircrafts	=	true,
		}, -- end of [82]
		[83] = 
		{
			unlimitedFuel	=	true,
			unlimitedMunitions	=	true,
			unlimitedAircrafts	=	true,
		}, -- end of [83]
		[84] = 
		{
			unlimitedFuel	=	true,
			unlimitedMunitions	=	true,
			unlimitedAircrafts	=	true,
		}, -- end of [84]
		[85] = 
		{
			unlimitedFuel	=	true,
			unlimitedMunitions	=	true,
			unlimitedAircrafts	=	true,
		}, -- end of [85]
		[86] = 
		{
			unlimitedFuel	=	true,
			unlimitedMunitions	=	true,
			unlimitedAircrafts	=	true,
		}, -- end of [86]
		[87] = 
		{
			unlimitedFuel	=	true,
			unlimitedMunitions	=	true,
			unlimitedAircrafts	=	true,
		}, -- end of [87]
		[89] = 
		{
			unlimitedFuel	=	true,
			unlimitedMunitions	=	true,
			unlimitedAircrafts	=	true,
		}, -- end of [89]
		[92] = 
		{
			unlimitedFuel	=	true,
			unlimitedMunitions	=	true,
			unlimitedAircrafts	=	true,
		}, -- end of [92]
		[93] = 
		{
			unlimitedFuel	=	true,
			unlimitedMunitions	=	true,
			unlimitedAircrafts	=	true,
		}, -- end of [93]
		[94] = 
		{
			unlimitedFuel	=	true,
			unlimitedMunitions	=	true,
			unlimitedAircrafts	=	true,
		}, -- end of [94]
		[95] = 
		{
			unlimitedFuel	=	true,
			unlimitedMunitions	=	true,
			unlimitedAircrafts	=	true,
		}, -- end of [95]
		[96] = 
		{
			unlimitedFuel	=	true,
			unlimitedMunitions	=	true,
			unlimitedAircrafts	=	true,
		}, -- end of [96]
		[97] = 
		{
			unlimitedFuel	=	true,
			unlimitedMunitions	=	true,
			unlimitedAircrafts	=	true,
		}, -- end of [97]
		[98] = 
		{
			unlimitedFuel	=	true,
			unlimitedMunitions	=	true,
			unlimitedAircrafts	=	true,
		}, -- end of [98]
		[99] = 
		{
			unlimitedFuel	=	true,
			unlimitedMunitions	=	true,
			unlimitedAircrafts	=	true,
		}, -- end of [99]
		[100] = 
		{
			unlimitedFuel	=	true,
			unlimitedMunitions	=	true,
			unlimitedAircrafts	=	true,
		}, -- end of [100]
		[101] = 
		{
			unlimitedFuel	=	true,
			unlimitedMunitions	=	true,
			unlimitedAircrafts	=	true,
		}, -- end of [101]
		[102] = 
		{
			unlimitedFuel	=	true,
			unlimitedMunitions	=	true,
			unlimitedAircrafts	=	true,
		}, -- end of [102]
		[103] = 
		{
			unlimitedFuel	=	true,
			unlimitedMunitions	=	true,
			unlimitedAircrafts	=	true,
		}, -- end of [103]
		[104] = 
		{
			unlimitedFuel	=	true,
			unlimitedMunitions	=	true,
			unlimitedAircrafts	=	true,
		}, -- end of [104]
		[105] = 
		{
			unlimitedFuel	=	true,
			unlimitedMunitions	=	true,
			unlimitedAircrafts	=	true,
		}, -- end of [105]
		[106] = 
		{
			unlimitedFuel	=	true,
			unlimitedMunitions	=	true,
			unlimitedAircrafts	=	true,
		}, -- end of [106]
		[107] = 
		{
			unlimitedFuel	=	true,
			unlimitedMunitions	=	true,
			unlimitedAircrafts	=	true,
		}, -- end of [107]
		[108] = 
		{
			unlimitedFuel	=	true,
			unlimitedMunitions	=	true,
			unlimitedAircrafts	=	true,
		}, -- end of [108]
		[109] = 
		{
			unlimitedFuel	=	true,
			unlimitedMunitions	=	true,
			unlimitedAircrafts	=	true,
		}, -- end of [109]
		[110] = 
		{
			unlimitedFuel	=	true,
			unlimitedMunitions	=	true,
			unlimitedAircrafts	=	true,
		}, -- end of [110]
		[111] = 
		{
			unlimitedFuel	=	true,
			unlimitedMunitions	=	true,
			unlimitedAircrafts	=	true,
		}, -- end of [111]
		[112] = 
		{
			unlimitedFuel	=	true,
			unlimitedMunitions	=	true,
			unlimitedAircrafts	=	true,
		}, -- end of [112]
		[113] = 
		{
			unlimitedFuel	=	true,
			unlimitedMunitions	=	true,
			unlimitedAircrafts	=	true,
		}, -- end of [113]
		[114] = 
		{
			unlimitedFuel	=	true,
			unlimitedMunitions	=	true,
			unlimitedAircrafts	=	true,
		}, -- end of [114]
		[115] = 
		{
			unlimitedFuel	=	true,
			unlimitedMunitions	=	true,
			unlimitedAircrafts	=	true,
		}, -- end of [115]
		[116] = 
		{
			unlimitedFuel	=	true,
			unlimitedMunitions	=	true,
			unlimitedAircrafts	=	true,
		}, -- end of [116]
		[117] = 
		{
			unlimitedFuel	=	true,
			unlimitedMunitions	=	true,
			unlimitedAircrafts	=	true,
		}, -- end of [117]
		[119] = 
		{
			unlimitedFuel	=	true,
			unlimitedMunitions	=	true,
			unlimitedAircrafts	=	true,
		}, -- end of [119]
		[120] = 
		{
			unlimitedFuel	=	true,
			unlimitedMunitions	=	true,
			unlimitedAircrafts	=	true,
		}, -- end of [120]
		[121] = 
		{
			unlimitedFuel	=	true,
			unlimitedMunitions	=	true,
			unlimitedAircrafts	=	true,
		}, -- end of [121]
		[122] = 
		{
			unlimitedFuel	=	true,
			unlimitedMunitions	=	true,
			unlimitedAircrafts	=	true,
		}, -- end of [122]
		[123] = 
		{
			unlimitedFuel	=	true,
			unlimitedMunitions	=	true,
			unlimitedAircrafts	=	true,
		}, -- end of [123]
		[124] = 
		{
			unlimitedFuel	=	true,
			unlimitedMunitions	=	true,
			unlimitedAircrafts	=	true,
		}, -- end of [124]
		[125] = 
		{
			unlimitedFuel	=	true,
			unlimitedMunitions	=	true,
			unlimitedAircrafts	=	true,
		}, -- end of [125]
		[126] = 
		{
			unlimitedFuel	=	true,
			unlimitedMunitions	=	true,
			unlimitedAircrafts	=	true,
		}, -- end of [126]
		[127] = 
		{
			unlimitedFuel	=	true,
			unlimitedMunitions	=	true,
			unlimitedAircrafts	=	true,
		}, -- end of [127]
		[128] = 
		{
			unlimitedFuel	=	true,
			unlimitedMunitions	=	true,
			unlimitedAircrafts	=	true,
		}, -- end of [128]
		[129] = 
		{
			unlimitedFuel	=	true,
			unlimitedMunitions	=	true,
			unlimitedAircrafts	=	true,
		}, -- end of [129]
		[130] = 
		{
			unlimitedFuel	=	true,
			unlimitedMunitions	=	true,
			unlimitedAircrafts	=	true,
		}, -- end of [130]
		[131] = 
		{
			unlimitedFuel	=	true,
			unlimitedMunitions	=	true,
			unlimitedAircrafts	=	true,
		}, -- end of [131]
		[132] = 
		{
			unlimitedFuel	=	true,
			unlimitedMunitions	=	true,
			unlimitedAircrafts	=	true,
		}, -- end of [132]
		[133] = 
		{
			unlimitedFuel	=	true,
			unlimitedMunitions	=	true,
			unlimitedAircrafts	=	true,
		}, -- end of [133]
		[134] = 
		{
			unlimitedFuel	=	true,
			unlimitedMunitions	=	true,
			unlimitedAircrafts	=	true,
		}, -- end of [134]
		[135] = 
		{
			unlimitedFuel	=	true,
			unlimitedMunitions	=	true,
			unlimitedAircrafts	=	true,
		}, -- end of [135]
		[136] = 
		{
			unlimitedFuel	=	true,
			unlimitedMunitions	=	true,
			unlimitedAircrafts	=	true,
		}, -- end of [136]
		[137] = 
		{
			unlimitedFuel	=	true,
			unlimitedMunitions	=	true,
			unlimitedAircrafts	=	true,
		}, -- end of [137]
		[138] = 
		{
			unlimitedFuel	=	true,
			unlimitedMunitions	=	true,
			unlimitedAircrafts	=	true,
		}, -- end of [138]
		[139] = 
		{
			unlimitedFuel	=	true,
			unlimitedMunitions	=	true,
			unlimitedAircrafts	=	true,
		}, -- end of [139]
		[140] = 
		{
			unlimitedFuel	=	true,
			unlimitedMunitions	=	true,
			unlimitedAircrafts	=	true,
		}, -- end of [140]
		[141] = 
		{
			unlimitedFuel	=	true,
			unlimitedMunitions	=	true,
			unlimitedAircrafts	=	true,
		}, -- end of [141]
		[142] = 
		{
			unlimitedFuel	=	true,
			unlimitedMunitions	=	true,
			unlimitedAircrafts	=	true,
		}, -- end of [142]
		[143] = 
		{
			unlimitedFuel	=	true,
			unlimitedMunitions	=	true,
			unlimitedAircrafts	=	true,
		}, -- end of [143]
		[144] = 
		{
			unlimitedFuel	=	true,
			unlimitedMunitions	=	true,
			unlimitedAircrafts	=	true,
		}, -- end of [144]
		[145] = 
		{
			unlimitedFuel	=	true,
			unlimitedMunitions	=	true,
			unlimitedAircrafts	=	true,
		}, -- end of [145]
		[146] = 
		{
			unlimitedFuel	=	true,
			unlimitedMunitions	=	true,
			unlimitedAircrafts	=	true,
		}, -- end of [146]
		[147] = 
		{
			unlimitedFuel	=	true,
			unlimitedMunitions	=	true,
			unlimitedAircrafts	=	true,
		}, -- end of [147]
		[148] = 
		{
			unlimitedFuel	=	true,
			unlimitedMunitions	=	true,
			unlimitedAircrafts	=	true,
		}, -- end of [148]
		[149] = 
		{
			unlimitedFuel	=	true,
			unlimitedMunitions	=	true,
			unlimitedAircrafts	=	true,
		}, -- end of [149]
		[150] = 
		{
			unlimitedFuel	=	true,
			unlimitedMunitions	=	true,
			unlimitedAircrafts	=	true,
		}, -- end of [150]
		[151] = 
		{
			unlimitedFuel	=	true,
			unlimitedMunitions	=	true,
			unlimitedAircrafts	=	true,
		}, -- end of [151]
		[152] = 
		{
			unlimitedFuel	=	true,
			unlimitedMunitions	=	true,
			unlimitedAircrafts	=	true,
		}, -- end of [152]
		[153] = 
		{
			unlimitedFuel	=	true,
			unlimitedMunitions	=	true,
			unlimitedAircrafts	=	true,
		}, -- end of [153]
		[154] = 
		{
			unlimitedFuel	=	true,
			unlimitedMunitions	=	true,
			unlimitedAircrafts	=	true,
		}, -- end of [154]
		[155] = 
		{
			unlimitedFuel	=	true,
			unlimitedMunitions	=	true,
			unlimitedAircrafts	=	true,
		}, -- end of [155]
		[156] = 
		{
			unlimitedFuel	=	true,
			unlimitedMunitions	=	true,
			unlimitedAircrafts	=	true,
		}, -- end of [156]
		[157] = 
		{
			unlimitedFuel	=	true,
			unlimitedMunitions	=	true,
			unlimitedAircrafts	=	true,
		}, -- end of [157]
		[158] = 
		{
			unlimitedFuel	=	true,
			unlimitedMunitions	=	true,
			unlimitedAircrafts	=	true,
		}, -- end of [158]
		[159] = 
		{
			unlimitedFuel	=	true,
			unlimitedMunitions	=	true,
			unlimitedAircrafts	=	true,
		}, -- end of [159]
		[160] = 
		{
			unlimitedFuel	=	true,
			unlimitedMunitions	=	true,
			unlimitedAircrafts	=	true,
		}, -- end of [160]
		[161] = 
		{
			unlimitedFuel	=	true,
			unlimitedMunitions	=	true,
			unlimitedAircrafts	=	true,
		}, -- end of [161]
		[162] = 
		{
			unlimitedFuel	=	true,
			unlimitedMunitions	=	true,
			unlimitedAircrafts	=	true,
		}, -- end of [162]
		[163] = 
		{
			unlimitedFuel	=	true,
			unlimitedMunitions	=	true,
			unlimitedAircrafts	=	true,
		}, -- end of [163]
		[164] = 
		{
			unlimitedFuel	=	true,
			unlimitedMunitions	=	true,
			unlimitedAircrafts	=	true,
		}, -- end of [164]
		[165] = 
		{
			unlimitedFuel	=	true,
			unlimitedMunitions	=	true,
			unlimitedAircrafts	=	true,
		}, -- end of [165]
		[166] = 
		{
			unlimitedFuel	=	true,
			unlimitedMunitions	=	true,
			unlimitedAircrafts	=	true,
		}, -- end of [166]
		[167] = 
		{
			unlimitedFuel	=	true,
			unlimitedMunitions	=	true,
			unlimitedAircrafts	=	true,
		}, -- end of [167]
		[168] = 
		{
			unlimitedFuel	=	true,
			unlimitedMunitions	=	true,
			unlimitedAircrafts	=	true,
		}, -- end of [168]
		[169] = 
		{
			unlimitedFuel	=	true,
			unlimitedMunitions	=	true,
			unlimitedAircrafts	=	true,
		}, -- end of [169]
		[170] = 
		{
			unlimitedFuel	=	true,
			unlimitedMunitions	=	true,
			unlimitedAircrafts	=	true,
		}, -- end of [170]
		[171] = 
		{
			unlimitedFuel	=	true,
			unlimitedMunitions	=	true,
			unlimitedAircrafts	=	true,
		}, -- end of [171]
		[172] = 
		{
			unlimitedFuel	=	true,
			unlimitedMunitions	=	true,
			unlimitedAircrafts	=	true,
		}, -- end of [172]
		[173] = 
		{
			unlimitedFuel	=	true,
			unlimitedMunitions	=	true,
			unlimitedAircrafts	=	true,
		}, -- end of [173]
		[174] = 
		{
			unlimitedFuel	=	true,
			unlimitedMunitions	=	true,
			unlimitedAircrafts	=	true,
		}, -- end of [174]
		[175] = 
		{
			unlimitedFuel	=	true,
			unlimitedMunitions	=	true,
			unlimitedAircrafts	=	true,
		}, -- end of [175]
		[176] = 
		{
			unlimitedFuel	=	true,
			unlimitedMunitions	=	true,
			unlimitedAircrafts	=	true,
		}, -- end of [176]
		[177] = 
		{
			unlimitedFuel	=	true,
			unlimitedMunitions	=	true,
			unlimitedAircrafts	=	true,
		}, -- end of [177]
		[178] = 
		{
			unlimitedFuel	=	true,
			unlimitedMunitions	=	true,
			unlimitedAircrafts	=	true,
		}, -- end of [178]
		[179] = 
		{
			unlimitedFuel	=	true,
			unlimitedMunitions	=	true,
			unlimitedAircrafts	=	true,
		}, -- end of [179]
		[180] = 
		{
			unlimitedFuel	=	true,
			unlimitedMunitions	=	true,
			unlimitedAircrafts	=	true,
		}, -- end of [180]
		[181] = 
		{
			unlimitedFuel	=	true,
			unlimitedMunitions	=	true,
			unlimitedAircrafts	=	true,
		}, -- end of [181]
		[182] = 
		{
			unlimitedFuel	=	true,
			unlimitedMunitions	=	true,
			unlimitedAircrafts	=	true,
		}, -- end of [182]
		[184] = 
		{
			unlimitedFuel	=	true,
			unlimitedMunitions	=	true,
			unlimitedAircrafts	=	true,
		}, -- end of [184]
		[185] = 
		{
			unlimitedFuel	=	true,
			unlimitedMunitions	=	true,
			unlimitedAircrafts	=	true,
		}, -- end of [185]
		[186] = 
		{
			unlimitedFuel	=	true,
			unlimitedMunitions	=	true,
			unlimitedAircrafts	=	true,
		}, -- end of [186]
		[187] = 
		{
			unlimitedFuel	=	true,
			unlimitedMunitions	=	true,
			unlimitedAircrafts	=	true,
		}, -- end of [187]
		[189] = 
		{
			unlimitedFuel	=	true,
			unlimitedMunitions	=	true,
			unlimitedAircrafts	=	true,
		}, -- end of [189]
		[190] = 
		{
			unlimitedFuel	=	true,
			unlimitedMunitions	=	true,
			unlimitedAircrafts	=	true,
		}, -- end of [190]
		[191] = 
		{
			unlimitedFuel	=	true,
			unlimitedMunitions	=	true,
			unlimitedAircrafts	=	true,
		}, -- end of [191]
		[192] = 
		{
			unlimitedFuel	=	true,
			unlimitedMunitions	=	true,
			unlimitedAircrafts	=	true,
		}, -- end of [192]
		[193] = 
		{
			unlimitedFuel	=	true,
			unlimitedMunitions	=	true,
			unlimitedAircrafts	=	true,
		}, -- end of [193]
		[194] = 
		{
			unlimitedFuel	=	true,
			unlimitedMunitions	=	true,
			unlimitedAircrafts	=	true,
		}, -- end of [194]
		[195] = 
		{
			unlimitedFuel	=	true,
			unlimitedMunitions	=	true,
			unlimitedAircrafts	=	true,
		}, -- end of [195]
		[196] = 
		{
			unlimitedFuel	=	true,
			unlimitedMunitions	=	true,
			unlimitedAircrafts	=	true,
		}, -- end of [196]
		[197] = 
		{
			unlimitedFuel	=	true,
			unlimitedMunitions	=	true,
			unlimitedAircrafts	=	true,
		}, -- end of [197]
		[198] = 
		{
			unlimitedFuel	=	true,
			unlimitedMunitions	=	true,
			unlimitedAircrafts	=	true,
		}, -- end of [198]
		[199] = 
		{
			unlimitedFuel	=	true,
			unlimitedMunitions	=	true,
			unlimitedAircrafts	=	true,
		}, -- end of [199]
		[200] = 
		{
			unlimitedFuel	=	true,
			unlimitedMunitions	=	true,
			unlimitedAircrafts	=	true,
		}, -- end of [200]
		[201] = 
		{
			unlimitedFuel	=	true,
			unlimitedMunitions	=	true,
			unlimitedAircrafts	=	true,
		}, -- end of [201]
		[202] = 
		{
			unlimitedFuel	=	true,
			unlimitedMunitions	=	true,
			unlimitedAircrafts	=	true,
		}, -- end of [202]
		[203] = 
		{
			unlimitedFuel	=	true,
			unlimitedMunitions	=	true,
			unlimitedAircrafts	=	true,
		}, -- end of [203]
		[204] = 
		{
			unlimitedFuel	=	true,
			unlimitedMunitions	=	true,
			unlimitedAircrafts	=	true,
		}, -- end of [204]
		[205] = 
		{
			unlimitedFuel	=	true,
			unlimitedMunitions	=	true,
			unlimitedAircrafts	=	true,
		}, -- end of [205]
		[206] = 
		{
			unlimitedFuel	=	true,
			unlimitedMunitions	=	true,
			unlimitedAircrafts	=	true,
		}, -- end of [206]
		[207] = 
		{
			unlimitedFuel	=	true,
			unlimitedMunitions	=	true,
			unlimitedAircrafts	=	true,
		}, -- end of [207]
		[208] = 
		{
			unlimitedFuel	=	true,
			unlimitedMunitions	=	true,
			unlimitedAircrafts	=	true,
		}, -- end of [208]
		[209] = 
		{
			unlimitedFuel	=	true,
			unlimitedMunitions	=	true,
			unlimitedAircrafts	=	true,
		}, -- end of [209]
		[210] = 
		{
			unlimitedFuel	=	true,
			unlimitedMunitions	=	true,
			unlimitedAircrafts	=	true,
		}, -- end of [210]
		[211] = 
		{
			unlimitedFuel	=	true,
			unlimitedMunitions	=	true,
			unlimitedAircrafts	=	true,
		}, -- end of [211]
		[212] = 
		{
			unlimitedFuel	=	true,
			unlimitedMunitions	=	true,
			unlimitedAircrafts	=	true,
		}, -- end of [212]
		[213] = 
		{
			unlimitedFuel	=	true,
			unlimitedMunitions	=	true,
			unlimitedAircrafts	=	true,
		}, -- end of [213]
		[214] = 
		{
			unlimitedFuel	=	true,
			unlimitedMunitions	=	true,
			unlimitedAircrafts	=	true,
		}, -- end of [214]
		[215] = 
		{
			unlimitedFuel	=	true,
			unlimitedMunitions	=	true,
			unlimitedAircrafts	=	true,
		}, -- end of [215]
		[216] = 
		{
			unlimitedFuel	=	true,
			unlimitedMunitions	=	true,
			unlimitedAircrafts	=	true,
		}, -- end of [216]
		[219] = 
		{
			unlimitedFuel	=	true,
			unlimitedMunitions	=	true,
			unlimitedAircrafts	=	true,
		}, -- end of [219]
		[220] = 
		{
			unlimitedFuel	=	true,
			unlimitedMunitions	=	true,
			unlimitedAircrafts	=	true,
		}, -- end of [220]
		[221] = 
		{
			unlimitedFuel	=	true,
			unlimitedMunitions	=	true,
			unlimitedAircrafts	=	true,
		}, -- end of [221]
		[222] = 
		{
			unlimitedFuel	=	true,
			unlimitedMunitions	=	true,
			unlimitedAircrafts	=	true,
		}, -- end of [222]
		[223] = 
		{
			unlimitedFuel	=	true,
			unlimitedMunitions	=	true,
			unlimitedAircrafts	=	true,
		}, -- end of [223]
		[224] = 
		{
			unlimitedFuel	=	true,
			unlimitedMunitions	=	true,
			unlimitedAircrafts	=	true,
		}, -- end of [224]
	}, -- end of airports
	warehouses = 	{},
} -- end of warehouses
triggers_state = 	{}
result	=	0
events = 
{
	[1] = 
	{
		type	=	"mission start",
		event_id	=	5,
		t	=	0,
		linked_event_id	=	0,
		ta	=	28800,
	}, -- end of [1]
	[2] = 
	{
		linked_event_id	=	0,
		t	=	0,
		event_id	=	6,
		type	=	"took control",
	}, -- end of [2]
	[3] = 
	{
		type	=	"takeoff",
		initiatorPilotName	=	"F-16C_50",
		place	=	"Abu al-Duhur",
		t	=	377.35,
		placeDisplayName	=	"Abu al-Duhur",
		initiator_unit_type	=	"F-16C_50",
		initiator_object_id	=	16779008,
		linked_event_id	=	0,
		event_id	=	50,
		initiator_coalition	=	2,
		initiator_ws_type1	=	1,
		initiatorMissionID	=	"2",
	}, -- end of [3]
	[4] = 
	{
		type	=	"takeoff",
		initiatorPilotName	=	"F-16C_50",
		place	=	"Abu al-Duhur",
		t	=	389,
		placeDisplayName	=	"Abu al-Duhur",
		initiator_unit_type	=	"F-16C_50",
		initiator_object_id	=	16779264,
		linked_event_id	=	0,
		event_id	=	53,
		initiator_coalition	=	2,
		initiator_ws_type1	=	1,
		initiatorMissionID	=	"18",
	}, -- end of [4]
	[5] = 
	{
		type	=	"takeoff",
		initiatorPilotName	=	"F-16C_50",
		place	=	"Abu al-Duhur",
		t	=	399.7,
		placeDisplayName	=	"Abu al-Duhur",
		initiator_unit_type	=	"F-16C_50",
		initiator_object_id	=	16779520,
		linked_event_id	=	0,
		event_id	=	55,
		initiator_coalition	=	2,
		initiator_ws_type1	=	1,
		initiatorMissionID	=	"19",
	}, -- end of [5]
	[6] = 
	{
		type	=	"takeoff",
		initiatorPilotName	=	"F-16C_50",
		place	=	"Abu al-Duhur",
		t	=	410.3,
		placeDisplayName	=	"Abu al-Duhur",
		initiator_unit_type	=	"F-16C_50",
		initiator_object_id	=	16779776,
		linked_event_id	=	0,
		event_id	=	56,
		initiator_coalition	=	2,
		initiator_ws_type1	=	1,
		initiatorMissionID	=	"20",
	}, -- end of [6]
	[7] = 
	{
		type	=	"takeoff",
		initiatorPilotName	=	"F-15C",
		place	=	"Rene Mouawad",
		t	=	505.41,
		placeDisplayName	=	"Rene Mouawad",
		initiator_unit_type	=	"F-15C",
		initiator_object_id	=	16778496,
		linked_event_id	=	0,
		event_id	=	58,
		initiator_coalition	=	1,
		initiator_ws_type1	=	1,
		initiatorMissionID	=	"1",
	}, -- end of [7]
	[8] = 
	{
		type	=	"takeoff",
		initiatorPilotName	=	"F-15C",
		place	=	"Rene Mouawad",
		t	=	523.75,
		placeDisplayName	=	"Rene Mouawad",
		initiator_unit_type	=	"F-15C",
		initiator_object_id	=	16778752,
		linked_event_id	=	0,
		event_id	=	60,
		initiator_coalition	=	1,
		initiator_ws_type1	=	1,
		initiatorMissionID	=	"3",
	}, -- end of [8]
	[9] = 
	{
		weapon_type	=	2033925,
		type	=	"shot",
		initiatorPilotName	=	"F-16C_50",
		t	=	749.89,
		initiator_unit_type	=	"F-16C_50",
		linked_event_id	=	0,
		initiator_object_id	=	16779008,
		event_id	=	61,
		weapon	=	"Mk-82",
		initiator_coalition	=	2,
		initiator_ws_type1	=	1,
		initiatorMissionID	=	"2",
	}, -- end of [9]
	[10] = 
	{
		weapon_type	=	2033925,
		type	=	"shot",
		initiatorPilotName	=	"F-16C_50",
		t	=	749.97,
		initiator_unit_type	=	"F-16C_50",
		linked_event_id	=	0,
		initiator_object_id	=	16779008,
		event_id	=	62,
		weapon	=	"Mk-82",
		initiator_coalition	=	2,
		initiator_ws_type1	=	1,
		initiatorMissionID	=	"2",
	}, -- end of [10]
	[11] = 
	{
		weapon_type	=	2033925,
		type	=	"shot",
		initiatorPilotName	=	"F-16C_50",
		t	=	750.05,
		initiator_unit_type	=	"F-16C_50",
		linked_event_id	=	0,
		initiator_object_id	=	16779008,
		event_id	=	63,
		weapon	=	"Mk-82",
		initiator_coalition	=	2,
		initiator_ws_type1	=	1,
		initiatorMissionID	=	"2",
	}, -- end of [11]
	[12] = 
	{
		weapon_type	=	2033925,
		type	=	"shot",
		initiatorPilotName	=	"F-16C_50",
		t	=	750.13,
		initiator_unit_type	=	"F-16C_50",
		linked_event_id	=	0,
		initiator_object_id	=	16779008,
		event_id	=	64,
		weapon	=	"Mk-82",
		initiator_coalition	=	2,
		initiator_ws_type1	=	1,
		initiatorMissionID	=	"2",
	}, -- end of [12]
	[13] = 
	{
		weapon_type	=	2033925,
		type	=	"shot",
		initiatorPilotName	=	"F-16C_50",
		t	=	752.32,
		initiator_unit_type	=	"F-16C_50",
		linked_event_id	=	0,
		initiator_object_id	=	16779264,
		event_id	=	65,
		weapon	=	"Mk-82",
		initiator_coalition	=	2,
		initiator_ws_type1	=	1,
		initiatorMissionID	=	"18",
	}, -- end of [13]
	[14] = 
	{
		weapon_type	=	2033925,
		type	=	"shot",
		initiatorPilotName	=	"F-16C_50",
		t	=	752.4,
		initiator_unit_type	=	"F-16C_50",
		linked_event_id	=	0,
		initiator_object_id	=	16779264,
		event_id	=	66,
		weapon	=	"Mk-82",
		initiator_coalition	=	2,
		initiator_ws_type1	=	1,
		initiatorMissionID	=	"18",
	}, -- end of [14]
	[15] = 
	{
		weapon_type	=	2033925,
		type	=	"shot",
		initiatorPilotName	=	"F-16C_50",
		t	=	752.48,
		initiator_unit_type	=	"F-16C_50",
		linked_event_id	=	0,
		initiator_object_id	=	16779264,
		event_id	=	67,
		weapon	=	"Mk-82",
		initiator_coalition	=	2,
		initiator_ws_type1	=	1,
		initiatorMissionID	=	"18",
	}, -- end of [15]
	[16] = 
	{
		weapon_type	=	2033925,
		type	=	"shot",
		initiatorPilotName	=	"F-16C_50",
		t	=	752.54,
		initiator_unit_type	=	"F-16C_50",
		linked_event_id	=	0,
		initiator_object_id	=	16779264,
		event_id	=	68,
		weapon	=	"Mk-82",
		initiator_coalition	=	2,
		initiator_ws_type1	=	1,
		initiatorMissionID	=	"18",
	}, -- end of [16]
	[17] = 
	{
		weapon_type	=	2033925,
		type	=	"shot",
		initiatorPilotName	=	"F-16C_50",
		t	=	755.94,
		initiator_unit_type	=	"F-16C_50",
		linked_event_id	=	0,
		initiator_object_id	=	16779520,
		event_id	=	69,
		weapon	=	"Mk-82",
		initiator_coalition	=	2,
		initiator_ws_type1	=	1,
		initiatorMissionID	=	"19",
	}, -- end of [17]
	[18] = 
	{
		weapon_type	=	2033925,
		type	=	"shot",
		initiatorPilotName	=	"F-16C_50",
		t	=	755.96,
		initiator_unit_type	=	"F-16C_50",
		linked_event_id	=	0,
		initiator_object_id	=	16779520,
		event_id	=	70,
		weapon	=	"Mk-82",
		initiator_coalition	=	2,
		initiator_ws_type1	=	1,
		initiatorMissionID	=	"19",
	}, -- end of [18]
	[19] = 
	{
		weapon_type	=	2033925,
		type	=	"shot",
		initiatorPilotName	=	"F-16C_50",
		t	=	755.98,
		initiator_unit_type	=	"F-16C_50",
		linked_event_id	=	0,
		initiator_object_id	=	16779520,
		event_id	=	71,
		weapon	=	"Mk-82",
		initiator_coalition	=	2,
		initiator_ws_type1	=	1,
		initiatorMissionID	=	"19",
	}, -- end of [19]
	[20] = 
	{
		weapon_type	=	2033925,
		type	=	"shot",
		initiatorPilotName	=	"F-16C_50",
		t	=	756,
		initiator_unit_type	=	"F-16C_50",
		linked_event_id	=	0,
		initiator_object_id	=	16779520,
		event_id	=	72,
		weapon	=	"Mk-82",
		initiator_coalition	=	2,
		initiator_ws_type1	=	1,
		initiatorMissionID	=	"19",
	}, -- end of [20]
	[21] = 
	{
		weapon_type	=	6948644,
		initiatorPilotName	=	"F-16C_50",
		target_coalition	=	1,
		linked_event_id	=	0,
		targetMissionID	=	"1",
		target_ws_type1	=	1,
		initiator_object_id	=	16779008,
		target	=	"F-15C",
		target_object_id	=	16778496,
		targetPilotName	=	"F-15C",
		type	=	"shot",
		target_unit_type	=	"F-15C",
		t	=	758.02,
		initiator_unit_type	=	"F-16C_50",
		event_id	=	73,
		weapon	=	"AIM-120C",
		initiator_ws_type1	=	1,
		initiatorMissionID	=	"2",
		initiator_coalition	=	2,
	}, -- end of [21]
	[22] = 
	{
		weapon_type	=	6948644,
		initiatorPilotName	=	"F-16C_50",
		target_coalition	=	1,
		linked_event_id	=	0,
		targetMissionID	=	"3",
		target_ws_type1	=	1,
		initiator_object_id	=	16779264,
		target	=	"F-15C",
		target_object_id	=	16778752,
		targetPilotName	=	"F-15C",
		type	=	"shot",
		target_unit_type	=	"F-15C",
		t	=	758.05,
		initiator_unit_type	=	"F-16C_50",
		event_id	=	74,
		weapon	=	"AIM-120C",
		initiator_ws_type1	=	1,
		initiatorMissionID	=	"18",
		initiator_coalition	=	2,
	}, -- end of [22]
	[23] = 
	{
		weapon_type	=	2033925,
		initiatorPilotName	=	"F-16C_50",
		target_coalition	=	1,
		linked_event_id	=	61,
		targetMissionID	=	"13",
		target_ws_type1	=	2,
		initiator_object_id	=	16779008,
		target	=	"Scud_B",
		target_object_id	=	16777728,
		targetPilotName	=	"Scud_B",
		type	=	"hit",
		target_unit_type	=	"Scud_B",
		t	=	763.51,
		initiator_unit_type	=	"F-16C_50",
		event_id	=	75,
		weapon	=	"Mk-82",
		initiator_ws_type1	=	1,
		initiatorMissionID	=	"2",
		initiator_coalition	=	2,
	}, -- end of [23]
	[24] = 
	{
		weapon_type	=	2033925,
		initiatorPilotName	=	"F-16C_50",
		target_coalition	=	1,
		linked_event_id	=	75,
		targetMissionID	=	"13",
		target_ws_type1	=	2,
		initiator_object_id	=	16779008,
		target	=	"Scud_B",
		target_object_id	=	16777728,
		targetPilotName	=	"Scud_B",
		type	=	"kill",
		target_unit_type	=	"Scud_B",
		t	=	763.51,
		initiator_unit_type	=	"F-16C_50",
		event_id	=	77,
		weapon	=	"Mk-82",
		initiator_ws_type1	=	1,
		initiatorMissionID	=	"2",
		initiator_coalition	=	2,
	}, -- end of [24]
	[25] = 
	{
		type	=	"score",
		initiatorPilotName	=	"F-16C_50",
		t	=	763.51,
		linked_event_id	=	77,
		initiator_unit_type	=	"F-16C_50",
		event_id	=	78,
		initiator_object_id	=	16779008,
		amount	=	20,
		comment	=	"ground",
		initiator_coalition	=	2,
		initiator_ws_type1	=	1,
		initiatorMissionID	=	"2",
	}, -- end of [25]
	[26] = 
	{
		weapon_type	=	2033925,
		initiatorPilotName	=	"F-16C_50",
		target_coalition	=	1,
		linked_event_id	=	0,
		targetMissionID	=	"13",
		target_ws_type1	=	2,
		initiator_object_id	=	16779008,
		target	=	"Scud_B",
		target_object_id	=	16777728,
		targetPilotName	=	"Scud_B",
		type	=	"bda",
		target_unit_type	=	"Scud_B",
		t	=	763.51,
		initiator_unit_type	=	"F-16C_50",
		event_id	=	80,
		weapon	=	"Mk-82",
		initiator_ws_type1	=	1,
		initiatorMissionID	=	"2",
		initiator_coalition	=	2,
	}, -- end of [26]
	[27] = 
	{
		weapon_type	=	2033925,
		initiatorPilotName	=	"F-16C_50",
		target_coalition	=	1,
		linked_event_id	=	61,
		targetMissionID	=	"12",
		target_ws_type1	=	2,
		initiator_object_id	=	16779008,
		target	=	"Scud_B",
		target_object_id	=	16777984,
		targetPilotName	=	"Scud_B",
		type	=	"hit",
		target_unit_type	=	"Scud_B",
		t	=	763.51,
		initiator_unit_type	=	"F-16C_50",
		event_id	=	81,
		weapon	=	"Mk-82",
		initiator_ws_type1	=	1,
		initiatorMissionID	=	"2",
		initiator_coalition	=	2,
	}, -- end of [27]
	[28] = 
	{
		weapon_type	=	2033925,
		initiatorPilotName	=	"F-16C_50",
		target_coalition	=	1,
		linked_event_id	=	61,
		targetMissionID	=	"14",
		target_ws_type1	=	2,
		initiator_object_id	=	16779008,
		target	=	"Scud_B",
		target_object_id	=	16777472,
		targetPilotName	=	"Scud_B",
		type	=	"hit",
		target_unit_type	=	"Scud_B",
		t	=	763.51,
		initiator_unit_type	=	"F-16C_50",
		event_id	=	82,
		weapon	=	"Mk-82",
		initiator_ws_type1	=	1,
		initiatorMissionID	=	"2",
		initiator_coalition	=	2,
	}, -- end of [28]
	[29] = 
	{
		weapon_type	=	2033925,
		initiatorPilotName	=	"F-16C_50",
		target_coalition	=	1,
		linked_event_id	=	62,
		targetMissionID	=	"12",
		target_ws_type1	=	2,
		initiator_object_id	=	16779008,
		target	=	"Scud_B",
		target_object_id	=	16777984,
		targetPilotName	=	"Scud_B",
		type	=	"hit",
		target_unit_type	=	"Scud_B",
		t	=	763.51,
		initiator_unit_type	=	"F-16C_50",
		event_id	=	83,
		weapon	=	"Mk-82",
		initiator_ws_type1	=	1,
		initiatorMissionID	=	"2",
		initiator_coalition	=	2,
	}, -- end of [29]
	[30] = 
	{
		weapon_type	=	2033925,
		initiatorPilotName	=	"F-16C_50",
		target_coalition	=	1,
		linked_event_id	=	62,
		targetMissionID	=	"14",
		target_ws_type1	=	2,
		initiator_object_id	=	16779008,
		target	=	"Scud_B",
		target_object_id	=	16777472,
		targetPilotName	=	"Scud_B",
		type	=	"hit",
		target_unit_type	=	"Scud_B",
		t	=	763.51,
		initiator_unit_type	=	"F-16C_50",
		event_id	=	84,
		weapon	=	"Mk-82",
		initiator_ws_type1	=	1,
		initiatorMissionID	=	"2",
		initiator_coalition	=	2,
	}, -- end of [30]
	[31] = 
	{
		weapon_type	=	2033925,
		initiatorPilotName	=	"F-16C_50",
		target_coalition	=	1,
		linked_event_id	=	0,
		targetMissionID	=	"14",
		target_ws_type1	=	2,
		initiator_object_id	=	16779008,
		target	=	"Scud_B",
		target_object_id	=	16777472,
		targetPilotName	=	"Scud_B",
		type	=	"bda",
		target_unit_type	=	"Scud_B",
		t	=	763.51,
		initiator_unit_type	=	"F-16C_50",
		event_id	=	85,
		weapon	=	"Mk-82",
		initiator_ws_type1	=	1,
		initiatorMissionID	=	"2",
		initiator_coalition	=	2,
	}, -- end of [31]
	[32] = 
	{
		weapon_type	=	2033925,
		initiatorPilotName	=	"F-16C_50",
		target_coalition	=	1,
		linked_event_id	=	61,
		targetMissionID	=	"12",
		target_ws_type1	=	2,
		initiator_object_id	=	16779008,
		target	=	"Scud_B",
		target_object_id	=	16777984,
		targetPilotName	=	"Scud_B",
		type	=	"hit",
		target_unit_type	=	"Scud_B",
		t	=	763.51,
		initiator_unit_type	=	"F-16C_50",
		event_id	=	86,
		weapon	=	"Mk-82",
		initiator_ws_type1	=	1,
		initiatorMissionID	=	"2",
		initiator_coalition	=	2,
	}, -- end of [32]
	[33] = 
	{
		weapon_type	=	2033925,
		initiatorPilotName	=	"F-16C_50",
		target_coalition	=	1,
		linked_event_id	=	63,
		targetMissionID	=	"11",
		target_ws_type1	=	2,
		initiator_object_id	=	16779008,
		target	=	"Scud_B",
		target_object_id	=	16778240,
		targetPilotName	=	"Scud_B",
		type	=	"hit",
		target_unit_type	=	"Scud_B",
		t	=	763.67,
		initiator_unit_type	=	"F-16C_50",
		event_id	=	87,
		weapon	=	"Mk-82",
		initiator_ws_type1	=	1,
		initiatorMissionID	=	"2",
		initiator_coalition	=	2,
	}, -- end of [33]
	[34] = 
	{
		weapon_type	=	2033925,
		initiatorPilotName	=	"F-16C_50",
		target_coalition	=	1,
		linked_event_id	=	87,
		targetMissionID	=	"11",
		target_ws_type1	=	2,
		initiator_object_id	=	16779008,
		target	=	"Scud_B",
		target_object_id	=	16778240,
		targetPilotName	=	"Scud_B",
		type	=	"kill",
		target_unit_type	=	"Scud_B",
		t	=	763.67,
		initiator_unit_type	=	"F-16C_50",
		event_id	=	89,
		weapon	=	"Mk-82",
		initiator_ws_type1	=	1,
		initiatorMissionID	=	"2",
		initiator_coalition	=	2,
	}, -- end of [34]
	[35] = 
	{
		type	=	"score",
		initiatorPilotName	=	"F-16C_50",
		t	=	763.67,
		linked_event_id	=	89,
		initiator_unit_type	=	"F-16C_50",
		event_id	=	90,
		initiator_object_id	=	16779008,
		amount	=	20,
		comment	=	"ground",
		initiator_coalition	=	2,
		initiator_ws_type1	=	1,
		initiatorMissionID	=	"2",
	}, -- end of [35]
	[36] = 
	{
		weapon_type	=	2033925,
		initiatorPilotName	=	"F-16C_50",
		target_coalition	=	1,
		linked_event_id	=	0,
		targetMissionID	=	"11",
		target_ws_type1	=	2,
		initiator_object_id	=	16779008,
		target	=	"Scud_B",
		target_object_id	=	16778240,
		targetPilotName	=	"Scud_B",
		type	=	"bda",
		target_unit_type	=	"Scud_B",
		t	=	763.67,
		initiator_unit_type	=	"F-16C_50",
		event_id	=	92,
		weapon	=	"Mk-82",
		initiator_ws_type1	=	1,
		initiatorMissionID	=	"2",
		initiator_coalition	=	2,
	}, -- end of [36]
	[37] = 
	{
		weapon_type	=	2033925,
		initiatorPilotName	=	"F-16C_50",
		target_coalition	=	1,
		linked_event_id	=	63,
		targetMissionID	=	"12",
		target_ws_type1	=	2,
		initiator_object_id	=	16779008,
		target	=	"Scud_B",
		target_object_id	=	16777984,
		targetPilotName	=	"Scud_B",
		type	=	"hit",
		target_unit_type	=	"Scud_B",
		t	=	763.67,
		initiator_unit_type	=	"F-16C_50",
		event_id	=	93,
		weapon	=	"Mk-82",
		initiator_ws_type1	=	1,
		initiatorMissionID	=	"2",
		initiator_coalition	=	2,
	}, -- end of [37]
	[38] = 
	{
		weapon_type	=	2033925,
		initiatorPilotName	=	"F-16C_50",
		target_coalition	=	1,
		linked_event_id	=	0,
		targetMissionID	=	"12",
		target_ws_type1	=	2,
		initiator_object_id	=	16779008,
		target	=	"Scud_B",
		target_object_id	=	16777984,
		targetPilotName	=	"Scud_B",
		type	=	"bda",
		target_unit_type	=	"Scud_B",
		t	=	763.67,
		initiator_unit_type	=	"F-16C_50",
		event_id	=	94,
		weapon	=	"Mk-82",
		initiator_ws_type1	=	1,
		initiatorMissionID	=	"2",
		initiator_coalition	=	2,
	}, -- end of [38]
	[39] = 
	{
		weapon_type	=	6948644,
		initiatorPilotName	=	"F-16C_50",
		target_coalition	=	1,
		linked_event_id	=	0,
		targetMissionID	=	"3",
		target_ws_type1	=	1,
		initiator_object_id	=	16779776,
		target	=	"F-15C",
		target_object_id	=	16778752,
		targetPilotName	=	"F-15C",
		type	=	"shot",
		target_unit_type	=	"F-15C",
		t	=	768.61,
		initiator_unit_type	=	"F-16C_50",
		event_id	=	95,
		weapon	=	"AIM-120C",
		initiator_ws_type1	=	1,
		initiatorMissionID	=	"20",
		initiator_coalition	=	2,
	}, -- end of [39]
	[40] = 
	{
		weapon_type	=	6948644,
		initiatorPilotName	=	"F-16C_50",
		target_coalition	=	1,
		linked_event_id	=	73,
		targetMissionID	=	"1",
		target_ws_type1	=	1,
		initiator_object_id	=	16779008,
		target	=	"F-15C",
		target_object_id	=	16778496,
		targetPilotName	=	"F-15C",
		type	=	"hit",
		target_unit_type	=	"F-15C",
		t	=	773.7,
		initiator_unit_type	=	"F-16C_50",
		event_id	=	96,
		weapon	=	"AIM-120C",
		initiator_ws_type1	=	1,
		initiatorMissionID	=	"2",
		initiator_coalition	=	2,
	}, -- end of [40]
	[41] = 
	{
		weapon_type	=	6948644,
		initiatorPilotName	=	"F-16C_50",
		target_coalition	=	1,
		linked_event_id	=	0,
		targetMissionID	=	"1",
		target_ws_type1	=	1,
		initiator_object_id	=	16779008,
		target	=	"F-15C",
		target_object_id	=	16778496,
		targetPilotName	=	"F-15C",
		type	=	"bda",
		target_unit_type	=	"F-15C",
		t	=	773.7,
		initiator_unit_type	=	"F-16C_50",
		event_id	=	97,
		weapon	=	"AIM-120C",
		initiator_ws_type1	=	1,
		initiatorMissionID	=	"2",
		initiator_coalition	=	2,
	}, -- end of [41]
	[42] = 
	{
		type	=	"ai abort mission",
		initiatorPilotName	=	"F-15C",
		t	=	773.7,
		initiator_unit_type	=	"F-15C",
		initiator_object_id	=	16778496,
		linked_event_id	=	0,
		event_id	=	98,
		initiator_coalition	=	1,
		initiator_ws_type1	=	1,
		initiatorMissionID	=	"1",
	}, -- end of [42]
	[43] = 
	{
		initiatorPilotName	=	"F-15C",
		target_coalition	=	1,
		linked_event_id	=	0,
		targetMissionID	=	"0",
		target_ws_type1	=	1,
		initiator_object_id	=	16778496,
		target	=	"",
		target_object_id	=	33554944,
		targetPilotName	=	"",
		type	=	"eject",
		target_unit_type	=	"",
		t	=	775.71,
		initiator_unit_type	=	"F-15C",
		event_id	=	99,
		initiator_ws_type1	=	1,
		initiatorMissionID	=	"1",
		initiator_coalition	=	1,
	}, -- end of [43]
	[44] = 
	{
		weapon_type	=	6948644,
		initiatorPilotName	=	"F-16C_50",
		target_coalition	=	1,
		linked_event_id	=	96,
		targetMissionID	=	"1",
		target_ws_type1	=	1,
		initiator_object_id	=	16779008,
		target	=	"F-15C",
		target_object_id	=	16778496,
		targetPilotName	=	"F-15C",
		type	=	"kill",
		target_unit_type	=	"F-15C",
		t	=	775.71,
		initiator_unit_type	=	"F-16C_50",
		event_id	=	100,
		weapon	=	"AIM-120C",
		initiator_ws_type1	=	1,
		initiatorMissionID	=	"2",
		initiator_coalition	=	2,
	}, -- end of [44]
	[45] = 
	{
		type	=	"score",
		initiatorPilotName	=	"F-16C_50",
		t	=	775.71,
		linked_event_id	=	100,
		initiator_unit_type	=	"F-16C_50",
		event_id	=	101,
		initiator_object_id	=	16779008,
		amount	=	50,
		comment	=	"air",
		initiator_coalition	=	2,
		initiator_ws_type1	=	1,
		initiatorMissionID	=	"2",
	}, -- end of [45]
	[46] = 
	{
		initiatorPilotName	=	"",
		target_coalition	=	1,
		linked_event_id	=	0,
		targetMissionID	=	"0",
		target_ws_type1	=	1,
		initiator_object_id	=	16784896,
		target	=	"",
		target_object_id	=	33554944,
		targetPilotName	=	"",
		type	=	"pilot discard chair",
		target_unit_type	=	"",
		t	=	776.79,
		initiator_unit_type	=	"",
		event_id	=	103,
		initiator_ws_type1	=	1,
		initiatorMissionID	=	"0",
		initiator_coalition	=	1,
	}, -- end of [46]
	[47] = 
	{
		type	=	"crash",
		initiatorPilotName	=	"F-15C",
		t	=	777.16,
		initiator_unit_type	=	"F-15C",
		initiator_object_id	=	16778496,
		linked_event_id	=	0,
		event_id	=	104,
		initiator_coalition	=	1,
		initiator_ws_type1	=	1,
		initiatorMissionID	=	"1",
	}, -- end of [47]
	[48] = 
	{
		weapon_type	=	6948644,
		initiatorPilotName	=	"F-16C_50",
		target_coalition	=	1,
		linked_event_id	=	0,
		targetMissionID	=	"3",
		target_ws_type1	=	1,
		initiator_object_id	=	16779008,
		target	=	"F-15C",
		target_object_id	=	16778752,
		targetPilotName	=	"F-15C",
		type	=	"shot",
		target_unit_type	=	"F-15C",
		t	=	778.94,
		initiator_unit_type	=	"F-16C_50",
		event_id	=	105,
		weapon	=	"AIM-120C",
		initiator_ws_type1	=	1,
		initiatorMissionID	=	"2",
		initiator_coalition	=	2,
	}, -- end of [48]
	[49] = 
	{
		weapon_type	=	6948644,
		initiatorPilotName	=	"F-16C_50",
		target_coalition	=	1,
		linked_event_id	=	74,
		targetMissionID	=	"3",
		target_ws_type1	=	1,
		initiator_object_id	=	16779264,
		target	=	"F-15C",
		target_object_id	=	16778752,
		targetPilotName	=	"F-15C",
		type	=	"hit",
		target_unit_type	=	"F-15C",
		t	=	781.02,
		initiator_unit_type	=	"F-16C_50",
		event_id	=	106,
		weapon	=	"AIM-120C",
		initiator_ws_type1	=	1,
		initiatorMissionID	=	"18",
		initiator_coalition	=	2,
	}, -- end of [49]
	[50] = 
	{
		weapon_type	=	6948644,
		initiatorPilotName	=	"F-16C_50",
		target_coalition	=	1,
		linked_event_id	=	0,
		targetMissionID	=	"3",
		target_ws_type1	=	1,
		initiator_object_id	=	16779264,
		target	=	"F-15C",
		target_object_id	=	16778752,
		targetPilotName	=	"F-15C",
		type	=	"bda",
		target_unit_type	=	"F-15C",
		t	=	781.02,
		initiator_unit_type	=	"F-16C_50",
		event_id	=	107,
		weapon	=	"AIM-120C",
		initiator_ws_type1	=	1,
		initiatorMissionID	=	"18",
		initiator_coalition	=	2,
	}, -- end of [50]
	[51] = 
	{
		type	=	"ai abort mission",
		initiatorPilotName	=	"F-15C",
		t	=	781.02,
		initiator_unit_type	=	"F-15C",
		initiator_object_id	=	16778752,
		linked_event_id	=	0,
		event_id	=	108,
		initiator_coalition	=	1,
		initiator_ws_type1	=	1,
		initiatorMissionID	=	"3",
	}, -- end of [51]
	[52] = 
	{
		initiatorPilotName	=	"F-15C",
		target_coalition	=	1,
		linked_event_id	=	0,
		targetMissionID	=	"0",
		target_ws_type1	=	1,
		initiator_object_id	=	16778752,
		target	=	"",
		target_object_id	=	33557504,
		targetPilotName	=	"",
		type	=	"eject",
		target_unit_type	=	"",
		t	=	783.03,
		initiator_unit_type	=	"F-15C",
		event_id	=	109,
		initiator_ws_type1	=	1,
		initiatorMissionID	=	"3",
		initiator_coalition	=	1,
	}, -- end of [52]
	[53] = 
	{
		weapon_type	=	6948644,
		initiatorPilotName	=	"F-16C_50",
		target_coalition	=	1,
		linked_event_id	=	106,
		targetMissionID	=	"3",
		target_ws_type1	=	1,
		initiator_object_id	=	16779264,
		target	=	"F-15C",
		target_object_id	=	16778752,
		targetPilotName	=	"F-15C",
		type	=	"kill",
		target_unit_type	=	"F-15C",
		t	=	783.03,
		initiator_unit_type	=	"F-16C_50",
		event_id	=	110,
		weapon	=	"AIM-120C",
		initiator_ws_type1	=	1,
		initiatorMissionID	=	"18",
		initiator_coalition	=	2,
	}, -- end of [53]
	[54] = 
	{
		type	=	"score",
		initiatorPilotName	=	"F-16C_50",
		t	=	783.03,
		linked_event_id	=	110,
		initiator_unit_type	=	"F-16C_50",
		event_id	=	111,
		initiator_object_id	=	16779264,
		amount	=	50,
		comment	=	"air",
		initiator_coalition	=	2,
		initiator_ws_type1	=	1,
		initiatorMissionID	=	"18",
	}, -- end of [54]
	[55] = 
	{
		initiatorPilotName	=	"",
		target_coalition	=	1,
		linked_event_id	=	0,
		targetMissionID	=	"0",
		target_ws_type1	=	1,
		initiator_object_id	=	16785408,
		target	=	"",
		target_object_id	=	33557504,
		targetPilotName	=	"",
		type	=	"pilot discard chair",
		target_unit_type	=	"",
		t	=	784.11,
		initiator_unit_type	=	"",
		event_id	=	113,
		initiator_ws_type1	=	1,
		initiatorMissionID	=	"0",
		initiator_coalition	=	1,
	}, -- end of [55]
	[56] = 
	{
		type	=	"crash",
		initiatorPilotName	=	"F-15C",
		t	=	785.2,
		initiator_unit_type	=	"F-15C",
		initiator_object_id	=	16778752,
		linked_event_id	=	0,
		event_id	=	114,
		initiator_coalition	=	1,
		initiator_ws_type1	=	1,
		initiatorMissionID	=	"3",
	}, -- end of [56]
	[57] = 
	{
		type	=	"pilot landing",
		initiatorPilotName	=	"",
		t	=	795.53,
		initiator_unit_type	=	"",
		initiator_object_id	=	16784896,
		linked_event_id	=	0,
		event_id	=	115,
		initiator_coalition	=	1,
		initiator_ws_type1	=	1,
		initiatorMissionID	=	"0",
	}, -- end of [57]
	[58] = 
	{
		type	=	"pilot landing",
		initiatorPilotName	=	"",
		t	=	832.89,
		initiator_unit_type	=	"",
		initiator_object_id	=	16785408,
		linked_event_id	=	0,
		event_id	=	116,
		initiator_coalition	=	1,
		initiator_ws_type1	=	1,
		initiatorMissionID	=	"0",
	}, -- end of [58]
	[59] = 
	{
		weapon_type	=	2033925,
		initiatorPilotName	=	"F-16C_50",
		target_coalition	=	1,
		linked_event_id	=	93,
		targetMissionID	=	"12",
		target_ws_type1	=	2,
		initiator_object_id	=	16779008,
		target	=	"Scud_B",
		target_object_id	=	16777984,
		targetPilotName	=	"Scud_B",
		type	=	"kill",
		target_unit_type	=	"Scud_B",
		t	=	839.908,
		initiator_unit_type	=	"F-16C_50",
		event_id	=	118,
		weapon	=	"Mk-82",
		initiator_ws_type1	=	1,
		initiatorMissionID	=	"2",
		initiator_coalition	=	2,
	}, -- end of [59]
	[60] = 
	{
		type	=	"score",
		initiatorPilotName	=	"F-16C_50",
		t	=	839.908,
		linked_event_id	=	118,
		initiator_unit_type	=	"F-16C_50",
		event_id	=	119,
		initiator_object_id	=	16779008,
		amount	=	20,
		comment	=	"ground",
		initiator_coalition	=	2,
		initiator_ws_type1	=	1,
		initiatorMissionID	=	"2",
	}, -- end of [60]
	[61] = 
	{
		weapon_type	=	2033925,
		initiatorPilotName	=	"F-16C_50",
		target_coalition	=	1,
		linked_event_id	=	84,
		targetMissionID	=	"14",
		target_ws_type1	=	2,
		initiator_object_id	=	16779008,
		target	=	"Scud_B",
		target_object_id	=	16777472,
		targetPilotName	=	"Scud_B",
		type	=	"kill",
		target_unit_type	=	"Scud_B",
		t	=	895.32,
		initiator_unit_type	=	"F-16C_50",
		event_id	=	122,
		weapon	=	"Mk-82",
		initiator_ws_type1	=	1,
		initiatorMissionID	=	"2",
		initiator_coalition	=	2,
	}, -- end of [61]
	[62] = 
	{
		type	=	"score",
		initiatorPilotName	=	"F-16C_50",
		t	=	895.32,
		linked_event_id	=	122,
		initiator_unit_type	=	"F-16C_50",
		event_id	=	123,
		initiator_object_id	=	16779008,
		amount	=	20,
		comment	=	"ground",
		initiator_coalition	=	2,
		initiator_ws_type1	=	1,
		initiatorMissionID	=	"2",
	}, -- end of [62]
	[63] = 
	{
		type	=	"land",
		initiatorPilotName	=	"F-16C_50",
		place	=	"Hama",
		t	=	1140.7,
		placeDisplayName	=	"Hama",
		initiator_unit_type	=	"F-16C_50",
		initiator_object_id	=	16779264,
		linked_event_id	=	0,
		event_id	=	127,
		initiator_coalition	=	2,
		initiator_ws_type1	=	1,
		initiatorMissionID	=	"18",
	}, -- end of [63]
	[64] = 
	{
		type	=	"land",
		initiatorPilotName	=	"F-16C_50",
		place	=	"Hama",
		t	=	1143.57,
		placeDisplayName	=	"Hama",
		initiator_unit_type	=	"F-16C_50",
		initiator_object_id	=	16779008,
		linked_event_id	=	0,
		event_id	=	128,
		initiator_coalition	=	2,
		initiator_ws_type1	=	1,
		initiatorMissionID	=	"2",
	}, -- end of [64]
	[65] = 
	{
		type	=	"land",
		initiatorPilotName	=	"F-16C_50",
		place	=	"Hama",
		t	=	1320.76,
		placeDisplayName	=	"Hama",
		initiator_unit_type	=	"F-16C_50",
		initiator_object_id	=	16779776,
		linked_event_id	=	0,
		event_id	=	131,
		initiator_coalition	=	2,
		initiator_ws_type1	=	1,
		initiatorMissionID	=	"20",
	}, -- end of [65]
	[66] = 
	{
		type	=	"land",
		initiatorPilotName	=	"F-16C_50",
		place	=	"Hama",
		t	=	1325.42,
		placeDisplayName	=	"Hama",
		initiator_unit_type	=	"F-16C_50",
		initiator_object_id	=	16779520,
		linked_event_id	=	0,
		event_id	=	132,
		initiator_coalition	=	2,
		initiator_ws_type1	=	1,
		initiatorMissionID	=	"19",
	}, -- end of [66]
	[67] = 
	{
		type	=	"mission end",
		comment	=	"winner: , msg: ",
		t	=	1429.994,
		linked_event_id	=	0,
		event_id	=	134,
	}, -- end of [67]
} -- end of events
