mission_file_path	=	"C:\\Users\\dedig\\Saved Games\\DCS\\Missions\\test-respawns.miz"
callsign	=	"New callsign"
world_state = 
{
	[1] = 
	{
		alt	=	2438.6437988281,
		type	=	"AIM_9X",
		country	=	2,
		y	=	-32171.076171875,
		x	=	-20760.041015625,
		heading	=	6.2279122176217,
		speed	=	182.39532470703,
		inAir	=	true,
		coalition	=	"blue",
		unitId	=	0,
	}, -- end of [1]
} -- end of world_state
mission_file_mark	=	1748614587
mission_time	=	42.397
warehouses = 
{
	airports = 
	{
		[1] = 
		{
			unlimitedFuel	=	true,
			unlimitedMunitions	=	true,
			unlimitedAircrafts	=	true,
		}, -- end of [1]
		[2] = 
		{
			unlimitedFuel	=	true,
			unlimitedMunitions	=	true,
			unlimitedAircrafts	=	true,
		}, -- end of [2]
		[3] = 
		{
			unlimitedFuel	=	true,
			unlimitedMunitions	=	true,
			unlimitedAircrafts	=	true,
		}, -- end of [3]
		[4] = 
		{
			unlimitedFuel	=	true,
			unlimitedMunitions	=	true,
			unlimitedAircrafts	=	true,
		}, -- end of [4]
		[5] = 
		{
			unlimitedFuel	=	true,
			unlimitedMunitions	=	true,
			unlimitedAircrafts	=	true,
		}, -- end of [5]
		[6] = 
		{
			unlimitedFuel	=	true,
			unlimitedMunitions	=	true,
			unlimitedAircrafts	=	true,
		}, -- end of [6]
		[7] = 
		{
			unlimitedFuel	=	true,
			unlimitedMunitions	=	true,
			unlimitedAircrafts	=	true,
		}, -- end of [7]
		[8] = 
		{
			unlimitedFuel	=	true,
			unlimitedMunitions	=	true,
			unlimitedAircrafts	=	true,
		}, -- end of [8]
		[9] = 
		{
			unlimitedFuel	=	true,
			unlimitedMunitions	=	true,
			unlimitedAircrafts	=	true,
		}, -- end of [9]
		[10] = 
		{
			unlimitedFuel	=	true,
			unlimitedMunitions	=	true,
			unlimitedAircrafts	=	true,
		}, -- end of [10]
		[11] = 
		{
			unlimitedFuel	=	true,
			unlimitedMunitions	=	true,
			unlimitedAircrafts	=	true,
		}, -- end of [11]
		[12] = 
		{
			unlimitedFuel	=	true,
			unlimitedMunitions	=	true,
			unlimitedAircrafts	=	true,
		}, -- end of [12]
		[13] = 
		{
			unlimitedFuel	=	true,
			unlimitedMunitions	=	true,
			unlimitedAircrafts	=	true,
		}, -- end of [13]
		[14] = 
		{
			unlimitedFuel	=	true,
			unlimitedMunitions	=	true,
			unlimitedAircrafts	=	true,
		}, -- end of [14]
		[15] = 
		{
			unlimitedFuel	=	true,
			unlimitedMunitions	=	true,
			unlimitedAircrafts	=	true,
		}, -- end of [15]
		[16] = 
		{
			unlimitedFuel	=	true,
			unlimitedMunitions	=	true,
			unlimitedAircrafts	=	true,
		}, -- end of [16]
		[17] = 
		{
			unlimitedFuel	=	true,
			unlimitedMunitions	=	true,
			unlimitedAircrafts	=	true,
		}, -- end of [17]
		[18] = 
		{
			unlimitedFuel	=	true,
			unlimitedMunitions	=	true,
			unlimitedAircrafts	=	true,
		}, -- end of [18]
		[19] = 
		{
			unlimitedFuel	=	true,
			unlimitedMunitions	=	true,
			unlimitedAircrafts	=	true,
		}, -- end of [19]
		[20] = 
		{
			unlimitedFuel	=	true,
			unlimitedMunitions	=	true,
			unlimitedAircrafts	=	true,
		}, -- end of [20]
		[21] = 
		{
			unlimitedFuel	=	true,
			unlimitedMunitions	=	true,
			unlimitedAircrafts	=	true,
		}, -- end of [21]
		[22] = 
		{
			unlimitedFuel	=	true,
			unlimitedMunitions	=	true,
			unlimitedAircrafts	=	true,
		}, -- end of [22]
		[23] = 
		{
			unlimitedFuel	=	true,
			unlimitedMunitions	=	true,
			unlimitedAircrafts	=	true,
		}, -- end of [23]
		[24] = 
		{
			unlimitedFuel	=	true,
			unlimitedMunitions	=	true,
			unlimitedAircrafts	=	true,
		}, -- end of [24]
		[25] = 
		{
			unlimitedFuel	=	true,
			unlimitedMunitions	=	true,
			unlimitedAircrafts	=	true,
		}, -- end of [25]
		[26] = 
		{
			unlimitedFuel	=	true,
			unlimitedMunitions	=	true,
			unlimitedAircrafts	=	true,
		}, -- end of [26]
		[27] = 
		{
			unlimitedFuel	=	true,
			unlimitedMunitions	=	true,
			unlimitedAircrafts	=	true,
		}, -- end of [27]
		[28] = 
		{
			unlimitedFuel	=	true,
			unlimitedMunitions	=	true,
			unlimitedAircrafts	=	true,
		}, -- end of [28]
		[29] = 
		{
			unlimitedFuel	=	true,
			unlimitedMunitions	=	true,
			unlimitedAircrafts	=	true,
		}, -- end of [29]
		[30] = 
		{
			unlimitedFuel	=	true,
			unlimitedMunitions	=	true,
			unlimitedAircrafts	=	true,
		}, -- end of [30]
		[31] = 
		{
			unlimitedFuel	=	true,
			unlimitedMunitions	=	true,
			unlimitedAircrafts	=	true,
		}, -- end of [31]
		[32] = 
		{
			unlimitedFuel	=	true,
			unlimitedMunitions	=	true,
			unlimitedAircrafts	=	true,
		}, -- end of [32]
		[33] = 
		{
			unlimitedFuel	=	true,
			unlimitedMunitions	=	true,
			unlimitedAircrafts	=	true,
		}, -- end of [33]
		[34] = 
		{
			unlimitedFuel	=	true,
			unlimitedMunitions	=	true,
			unlimitedAircrafts	=	true,
		}, -- end of [34]
		[35] = 
		{
			unlimitedFuel	=	true,
			unlimitedMunitions	=	true,
			unlimitedAircrafts	=	true,
		}, -- end of [35]
		[36] = 
		{
			unlimitedFuel	=	true,
			unlimitedMunitions	=	true,
			unlimitedAircrafts	=	true,
		}, -- end of [36]
		[37] = 
		{
			unlimitedFuel	=	true,
			unlimitedMunitions	=	true,
			unlimitedAircrafts	=	true,
		}, -- end of [37]
		[38] = 
		{
			unlimitedFuel	=	true,
			unlimitedMunitions	=	true,
			unlimitedAircrafts	=	true,
		}, -- end of [38]
		[39] = 
		{
			unlimitedFuel	=	true,
			unlimitedMunitions	=	true,
			unlimitedAircrafts	=	true,
		}, -- end of [39]
		[40] = 
		{
			unlimitedFuel	=	true,
			unlimitedMunitions	=	true,
			unlimitedAircrafts	=	true,
		}, -- end of [40]
		[41] = 
		{
			unlimitedFuel	=	true,
			unlimitedMunitions	=	true,
			unlimitedAircrafts	=	true,
		}, -- end of [41]
		[42] = 
		{
			unlimitedFuel	=	true,
			unlimitedMunitions	=	true,
			unlimitedAircrafts	=	true,
		}, -- end of [42]
		[43] = 
		{
			gasoline = 
			{
				InitFuel	=	0,
			}, -- end of gasoline
			unlimitedMunitions	=	false,
			methanol_mixture = 
			{
				InitFuel	=	0,
			}, -- end of methanol_mixture
			jet_fuel = 
			{
				InitFuel	=	0,
			}, -- end of jet_fuel
			diesel = 
			{
				InitFuel	=	0,
			}, -- end of diesel
			aircrafts = 
			{
				helicopters = 	{},
				planes = 	{},
			}, -- end of aircrafts
			weapons = 	{},
			unlimitedFuel	=	false,
			unlimitedAircrafts	=	false,
		}, -- end of [43]
		[44] = 
		{
			unlimitedFuel	=	true,
			unlimitedMunitions	=	true,
			unlimitedAircrafts	=	true,
		}, -- end of [44]
		[45] = 
		{
			unlimitedFuel	=	true,
			unlimitedMunitions	=	true,
			unlimitedAircrafts	=	true,
		}, -- end of [45]
		[46] = 
		{
			unlimitedFuel	=	true,
			unlimitedMunitions	=	true,
			unlimitedAircrafts	=	true,
		}, -- end of [46]
		[47] = 
		{
			unlimitedFuel	=	true,
			unlimitedMunitions	=	true,
			unlimitedAircrafts	=	true,
		}, -- end of [47]
		[48] = 
		{
			unlimitedFuel	=	true,
			unlimitedMunitions	=	true,
			unlimitedAircrafts	=	true,
		}, -- end of [48]
		[49] = 
		{
			unlimitedFuel	=	true,
			unlimitedMunitions	=	true,
			unlimitedAircrafts	=	true,
		}, -- end of [49]
		[50] = 
		{
			unlimitedFuel	=	true,
			unlimitedMunitions	=	true,
			unlimitedAircrafts	=	true,
		}, -- end of [50]
		[51] = 
		{
			unlimitedFuel	=	true,
			unlimitedMunitions	=	true,
			unlimitedAircrafts	=	true,
		}, -- end of [51]
		[52] = 
		{
			unlimitedFuel	=	true,
			unlimitedMunitions	=	true,
			unlimitedAircrafts	=	true,
		}, -- end of [52]
		[53] = 
		{
			unlimitedFuel	=	true,
			unlimitedMunitions	=	true,
			unlimitedAircrafts	=	true,
		}, -- end of [53]
		[54] = 
		{
			unlimitedFuel	=	true,
			unlimitedMunitions	=	true,
			unlimitedAircrafts	=	true,
		}, -- end of [54]
		[55] = 
		{
			unlimitedFuel	=	true,
			unlimitedMunitions	=	true,
			unlimitedAircrafts	=	true,
		}, -- end of [55]
		[57] = 
		{
			unlimitedFuel	=	true,
			unlimitedMunitions	=	true,
			unlimitedAircrafts	=	true,
		}, -- end of [57]
		[58] = 
		{
			unlimitedFuel	=	true,
			unlimitedMunitions	=	true,
			unlimitedAircrafts	=	true,
		}, -- end of [58]
		[59] = 
		{
			unlimitedFuel	=	true,
			unlimitedMunitions	=	true,
			unlimitedAircrafts	=	true,
		}, -- end of [59]
		[60] = 
		{
			unlimitedFuel	=	true,
			unlimitedMunitions	=	true,
			unlimitedAircrafts	=	true,
		}, -- end of [60]
		[63] = 
		{
			unlimitedFuel	=	true,
			unlimitedMunitions	=	true,
			unlimitedAircrafts	=	true,
		}, -- end of [63]
		[64] = 
		{
			unlimitedFuel	=	true,
			unlimitedMunitions	=	true,
			unlimitedAircrafts	=	true,
		}, -- end of [64]
		[65] = 
		{
			unlimitedFuel	=	true,
			unlimitedMunitions	=	true,
			unlimitedAircrafts	=	true,
		}, -- end of [65]
		[66] = 
		{
			unlimitedFuel	=	true,
			unlimitedMunitions	=	true,
			unlimitedAircrafts	=	true,
		}, -- end of [66]
		[67] = 
		{
			unlimitedFuel	=	true,
			unlimitedMunitions	=	true,
			unlimitedAircrafts	=	true,
		}, -- end of [67]
		[68] = 
		{
			unlimitedFuel	=	true,
			unlimitedMunitions	=	true,
			unlimitedAircrafts	=	true,
		}, -- end of [68]
		[69] = 
		{
			unlimitedFuel	=	true,
			unlimitedMunitions	=	true,
			unlimitedAircrafts	=	true,
		}, -- end of [69]
		[70] = 
		{
			unlimitedFuel	=	true,
			unlimitedMunitions	=	true,
			unlimitedAircrafts	=	true,
		}, -- end of [70]
		[71] = 
		{
			unlimitedFuel	=	true,
			unlimitedMunitions	=	true,
			unlimitedAircrafts	=	true,
		}, -- end of [71]
		[72] = 
		{
			unlimitedFuel	=	true,
			unlimitedMunitions	=	true,
			unlimitedAircrafts	=	true,
		}, -- end of [72]
		[73] = 
		{
			unlimitedFuel	=	true,
			unlimitedMunitions	=	true,
			unlimitedAircrafts	=	true,
		}, -- end of [73]
		[74] = 
		{
			unlimitedFuel	=	true,
			unlimitedMunitions	=	true,
			unlimitedAircrafts	=	true,
		}, -- end of [74]
		[76] = 
		{
			unlimitedFuel	=	true,
			unlimitedMunitions	=	true,
			unlimitedAircrafts	=	true,
		}, -- end of [76]
		[77] = 
		{
			unlimitedFuel	=	true,
			unlimitedMunitions	=	true,
			unlimitedAircrafts	=	true,
		}, -- end of [77]
		[78] = 
		{
			unlimitedFuel	=	true,
			unlimitedMunitions	=	true,
			unlimitedAircrafts	=	true,
		}, -- end of [78]
		[79] = 
		{
			unlimitedFuel	=	true,
			unlimitedMunitions	=	true,
			unlimitedAircrafts	=	true,
		}, -- end of [79]
		[80] = 
		{
			unlimitedFuel	=	true,
			unlimitedMunitions	=	true,
			unlimitedAircrafts	=	true,
		}, -- end of [80]
		[82] = 
		{
			unlimitedFuel	=	true,
			unlimitedMunitions	=	true,
			unlimitedAircrafts	=	true,
		}, -- end of [82]
		[83] = 
		{
			unlimitedFuel	=	true,
			unlimitedMunitions	=	true,
			unlimitedAircrafts	=	true,
		}, -- end of [83]
		[84] = 
		{
			unlimitedFuel	=	true,
			unlimitedMunitions	=	true,
			unlimitedAircrafts	=	true,
		}, -- end of [84]
		[85] = 
		{
			unlimitedFuel	=	true,
			unlimitedMunitions	=	true,
			unlimitedAircrafts	=	true,
		}, -- end of [85]
		[86] = 
		{
			unlimitedFuel	=	true,
			unlimitedMunitions	=	true,
			unlimitedAircrafts	=	true,
		}, -- end of [86]
		[87] = 
		{
			unlimitedFuel	=	true,
			unlimitedMunitions	=	true,
			unlimitedAircrafts	=	true,
		}, -- end of [87]
		[89] = 
		{
			unlimitedFuel	=	true,
			unlimitedMunitions	=	true,
			unlimitedAircrafts	=	true,
		}, -- end of [89]
		[92] = 
		{
			unlimitedFuel	=	true,
			unlimitedMunitions	=	true,
			unlimitedAircrafts	=	true,
		}, -- end of [92]
		[93] = 
		{
			unlimitedFuel	=	true,
			unlimitedMunitions	=	true,
			unlimitedAircrafts	=	true,
		}, -- end of [93]
		[94] = 
		{
			unlimitedFuel	=	true,
			unlimitedMunitions	=	true,
			unlimitedAircrafts	=	true,
		}, -- end of [94]
		[95] = 
		{
			unlimitedFuel	=	true,
			unlimitedMunitions	=	true,
			unlimitedAircrafts	=	true,
		}, -- end of [95]
		[96] = 
		{
			unlimitedFuel	=	true,
			unlimitedMunitions	=	true,
			unlimitedAircrafts	=	true,
		}, -- end of [96]
		[97] = 
		{
			unlimitedFuel	=	true,
			unlimitedMunitions	=	true,
			unlimitedAircrafts	=	true,
		}, -- end of [97]
		[98] = 
		{
			unlimitedFuel	=	true,
			unlimitedMunitions	=	true,
			unlimitedAircrafts	=	true,
		}, -- end of [98]
		[99] = 
		{
			unlimitedFuel	=	true,
			unlimitedMunitions	=	true,
			unlimitedAircrafts	=	true,
		}, -- end of [99]
		[100] = 
		{
			unlimitedFuel	=	true,
			unlimitedMunitions	=	true,
			unlimitedAircrafts	=	true,
		}, -- end of [100]
		[101] = 
		{
			unlimitedFuel	=	true,
			unlimitedMunitions	=	true,
			unlimitedAircrafts	=	true,
		}, -- end of [101]
		[102] = 
		{
			unlimitedFuel	=	true,
			unlimitedMunitions	=	true,
			unlimitedAircrafts	=	true,
		}, -- end of [102]
		[103] = 
		{
			unlimitedFuel	=	true,
			unlimitedMunitions	=	true,
			unlimitedAircrafts	=	true,
		}, -- end of [103]
		[104] = 
		{
			unlimitedFuel	=	true,
			unlimitedMunitions	=	true,
			unlimitedAircrafts	=	true,
		}, -- end of [104]
		[105] = 
		{
			unlimitedFuel	=	true,
			unlimitedMunitions	=	true,
			unlimitedAircrafts	=	true,
		}, -- end of [105]
		[106] = 
		{
			unlimitedFuel	=	true,
			unlimitedMunitions	=	true,
			unlimitedAircrafts	=	true,
		}, -- end of [106]
		[107] = 
		{
			unlimitedFuel	=	true,
			unlimitedMunitions	=	true,
			unlimitedAircrafts	=	true,
		}, -- end of [107]
		[108] = 
		{
			unlimitedFuel	=	true,
			unlimitedMunitions	=	true,
			unlimitedAircrafts	=	true,
		}, -- end of [108]
		[109] = 
		{
			unlimitedFuel	=	true,
			unlimitedMunitions	=	true,
			unlimitedAircrafts	=	true,
		}, -- end of [109]
		[110] = 
		{
			unlimitedFuel	=	true,
			unlimitedMunitions	=	true,
			unlimitedAircrafts	=	true,
		}, -- end of [110]
		[111] = 
		{
			unlimitedFuel	=	true,
			unlimitedMunitions	=	true,
			unlimitedAircrafts	=	true,
		}, -- end of [111]
		[112] = 
		{
			unlimitedFuel	=	true,
			unlimitedMunitions	=	true,
			unlimitedAircrafts	=	true,
		}, -- end of [112]
		[113] = 
		{
			unlimitedFuel	=	true,
			unlimitedMunitions	=	true,
			unlimitedAircrafts	=	true,
		}, -- end of [113]
		[114] = 
		{
			unlimitedFuel	=	true,
			unlimitedMunitions	=	true,
			unlimitedAircrafts	=	true,
		}, -- end of [114]
		[115] = 
		{
			unlimitedFuel	=	true,
			unlimitedMunitions	=	true,
			unlimitedAircrafts	=	true,
		}, -- end of [115]
		[116] = 
		{
			unlimitedFuel	=	true,
			unlimitedMunitions	=	true,
			unlimitedAircrafts	=	true,
		}, -- end of [116]
		[117] = 
		{
			unlimitedFuel	=	true,
			unlimitedMunitions	=	true,
			unlimitedAircrafts	=	true,
		}, -- end of [117]
		[119] = 
		{
			unlimitedFuel	=	true,
			unlimitedMunitions	=	true,
			unlimitedAircrafts	=	true,
		}, -- end of [119]
		[120] = 
		{
			unlimitedFuel	=	true,
			unlimitedMunitions	=	true,
			unlimitedAircrafts	=	true,
		}, -- end of [120]
		[121] = 
		{
			unlimitedFuel	=	true,
			unlimitedMunitions	=	true,
			unlimitedAircrafts	=	true,
		}, -- end of [121]
		[122] = 
		{
			unlimitedFuel	=	true,
			unlimitedMunitions	=	true,
			unlimitedAircrafts	=	true,
		}, -- end of [122]
		[123] = 
		{
			unlimitedFuel	=	true,
			unlimitedMunitions	=	true,
			unlimitedAircrafts	=	true,
		}, -- end of [123]
		[124] = 
		{
			unlimitedFuel	=	true,
			unlimitedMunitions	=	true,
			unlimitedAircrafts	=	true,
		}, -- end of [124]
		[125] = 
		{
			unlimitedFuel	=	true,
			unlimitedMunitions	=	true,
			unlimitedAircrafts	=	true,
		}, -- end of [125]
		[126] = 
		{
			unlimitedFuel	=	true,
			unlimitedMunitions	=	true,
			unlimitedAircrafts	=	true,
		}, -- end of [126]
		[127] = 
		{
			unlimitedFuel	=	true,
			unlimitedMunitions	=	true,
			unlimitedAircrafts	=	true,
		}, -- end of [127]
		[128] = 
		{
			unlimitedFuel	=	true,
			unlimitedMunitions	=	true,
			unlimitedAircrafts	=	true,
		}, -- end of [128]
		[129] = 
		{
			unlimitedFuel	=	true,
			unlimitedMunitions	=	true,
			unlimitedAircrafts	=	true,
		}, -- end of [129]
		[130] = 
		{
			unlimitedFuel	=	true,
			unlimitedMunitions	=	true,
			unlimitedAircrafts	=	true,
		}, -- end of [130]
		[131] = 
		{
			unlimitedFuel	=	true,
			unlimitedMunitions	=	true,
			unlimitedAircrafts	=	true,
		}, -- end of [131]
		[132] = 
		{
			unlimitedFuel	=	true,
			unlimitedMunitions	=	true,
			unlimitedAircrafts	=	true,
		}, -- end of [132]
		[133] = 
		{
			unlimitedFuel	=	true,
			unlimitedMunitions	=	true,
			unlimitedAircrafts	=	true,
		}, -- end of [133]
		[134] = 
		{
			unlimitedFuel	=	true,
			unlimitedMunitions	=	true,
			unlimitedAircrafts	=	true,
		}, -- end of [134]
		[135] = 
		{
			unlimitedFuel	=	true,
			unlimitedMunitions	=	true,
			unlimitedAircrafts	=	true,
		}, -- end of [135]
		[136] = 
		{
			unlimitedFuel	=	true,
			unlimitedMunitions	=	true,
			unlimitedAircrafts	=	true,
		}, -- end of [136]
		[137] = 
		{
			unlimitedFuel	=	true,
			unlimitedMunitions	=	true,
			unlimitedAircrafts	=	true,
		}, -- end of [137]
		[138] = 
		{
			unlimitedFuel	=	true,
			unlimitedMunitions	=	true,
			unlimitedAircrafts	=	true,
		}, -- end of [138]
		[139] = 
		{
			unlimitedFuel	=	true,
			unlimitedMunitions	=	true,
			unlimitedAircrafts	=	true,
		}, -- end of [139]
		[140] = 
		{
			unlimitedFuel	=	true,
			unlimitedMunitions	=	true,
			unlimitedAircrafts	=	true,
		}, -- end of [140]
		[141] = 
		{
			unlimitedFuel	=	true,
			unlimitedMunitions	=	true,
			unlimitedAircrafts	=	true,
		}, -- end of [141]
		[142] = 
		{
			unlimitedFuel	=	true,
			unlimitedMunitions	=	true,
			unlimitedAircrafts	=	true,
		}, -- end of [142]
		[143] = 
		{
			unlimitedFuel	=	true,
			unlimitedMunitions	=	true,
			unlimitedAircrafts	=	true,
		}, -- end of [143]
		[144] = 
		{
			unlimitedFuel	=	true,
			unlimitedMunitions	=	true,
			unlimitedAircrafts	=	true,
		}, -- end of [144]
		[145] = 
		{
			unlimitedFuel	=	true,
			unlimitedMunitions	=	true,
			unlimitedAircrafts	=	true,
		}, -- end of [145]
		[146] = 
		{
			unlimitedFuel	=	true,
			unlimitedMunitions	=	true,
			unlimitedAircrafts	=	true,
		}, -- end of [146]
		[147] = 
		{
			unlimitedFuel	=	true,
			unlimitedMunitions	=	true,
			unlimitedAircrafts	=	true,
		}, -- end of [147]
		[148] = 
		{
			unlimitedFuel	=	true,
			unlimitedMunitions	=	true,
			unlimitedAircrafts	=	true,
		}, -- end of [148]
		[149] = 
		{
			unlimitedFuel	=	true,
			unlimitedMunitions	=	true,
			unlimitedAircrafts	=	true,
		}, -- end of [149]
		[150] = 
		{
			unlimitedFuel	=	true,
			unlimitedMunitions	=	true,
			unlimitedAircrafts	=	true,
		}, -- end of [150]
		[151] = 
		{
			unlimitedFuel	=	true,
			unlimitedMunitions	=	true,
			unlimitedAircrafts	=	true,
		}, -- end of [151]
		[152] = 
		{
			unlimitedFuel	=	true,
			unlimitedMunitions	=	true,
			unlimitedAircrafts	=	true,
		}, -- end of [152]
		[153] = 
		{
			unlimitedFuel	=	true,
			unlimitedMunitions	=	true,
			unlimitedAircrafts	=	true,
		}, -- end of [153]
		[154] = 
		{
			unlimitedFuel	=	true,
			unlimitedMunitions	=	true,
			unlimitedAircrafts	=	true,
		}, -- end of [154]
		[155] = 
		{
			unlimitedFuel	=	true,
			unlimitedMunitions	=	true,
			unlimitedAircrafts	=	true,
		}, -- end of [155]
		[156] = 
		{
			unlimitedFuel	=	true,
			unlimitedMunitions	=	true,
			unlimitedAircrafts	=	true,
		}, -- end of [156]
		[157] = 
		{
			unlimitedFuel	=	true,
			unlimitedMunitions	=	true,
			unlimitedAircrafts	=	true,
		}, -- end of [157]
		[158] = 
		{
			unlimitedFuel	=	true,
			unlimitedMunitions	=	true,
			unlimitedAircrafts	=	true,
		}, -- end of [158]
		[159] = 
		{
			unlimitedFuel	=	true,
			unlimitedMunitions	=	true,
			unlimitedAircrafts	=	true,
		}, -- end of [159]
		[160] = 
		{
			unlimitedFuel	=	true,
			unlimitedMunitions	=	true,
			unlimitedAircrafts	=	true,
		}, -- end of [160]
		[161] = 
		{
			unlimitedFuel	=	true,
			unlimitedMunitions	=	true,
			unlimitedAircrafts	=	true,
		}, -- end of [161]
		[162] = 
		{
			unlimitedFuel	=	true,
			unlimitedMunitions	=	true,
			unlimitedAircrafts	=	true,
		}, -- end of [162]
		[163] = 
		{
			unlimitedFuel	=	true,
			unlimitedMunitions	=	true,
			unlimitedAircrafts	=	true,
		}, -- end of [163]
		[164] = 
		{
			unlimitedFuel	=	true,
			unlimitedMunitions	=	true,
			unlimitedAircrafts	=	true,
		}, -- end of [164]
		[165] = 
		{
			unlimitedFuel	=	true,
			unlimitedMunitions	=	true,
			unlimitedAircrafts	=	true,
		}, -- end of [165]
		[166] = 
		{
			unlimitedFuel	=	true,
			unlimitedMunitions	=	true,
			unlimitedAircrafts	=	true,
		}, -- end of [166]
		[167] = 
		{
			unlimitedFuel	=	true,
			unlimitedMunitions	=	true,
			unlimitedAircrafts	=	true,
		}, -- end of [167]
		[168] = 
		{
			unlimitedFuel	=	true,
			unlimitedMunitions	=	true,
			unlimitedAircrafts	=	true,
		}, -- end of [168]
		[169] = 
		{
			unlimitedFuel	=	true,
			unlimitedMunitions	=	true,
			unlimitedAircrafts	=	true,
		}, -- end of [169]
		[170] = 
		{
			unlimitedFuel	=	true,
			unlimitedMunitions	=	true,
			unlimitedAircrafts	=	true,
		}, -- end of [170]
		[171] = 
		{
			unlimitedFuel	=	true,
			unlimitedMunitions	=	true,
			unlimitedAircrafts	=	true,
		}, -- end of [171]
		[172] = 
		{
			unlimitedFuel	=	true,
			unlimitedMunitions	=	true,
			unlimitedAircrafts	=	true,
		}, -- end of [172]
		[173] = 
		{
			unlimitedFuel	=	true,
			unlimitedMunitions	=	true,
			unlimitedAircrafts	=	true,
		}, -- end of [173]
		[174] = 
		{
			unlimitedFuel	=	true,
			unlimitedMunitions	=	true,
			unlimitedAircrafts	=	true,
		}, -- end of [174]
		[175] = 
		{
			unlimitedFuel	=	true,
			unlimitedMunitions	=	true,
			unlimitedAircrafts	=	true,
		}, -- end of [175]
		[176] = 
		{
			unlimitedFuel	=	true,
			unlimitedMunitions	=	true,
			unlimitedAircrafts	=	true,
		}, -- end of [176]
		[177] = 
		{
			unlimitedFuel	=	true,
			unlimitedMunitions	=	true,
			unlimitedAircrafts	=	true,
		}, -- end of [177]
		[178] = 
		{
			unlimitedFuel	=	true,
			unlimitedMunitions	=	true,
			unlimitedAircrafts	=	true,
		}, -- end of [178]
		[179] = 
		{
			unlimitedFuel	=	true,
			unlimitedMunitions	=	true,
			unlimitedAircrafts	=	true,
		}, -- end of [179]
		[180] = 
		{
			unlimitedFuel	=	true,
			unlimitedMunitions	=	true,
			unlimitedAircrafts	=	true,
		}, -- end of [180]
		[181] = 
		{
			unlimitedFuel	=	true,
			unlimitedMunitions	=	true,
			unlimitedAircrafts	=	true,
		}, -- end of [181]
		[182] = 
		{
			unlimitedFuel	=	true,
			unlimitedMunitions	=	true,
			unlimitedAircrafts	=	true,
		}, -- end of [182]
		[184] = 
		{
			unlimitedFuel	=	true,
			unlimitedMunitions	=	true,
			unlimitedAircrafts	=	true,
		}, -- end of [184]
		[185] = 
		{
			unlimitedFuel	=	true,
			unlimitedMunitions	=	true,
			unlimitedAircrafts	=	true,
		}, -- end of [185]
		[186] = 
		{
			unlimitedFuel	=	true,
			unlimitedMunitions	=	true,
			unlimitedAircrafts	=	true,
		}, -- end of [186]
		[187] = 
		{
			unlimitedFuel	=	true,
			unlimitedMunitions	=	true,
			unlimitedAircrafts	=	true,
		}, -- end of [187]
		[189] = 
		{
			unlimitedFuel	=	true,
			unlimitedMunitions	=	true,
			unlimitedAircrafts	=	true,
		}, -- end of [189]
		[190] = 
		{
			unlimitedFuel	=	true,
			unlimitedMunitions	=	true,
			unlimitedAircrafts	=	true,
		}, -- end of [190]
		[191] = 
		{
			unlimitedFuel	=	true,
			unlimitedMunitions	=	true,
			unlimitedAircrafts	=	true,
		}, -- end of [191]
		[192] = 
		{
			unlimitedFuel	=	true,
			unlimitedMunitions	=	true,
			unlimitedAircrafts	=	true,
		}, -- end of [192]
		[193] = 
		{
			unlimitedFuel	=	true,
			unlimitedMunitions	=	true,
			unlimitedAircrafts	=	true,
		}, -- end of [193]
		[194] = 
		{
			unlimitedFuel	=	true,
			unlimitedMunitions	=	true,
			unlimitedAircrafts	=	true,
		}, -- end of [194]
		[195] = 
		{
			unlimitedFuel	=	true,
			unlimitedMunitions	=	true,
			unlimitedAircrafts	=	true,
		}, -- end of [195]
		[196] = 
		{
			unlimitedFuel	=	true,
			unlimitedMunitions	=	true,
			unlimitedAircrafts	=	true,
		}, -- end of [196]
		[197] = 
		{
			unlimitedFuel	=	true,
			unlimitedMunitions	=	true,
			unlimitedAircrafts	=	true,
		}, -- end of [197]
		[198] = 
		{
			unlimitedFuel	=	true,
			unlimitedMunitions	=	true,
			unlimitedAircrafts	=	true,
		}, -- end of [198]
		[199] = 
		{
			unlimitedFuel	=	true,
			unlimitedMunitions	=	true,
			unlimitedAircrafts	=	true,
		}, -- end of [199]
		[200] = 
		{
			unlimitedFuel	=	true,
			unlimitedMunitions	=	true,
			unlimitedAircrafts	=	true,
		}, -- end of [200]
		[201] = 
		{
			unlimitedFuel	=	true,
			unlimitedMunitions	=	true,
			unlimitedAircrafts	=	true,
		}, -- end of [201]
		[202] = 
		{
			unlimitedFuel	=	true,
			unlimitedMunitions	=	true,
			unlimitedAircrafts	=	true,
		}, -- end of [202]
		[203] = 
		{
			unlimitedFuel	=	true,
			unlimitedMunitions	=	true,
			unlimitedAircrafts	=	true,
		}, -- end of [203]
		[204] = 
		{
			unlimitedFuel	=	true,
			unlimitedMunitions	=	true,
			unlimitedAircrafts	=	true,
		}, -- end of [204]
		[205] = 
		{
			unlimitedFuel	=	true,
			unlimitedMunitions	=	true,
			unlimitedAircrafts	=	true,
		}, -- end of [205]
		[206] = 
		{
			unlimitedFuel	=	true,
			unlimitedMunitions	=	true,
			unlimitedAircrafts	=	true,
		}, -- end of [206]
		[207] = 
		{
			unlimitedFuel	=	true,
			unlimitedMunitions	=	true,
			unlimitedAircrafts	=	true,
		}, -- end of [207]
		[208] = 
		{
			unlimitedFuel	=	true,
			unlimitedMunitions	=	true,
			unlimitedAircrafts	=	true,
		}, -- end of [208]
		[209] = 
		{
			unlimitedFuel	=	true,
			unlimitedMunitions	=	true,
			unlimitedAircrafts	=	true,
		}, -- end of [209]
		[210] = 
		{
			unlimitedFuel	=	true,
			unlimitedMunitions	=	true,
			unlimitedAircrafts	=	true,
		}, -- end of [210]
		[211] = 
		{
			unlimitedFuel	=	true,
			unlimitedMunitions	=	true,
			unlimitedAircrafts	=	true,
		}, -- end of [211]
		[212] = 
		{
			unlimitedFuel	=	true,
			unlimitedMunitions	=	true,
			unlimitedAircrafts	=	true,
		}, -- end of [212]
		[213] = 
		{
			unlimitedFuel	=	true,
			unlimitedMunitions	=	true,
			unlimitedAircrafts	=	true,
		}, -- end of [213]
		[214] = 
		{
			unlimitedFuel	=	true,
			unlimitedMunitions	=	true,
			unlimitedAircrafts	=	true,
		}, -- end of [214]
		[215] = 
		{
			unlimitedFuel	=	true,
			unlimitedMunitions	=	true,
			unlimitedAircrafts	=	true,
		}, -- end of [215]
		[216] = 
		{
			unlimitedFuel	=	true,
			unlimitedMunitions	=	true,
			unlimitedAircrafts	=	true,
		}, -- end of [216]
		[219] = 
		{
			unlimitedFuel	=	true,
			unlimitedMunitions	=	true,
			unlimitedAircrafts	=	true,
		}, -- end of [219]
		[220] = 
		{
			unlimitedFuel	=	true,
			unlimitedMunitions	=	true,
			unlimitedAircrafts	=	true,
		}, -- end of [220]
		[221] = 
		{
			unlimitedFuel	=	true,
			unlimitedMunitions	=	true,
			unlimitedAircrafts	=	true,
		}, -- end of [221]
		[222] = 
		{
			unlimitedFuel	=	true,
			unlimitedMunitions	=	true,
			unlimitedAircrafts	=	true,
		}, -- end of [222]
		[223] = 
		{
			unlimitedFuel	=	true,
			unlimitedMunitions	=	true,
			unlimitedAircrafts	=	true,
		}, -- end of [223]
		[224] = 
		{
			unlimitedFuel	=	true,
			unlimitedMunitions	=	true,
			unlimitedAircrafts	=	true,
		}, -- end of [224]
	}, -- end of airports
	warehouses = 	{},
} -- end of warehouses
triggers_state = 	{}
result	=	0
events = 
{
	[1] = 
	{
		type	=	"mission start",
		event_id	=	1,
		t	=	0,
		linked_event_id	=	0,
		ta	=	28800,
	}, -- end of [1]
	[2] = 
	{
		linked_event_id	=	0,
		t	=	0,
		event_id	=	2,
		type	=	"took control",
	}, -- end of [2]
	[3] = 
	{
		initiator_unit_type	=	"F-16C_50",
		type	=	"under control",
		initiator_object_id	=	16777728,
		targetMissionID	=	"1",
		target	=	"Aerial-1-1",
		t	=	0,
		initiatorPilotName	=	"New callsign",
		initiator_coalition	=	2,
	}, -- end of [3]
	[4] = 
	{
		type	=	"engine startup",
		initiatorPilotName	=	"MiG-23MLD",
		t	=	5.801,
		initiator_unit_type	=	"MiG-23MLD",
		initiator_object_id	=	16777472,
		linked_event_id	=	0,
		event_id	=	15,
		initiator_coalition	=	1,
		initiator_ws_type1	=	1,
		initiatorMissionID	=	"2",
	}, -- end of [4]
	[5] = 
	{
		weapon_type	=	8914708,
		initiatorPilotName	=	"F-16C_50",
		target_coalition	=	1,
		linked_event_id	=	0,
		targetMissionID	=	"2",
		target_ws_type1	=	1,
		initiator_object_id	=	16777728,
		target	=	"MiG-23MLD",
		target_object_id	=	16777472,
		targetPilotName	=	"MiG-23MLD",
		type	=	"shot",
		target_unit_type	=	"MiG-23MLD",
		t	=	11.723,
		initiator_unit_type	=	"F-16C_50",
		event_id	=	17,
		weapon	=	"AIM-9X",
		initiator_ws_type1	=	1,
		initiatorMissionID	=	"1",
		initiator_coalition	=	2,
	}, -- end of [5]
	[6] = 
	{
		weapon_type	=	8914708,
		type	=	"shot",
		initiatorPilotName	=	"F-16C_50",
		t	=	12.8,
		initiator_unit_type	=	"F-16C_50",
		linked_event_id	=	0,
		initiator_object_id	=	16777728,
		event_id	=	18,
		weapon	=	"AIM-9X",
		initiator_coalition	=	2,
		initiator_ws_type1	=	1,
		initiatorMissionID	=	"1",
	}, -- end of [6]
	[7] = 
	{
		weapon_type	=	8914708,
		initiatorPilotName	=	"F-16C_50",
		target_coalition	=	1,
		linked_event_id	=	0,
		targetMissionID	=	"2",
		target_ws_type1	=	1,
		initiator_object_id	=	16777728,
		target	=	"MiG-23MLD",
		target_object_id	=	16777472,
		targetPilotName	=	"MiG-23MLD",
		type	=	"shot",
		target_unit_type	=	"MiG-23MLD",
		t	=	14.055,
		initiator_unit_type	=	"F-16C_50",
		event_id	=	19,
		weapon	=	"AIM-9X",
		initiator_ws_type1	=	1,
		initiatorMissionID	=	"1",
		initiator_coalition	=	2,
	}, -- end of [7]
	[8] = 
	{
		weapon_type	=	8914708,
		initiatorPilotName	=	"F-16C_50",
		target_coalition	=	1,
		linked_event_id	=	0,
		targetMissionID	=	"2",
		target_ws_type1	=	1,
		initiator_object_id	=	16777728,
		target	=	"MiG-23MLD",
		target_object_id	=	16777472,
		targetPilotName	=	"MiG-23MLD",
		type	=	"shot",
		target_unit_type	=	"MiG-23MLD",
		t	=	15.446,
		initiator_unit_type	=	"F-16C_50",
		event_id	=	20,
		weapon	=	"AIM-9X",
		initiator_ws_type1	=	1,
		initiatorMissionID	=	"1",
		initiator_coalition	=	2,
	}, -- end of [8]
	[9] = 
	{
		weapon_type	=	6948644,
		initiatorPilotName	=	"F-16C_50",
		target_coalition	=	1,
		linked_event_id	=	0,
		targetMissionID	=	"2",
		target_ws_type1	=	1,
		initiator_object_id	=	16777728,
		target	=	"MiG-23MLD",
		target_object_id	=	16777472,
		targetPilotName	=	"MiG-23MLD",
		type	=	"shot",
		target_unit_type	=	"MiG-23MLD",
		t	=	17.65,
		initiator_unit_type	=	"F-16C_50",
		event_id	=	21,
		weapon	=	"AIM-120C",
		initiator_ws_type1	=	1,
		initiatorMissionID	=	"1",
		initiator_coalition	=	2,
	}, -- end of [9]
	[10] = 
	{
		weapon_type	=	8914708,
		initiatorPilotName	=	"F-16C_50",
		target_coalition	=	1,
		linked_event_id	=	17,
		targetMissionID	=	"2",
		target_ws_type1	=	1,
		initiator_object_id	=	16777728,
		target	=	"MiG-23MLD",
		target_object_id	=	16777472,
		targetPilotName	=	"MiG-23MLD",
		type	=	"hit",
		target_unit_type	=	"MiG-23MLD",
		t	=	19.243,
		initiator_unit_type	=	"F-16C_50",
		event_id	=	22,
		weapon	=	"AIM-9X",
		initiator_ws_type1	=	1,
		initiatorMissionID	=	"1",
		initiator_coalition	=	2,
	}, -- end of [10]
	[11] = 
	{
		weapon_type	=	8914708,
		initiatorPilotName	=	"F-16C_50",
		target_coalition	=	1,
		linked_event_id	=	0,
		targetMissionID	=	"2",
		target_ws_type1	=	1,
		initiator_object_id	=	16777728,
		target	=	"MiG-23MLD",
		target_object_id	=	16777472,
		targetPilotName	=	"MiG-23MLD",
		type	=	"bda",
		target_unit_type	=	"MiG-23MLD",
		t	=	19.243,
		initiator_unit_type	=	"F-16C_50",
		event_id	=	23,
		weapon	=	"AIM-9X",
		initiator_ws_type1	=	1,
		initiatorMissionID	=	"1",
		initiator_coalition	=	2,
	}, -- end of [11]
	[12] = 
	{
		type	=	"ai abort mission",
		initiatorPilotName	=	"MiG-23MLD",
		t	=	19.243,
		initiator_unit_type	=	"MiG-23MLD",
		initiator_object_id	=	16777472,
		linked_event_id	=	0,
		event_id	=	24,
		initiator_coalition	=	1,
		initiator_ws_type1	=	1,
		initiatorMissionID	=	"2",
	}, -- end of [12]
	[13] = 
	{
		initiatorPilotName	=	"MiG-23MLD",
		target_coalition	=	1,
		linked_event_id	=	0,
		targetMissionID	=	"0",
		target_ws_type1	=	1,
		initiator_object_id	=	16777472,
		target	=	"",
		target_object_id	=	33554944,
		targetPilotName	=	"",
		type	=	"eject",
		target_unit_type	=	"",
		t	=	21.261,
		initiator_unit_type	=	"MiG-23MLD",
		event_id	=	25,
		initiator_ws_type1	=	1,
		initiatorMissionID	=	"2",
		initiator_coalition	=	1,
	}, -- end of [13]
	[14] = 
	{
		weapon_type	=	8914708,
		initiatorPilotName	=	"F-16C_50",
		target_coalition	=	1,
		linked_event_id	=	22,
		targetMissionID	=	"2",
		target_ws_type1	=	1,
		initiator_object_id	=	16777728,
		target	=	"MiG-23MLD",
		target_object_id	=	16777472,
		targetPilotName	=	"MiG-23MLD",
		type	=	"kill",
		target_unit_type	=	"MiG-23MLD",
		t	=	21.261,
		initiator_unit_type	=	"F-16C_50",
		event_id	=	26,
		weapon	=	"AIM-9X",
		initiator_ws_type1	=	1,
		initiatorMissionID	=	"1",
		initiator_coalition	=	2,
	}, -- end of [14]
	[15] = 
	{
		type	=	"score",
		initiatorPilotName	=	"F-16C_50",
		t	=	21.261,
		linked_event_id	=	26,
		initiator_unit_type	=	"F-16C_50",
		event_id	=	27,
		initiator_object_id	=	16777728,
		amount	=	30,
		comment	=	"air",
		initiator_coalition	=	2,
		initiator_ws_type1	=	1,
		initiatorMissionID	=	"1",
	}, -- end of [15]
	[16] = 
	{
		initiatorPilotName	=	"",
		target_coalition	=	1,
		linked_event_id	=	0,
		targetMissionID	=	"0",
		target_ws_type1	=	1,
		initiator_object_id	=	16779520,
		target	=	"",
		target_object_id	=	33554944,
		targetPilotName	=	"",
		type	=	"pilot discard chair",
		target_unit_type	=	"",
		t	=	22.341,
		initiator_unit_type	=	"",
		event_id	=	29,
		initiator_ws_type1	=	1,
		initiatorMissionID	=	"0",
		initiator_coalition	=	1,
	}, -- end of [16]
	[17] = 
	{
		weapon_type	=	6948644,
		initiatorPilotName	=	"F-16C_50",
		target_coalition	=	1,
		linked_event_id	=	21,
		targetMissionID	=	"2",
		target_ws_type1	=	1,
		initiator_object_id	=	16777728,
		target	=	"MiG-23MLD",
		target_object_id	=	16777472,
		targetPilotName	=	"MiG-23MLD",
		type	=	"hit",
		target_unit_type	=	"MiG-23MLD",
		t	=	24.63,
		initiator_unit_type	=	"F-16C_50",
		event_id	=	30,
		weapon	=	"AIM-120C",
		initiator_ws_type1	=	1,
		initiatorMissionID	=	"1",
		initiator_coalition	=	2,
	}, -- end of [17]
	[18] = 
	{
		weapon_type	=	6948644,
		initiatorPilotName	=	"F-16C_50",
		target_coalition	=	1,
		linked_event_id	=	0,
		targetMissionID	=	"2",
		target_ws_type1	=	1,
		initiator_object_id	=	16777728,
		target	=	"MiG-23MLD",
		target_object_id	=	16777472,
		targetPilotName	=	"MiG-23MLD",
		type	=	"bda",
		target_unit_type	=	"MiG-23MLD",
		t	=	24.63,
		initiator_unit_type	=	"F-16C_50",
		event_id	=	31,
		weapon	=	"AIM-120C",
		initiator_ws_type1	=	1,
		initiatorMissionID	=	"1",
		initiator_coalition	=	2,
	}, -- end of [18]
	[19] = 
	{
		weapon_type	=	8914708,
		initiatorPilotName	=	"F-16C_50",
		target_coalition	=	2,
		linked_event_id	=	20,
		targetMissionID	=	"0",
		target_ws_type1	=	4,
		initiator_object_id	=	16777728,
		target	=	"AIM_9X",
		target_object_id	=	16778496,
		targetPilotName	=	"AIM_9X",
		type	=	"hit",
		target_unit_type	=	"AIM_9X",
		t	=	34.076,
		initiator_unit_type	=	"F-16C_50",
		event_id	=	32,
		weapon	=	"AIM-9X",
		initiator_ws_type1	=	1,
		initiatorMissionID	=	"1",
		initiator_coalition	=	2,
	}, -- end of [19]
	[20] = 
	{
		type	=	"crash",
		initiatorPilotName	=	"MiG-23MLD",
		t	=	34.341,
		initiator_unit_type	=	"MiG-23MLD",
		initiator_object_id	=	16777472,
		linked_event_id	=	0,
		event_id	=	33,
		initiator_coalition	=	1,
		initiator_ws_type1	=	1,
		initiatorMissionID	=	"2",
	}, -- end of [20]
	[21] = 
	{
		type	=	"failure",
		initiatorPilotName	=	"F-16C_50",
		t	=	36.56,
		failure	=	"AN_ALR56_FAILURE_SENSOR_NOSE_RIGHT",
		initiator_unit_type	=	"F-16C_50",
		linked_event_id	=	0,
		initiator_object_id	=	16777728,
		event_id	=	34,
		failureDisplayName	=	"AN/ALR-56 sensor nose right",
		initiator_coalition	=	2,
		initiator_ws_type1	=	1,
		initiatorMissionID	=	"1",
	}, -- end of [21]
	[22] = 
	{
		type	=	"failure",
		initiatorPilotName	=	"F-16C_50",
		t	=	36.56,
		failure	=	"AN_ALR56_FAILURE_SENSOR_NOSE_LEFT",
		initiator_unit_type	=	"F-16C_50",
		linked_event_id	=	0,
		initiator_object_id	=	16777728,
		event_id	=	35,
		failureDisplayName	=	"AN/ALR-56 sensor tail right",
		initiator_coalition	=	2,
		initiator_ws_type1	=	1,
		initiatorMissionID	=	"1",
	}, -- end of [22]
	[23] = 
	{
		type	=	"pilot dead",
		initiatorPilotName	=	"F-16C_50",
		t	=	36.58,
		initiator_unit_type	=	"F-16C_50",
		initiator_object_id	=	16777728,
		linked_event_id	=	0,
		event_id	=	36,
		initiator_coalition	=	2,
		initiator_ws_type1	=	1,
		initiatorMissionID	=	"1",
	}, -- end of [23]
	[24] = 
	{
		type	=	"failure",
		initiatorPilotName	=	"F-16C_50",
		t	=	36.58,
		failure	=	"AN_ALE_47_FAILURE_TOTAL",
		initiator_unit_type	=	"F-16C_50",
		linked_event_id	=	0,
		initiator_object_id	=	16777728,
		event_id	=	38,
		failureDisplayName	=	"AN/ALE-47 total failure",
		initiator_coalition	=	2,
		initiator_ws_type1	=	1,
		initiatorMissionID	=	"1",
	}, -- end of [24]
	[25] = 
	{
		type	=	"failure",
		initiatorPilotName	=	"F-16C_50",
		t	=	36.58,
		failure	=	"UHF_RADIO_FAILURE_ANTENNA_LOWER",
		initiator_unit_type	=	"F-16C_50",
		linked_event_id	=	0,
		initiator_object_id	=	16777728,
		event_id	=	39,
		failureDisplayName	=	"UHF radio lower antenna failure",
		initiator_coalition	=	2,
		initiator_ws_type1	=	1,
		initiatorMissionID	=	"1",
	}, -- end of [25]
	[26] = 
	{
		type	=	"failure",
		initiatorPilotName	=	"F-16C_50",
		t	=	36.58,
		failure	=	"UHF_RADIO_FAILURE_ANTENNA_LOWER",
		initiator_unit_type	=	"F-16C_50",
		linked_event_id	=	0,
		initiator_object_id	=	16777728,
		event_id	=	40,
		failureDisplayName	=	"UHF radio lower antenna failure",
		initiator_coalition	=	2,
		initiator_ws_type1	=	1,
		initiatorMissionID	=	"1",
	}, -- end of [26]
	[27] = 
	{
		type	=	"failure",
		initiatorPilotName	=	"F-16C_50",
		t	=	36.58,
		failure	=	"TGP_DESTROYED",
		initiator_unit_type	=	"F-16C_50",
		linked_event_id	=	0,
		initiator_object_id	=	16777728,
		event_id	=	41,
		failureDisplayName	=	"TGP destroyed",
		initiator_coalition	=	2,
		initiator_ws_type1	=	1,
		initiatorMissionID	=	"1",
	}, -- end of [27]
	[28] = 
	{
		type	=	"failure",
		initiatorPilotName	=	"F-16C_50",
		t	=	36.58,
		failure	=	"HTS_DESTROYED",
		initiator_unit_type	=	"F-16C_50",
		linked_event_id	=	0,
		initiator_object_id	=	16777728,
		event_id	=	42,
		failureDisplayName	=	"HTS destroyed",
		initiator_coalition	=	2,
		initiator_ws_type1	=	1,
		initiatorMissionID	=	"1",
	}, -- end of [28]
	[29] = 
	{
		type	=	"crash",
		initiatorPilotName	=	"F-16C_50",
		t	=	36.614,
		initiator_unit_type	=	"F-16C_50",
		initiator_object_id	=	16777728,
		linked_event_id	=	0,
		event_id	=	43,
		initiator_coalition	=	2,
		initiator_ws_type1	=	1,
		initiatorMissionID	=	"1",
	}, -- end of [29]
	[30] = 
	{
		type	=	"mission end",
		comment	=	"winner: , msg: ",
		t	=	42.397,
		linked_event_id	=	0,
		event_id	=	45,
	}, -- end of [30]
} -- end of events
